<?xml version="1.0" encoding="UTF-8"?>
<coverage generated="1599761791241" clover="3.2.0">
  <project timestamp="1599761791242" name="All files">
    <metrics statements="14996" coveredstatements="6455" conditionals="5258" coveredconditionals="944" methods="4515" coveredmethods="1481" elements="24769" coveredelements="8880" complexity="0" loc="14996" ncloc="14996" packages="209" files="374" classes="374"/>
    <package name="src">
      <metrics statements="13" coveredstatements="7" conditionals="8" coveredconditionals="4" methods="2" coveredmethods="0"/>
      <file name="main.ts" path="/Users/pavelterenin/workspace/rhea-ui/src/main.ts">
        <metrics statements="4" coveredstatements="2" conditionals="2" coveredconditionals="1" methods="1" coveredmethods="0"/>
        <line num="7" count="96" type="cond" truecount="1" falsecount="1"/>
        <line num="8" count="0" type="stmt"/>
        <line num="11" count="96" type="stmt"/>
        <line num="12" count="0" type="stmt"/>
      </file>
      <file name="polyfills.ts" path="/Users/pavelterenin/workspace/rhea-ui/src/polyfills.ts">
        <metrics statements="9" coveredstatements="5" conditionals="6" coveredconditionals="3" methods="1" coveredmethods="0"/>
        <line num="63" count="96" type="stmt"/>
        <line num="64" count="96" type="stmt"/>
        <line num="65" count="96" type="stmt"/>
        <line num="71" count="96" type="stmt"/>
        <line num="83" count="96" type="cond" truecount="3" falsecount="1"/>
        <line num="84" count="0" type="stmt"/>
        <line num="85" count="0" type="cond" truecount="0" falsecount="2"/>
        <line num="86" count="0" type="stmt"/>
        <line num="87" count="0" type="stmt"/>
      </file>
    </package>
    <package name="src.app">
      <metrics statements="122" coveredstatements="101" conditionals="29" coveredconditionals="13" methods="29" coveredmethods="25"/>
      <file name="app-routing.model.ts" path="/Users/pavelterenin/workspace/rhea-ui/src/app/app-routing.model.ts">
        <metrics statements="8" coveredstatements="5" conditionals="3" coveredconditionals="0" methods="1" coveredmethods="1"/>
        <line num="3" count="96" type="stmt"/>
        <line num="16" count="96" type="stmt"/>
        <line num="24" count="96" type="stmt"/>
        <line num="42" count="96" type="stmt"/>
        <line num="43" count="114" type="stmt"/>
        <line num="45" count="0" type="stmt"/>
        <line num="47" count="0" type="stmt"/>
        <line num="49" count="0" type="stmt"/>
      </file>
      <file name="app-routing.module.ts" path="/Users/pavelterenin/workspace/rhea-ui/src/app/app-routing.module.ts">
        <metrics statements="2" coveredstatements="2" conditionals="0" coveredconditionals="0" methods="1" coveredmethods="1"/>
        <line num="8" count="96" type="stmt"/>
        <line num="93" count="96" type="stmt"/>
      </file>
      <file name="app.component.ts" path="/Users/pavelterenin/workspace/rhea-ui/src/app/app.component.ts">
        <metrics statements="101" coveredstatements="83" conditionals="26" coveredconditionals="13" methods="25" coveredmethods="21"/>
        <line num="29" count="96" type="stmt"/>
        <line num="71" count="79" type="stmt"/>
        <line num="72" count="79" type="stmt"/>
        <line num="73" count="79" type="stmt"/>
        <line num="74" count="79" type="stmt"/>
        <line num="75" count="79" type="stmt"/>
        <line num="76" count="79" type="stmt"/>
        <line num="77" count="79" type="stmt"/>
        <line num="78" count="79" type="stmt"/>
        <line num="79" count="79" type="stmt"/>
        <line num="80" count="79" type="stmt"/>
        <line num="81" count="79" type="stmt"/>
        <line num="82" count="79" type="stmt"/>
        <line num="83" count="79" type="stmt"/>
        <line num="84" count="79" type="stmt"/>
        <line num="85" count="79" type="stmt"/>
        <line num="87" count="79" type="stmt"/>
        <line num="88" count="79" type="stmt"/>
        <line num="89" count="79" type="stmt"/>
        <line num="90" count="79" type="stmt"/>
        <line num="91" count="79" type="stmt"/>
        <line num="92" count="79" type="stmt"/>
        <line num="94" count="79" type="stmt"/>
        <line num="97" count="79" type="stmt"/>
        <line num="98" count="79" type="stmt"/>
        <line num="99" count="79" type="stmt"/>
        <line num="103" count="79" type="stmt"/>
        <line num="104" count="79" type="stmt"/>
        <line num="105" count="79" type="stmt"/>
        <line num="108" count="79" type="stmt"/>
        <line num="114" count="96" type="stmt"/>
        <line num="115" count="79" type="stmt"/>
        <line num="118" count="96" type="stmt"/>
        <line num="119" count="79" type="stmt"/>
        <line num="120" count="79" type="stmt"/>
        <line num="121" count="79" type="stmt"/>
        <line num="124" count="79" type="stmt"/>
        <line num="133" count="96" type="stmt"/>
        <line num="135" count="79" type="stmt"/>
        <line num="137" count="3435" type="stmt"/>
        <line num="138" count="114" type="stmt"/>
        <line num="140" count="114" type="stmt"/>
        <line num="141" count="570" type="stmt"/>
        <line num="143" count="114" type="stmt"/>
        <line num="145" count="114" type="stmt"/>
        <line num="146" count="114" type="stmt"/>
        <line num="149" count="114" type="stmt"/>
        <line num="150" count="114" type="stmt"/>
        <line num="151" count="114" type="stmt"/>
        <line num="152" count="114" type="stmt"/>
        <line num="153" count="114" type="stmt"/>
        <line num="154" count="114" type="stmt"/>
        <line num="155" count="114" type="stmt"/>
        <line num="156" count="114" type="stmt"/>
        <line num="157" count="114" type="stmt"/>
        <line num="159" count="114" type="cond" truecount="1" falsecount="1"/>
        <line num="160" count="0" type="stmt"/>
        <line num="163" count="114" type="cond" truecount="2" falsecount="0"/>
        <line num="164" count="1" type="stmt"/>
        <line num="167" count="114" type="cond" truecount="2" falsecount="0"/>
        <line num="168" count="35" type="stmt"/>
        <line num="173" count="96" type="stmt"/>
        <line num="174" count="114" type="cond" truecount="1" falsecount="1"/>
        <line num="175" count="114" type="stmt"/>
        <line num="177" count="0" type="stmt"/>
        <line num="179" count="0" type="cond" truecount="0" falsecount="2"/>
        <line num="180" count="0" type="stmt"/>
        <line num="181" count="0" type="stmt"/>
        <line num="182" count="0" type="stmt"/>
        <line num="184" count="0" type="cond" truecount="0" falsecount="2"/>
        <line num="187" count="0" type="cond" truecount="0" falsecount="2"/>
        <line num="188" count="0" type="stmt"/>
        <line num="191" count="0" type="stmt"/>
        <line num="195" count="96" type="stmt"/>
        <line num="196" count="1" type="cond" truecount="1" falsecount="1"/>
        <line num="197" count="1" type="stmt"/>
        <line num="198" count="0" type="stmt"/>
        <line num="203" count="96" type="stmt"/>
        <line num="204" count="79" type="stmt"/>
        <line num="205" count="79" type="cond" truecount="2" falsecount="0"/>
        <line num="206" count="79" type="stmt"/>
        <line num="209" count="79" type="stmt"/>
        <line num="212" count="96" type="stmt"/>
        <line num="213" count="79" type="stmt"/>
        <line num="217" count="79" type="stmt"/>
        <line num="218" count="79" type="stmt"/>
        <line num="220" count="79" type="cond" truecount="1" falsecount="1"/>
        <line num="221" count="0" type="stmt"/>
        <line num="222" count="0" type="stmt"/>
        <line num="225" count="79" type="stmt"/>
        <line num="229" count="0" type="cond" truecount="0" falsecount="2"/>
        <line num="230" count="0" type="stmt"/>
        <line num="231" count="0" type="stmt"/>
        <line num="233" count="0" type="stmt"/>
        <line num="239" count="96" type="stmt"/>
        <line num="240" count="79" type="stmt"/>
        <line num="241" count="632" type="stmt"/>
        <line num="243" count="79" type="cond" truecount="1" falsecount="1"/>
        <line num="244" count="79" type="stmt"/>
        <line num="246" count="0" type="stmt"/>
        <line num="249" count="96" type="stmt"/>
      </file>
      <file name="app.constants.ts" path="/Users/pavelterenin/workspace/rhea-ui/src/app/app.constants.ts">
        <metrics statements="8" coveredstatements="8" conditionals="0" coveredconditionals="0" methods="0" coveredmethods="0"/>
        <line num="2" count="96" type="stmt"/>
        <line num="5" count="96" type="stmt"/>
        <line num="17" count="96" type="stmt"/>
        <line num="21" count="96" type="stmt"/>
        <line num="36" count="96" type="stmt"/>
        <line num="43" count="96" type="stmt"/>
        <line num="48" count="96" type="stmt"/>
        <line num="61" count="96" type="stmt"/>
      </file>
      <file name="app.model.ts" path="/Users/pavelterenin/workspace/rhea-ui/src/app/app.model.ts">
        <metrics statements="1" coveredstatements="1" conditionals="0" coveredconditionals="0" methods="0" coveredmethods="0"/>
        <line num="1" count="79" type="stmt"/>
      </file>
      <file name="app.module.ts" path="/Users/pavelterenin/workspace/rhea-ui/src/app/app.module.ts">
        <metrics statements="2" coveredstatements="2" conditionals="0" coveredconditionals="0" methods="2" coveredmethods="2"/>
        <line num="40" count="79" type="stmt"/>
        <line num="85" count="96" type="stmt"/>
      </file>
    </package>
    <package name="src.app.business-processes">
      <metrics statements="4" coveredstatements="4" conditionals="0" coveredconditionals="0" methods="3" coveredmethods="3"/>
      <file name="business-processes-routing.module.ts" path="/Users/pavelterenin/workspace/rhea-ui/src/app/business-processes/business-processes-routing.module.ts">
        <metrics statements="2" coveredstatements="2" conditionals="0" coveredconditionals="0" methods="1" coveredmethods="1"/>
        <line num="8" count="79" type="stmt"/>
        <line num="95" count="79" type="stmt"/>
      </file>
      <file name="business-processes.component.ts" path="/Users/pavelterenin/workspace/rhea-ui/src/app/business-processes/business-processes.component.ts">
        <metrics statements="1" coveredstatements="1" conditionals="0" coveredconditionals="0" methods="1" coveredmethods="1"/>
        <line num="15" count="79" type="stmt"/>
      </file>
      <file name="business-processes.module.ts" path="/Users/pavelterenin/workspace/rhea-ui/src/app/business-processes/business-processes.module.ts">
        <metrics statements="1" coveredstatements="1" conditionals="0" coveredconditionals="0" methods="1" coveredmethods="1"/>
        <line num="50" count="79" type="stmt"/>
      </file>
    </package>
    <package name="src.app.business-processes.all-bp">
      <metrics statements="26" coveredstatements="6" conditionals="4" coveredconditionals="0" methods="11" coveredmethods="1"/>
      <file name="all-business-processes.component.ts" path="/Users/pavelterenin/workspace/rhea-ui/src/app/business-processes/all-bp/all-business-processes.component.ts">
        <metrics statements="26" coveredstatements="6" conditionals="4" coveredconditionals="0" methods="11" coveredmethods="1"/>
        <line num="19" count="79" type="stmt"/>
        <line num="21" count="0" type="stmt"/>
        <line num="25" count="0" type="stmt"/>
        <line num="26" count="0" type="stmt"/>
        <line num="27" count="0" type="stmt"/>
        <line num="28" count="0" type="stmt"/>
        <line num="30" count="0" type="stmt"/>
        <line num="33" count="79" type="stmt"/>
        <line num="35" count="79" type="stmt"/>
        <line num="36" count="0" type="stmt"/>
        <line num="37" count="0" type="stmt"/>
        <line num="40" count="79" type="stmt"/>
        <line num="41" count="0" type="stmt"/>
        <line num="42" count="0" type="stmt"/>
        <line num="45" count="0" type="stmt"/>
        <line num="49" count="79" type="stmt"/>
        <line num="50" count="0" type="stmt"/>
        <line num="54" count="0" type="stmt"/>
        <line num="57" count="0" type="stmt"/>
        <line num="58" count="0" type="stmt"/>
        <line num="62" count="0" type="cond" truecount="0" falsecount="2"/>
        <line num="63" count="0" type="cond" truecount="0" falsecount="2"/>
        <line num="64" count="0" type="stmt"/>
        <line num="66" count="0" type="stmt"/>
        <line num="69" count="0" type="stmt"/>
        <line num="73" count="79" type="stmt"/>
      </file>
    </package>
    <package name="src.app.business-processes.business-process-wizard">
      <metrics statements="18" coveredstatements="15" conditionals="0" coveredconditionals="0" methods="10" coveredmethods="8"/>
      <file name="business-process-wizard-routing.module.ts" path="/Users/pavelterenin/workspace/rhea-ui/src/app/business-processes/business-process-wizard/business-process-wizard-routing.module.ts">
        <metrics statements="2" coveredstatements="2" conditionals="0" coveredconditionals="0" methods="1" coveredmethods="1"/>
        <line num="8" count="18" type="stmt"/>
        <line num="41" count="18" type="stmt"/>
      </file>
      <file name="business-process-wizard.component.ts" path="/Users/pavelterenin/workspace/rhea-ui/src/app/business-processes/business-process-wizard/business-process-wizard.component.ts">
        <metrics statements="12" coveredstatements="9" conditionals="0" coveredconditionals="0" methods="6" coveredmethods="4"/>
        <line num="9" count="18" type="stmt"/>
        <line num="12" count="18" type="stmt"/>
        <line num="13" count="18" type="stmt"/>
        <line num="16" count="18" type="stmt"/>
        <line num="17" count="0" type="stmt"/>
        <line num="20" count="18" type="stmt"/>
        <line num="21" count="18" type="stmt"/>
        <line num="22" count="18" type="stmt"/>
        <line num="25" count="18" type="stmt"/>
        <line num="26" count="0" type="stmt"/>
        <line num="27" count="0" type="stmt"/>
        <line num="29" count="18" type="stmt"/>
      </file>
      <file name="business-process-wizard.module.ts" path="/Users/pavelterenin/workspace/rhea-ui/src/app/business-processes/business-process-wizard/business-process-wizard.module.ts">
        <metrics statements="1" coveredstatements="1" conditionals="0" coveredconditionals="0" methods="1" coveredmethods="1"/>
        <line num="146" count="18" type="stmt"/>
      </file>
      <file name="business-process-wizard.service.ts" path="/Users/pavelterenin/workspace/rhea-ui/src/app/business-processes/business-process-wizard/business-process-wizard.service.ts">
        <metrics statements="3" coveredstatements="3" conditionals="0" coveredconditionals="0" methods="2" coveredmethods="2"/>
        <line num="7" count="79" type="stmt"/>
        <line num="11" count="25" type="stmt"/>
        <line num="13" count="79" type="stmt"/>
      </file>
    </package>
    <package name="src.app.business-processes.business-process-wizard.details">
      <metrics statements="53" coveredstatements="38" conditionals="14" coveredconditionals="3" methods="17" coveredmethods="12"/>
      <file name="details.component.ts" path="/Users/pavelterenin/workspace/rhea-ui/src/app/business-processes/business-process-wizard/details/details.component.ts">
        <metrics statements="53" coveredstatements="38" conditionals="14" coveredconditionals="3" methods="17" coveredmethods="12"/>
        <line num="39" count="18" type="stmt"/>
        <line num="49" count="17" type="stmt"/>
        <line num="51" count="17" type="stmt"/>
        <line num="54" count="17" type="stmt"/>
        <line num="55" count="17" type="stmt"/>
        <line num="57" count="17" type="stmt"/>
        <line num="58" count="17" type="stmt"/>
        <line num="59" count="17" type="stmt"/>
        <line num="60" count="17" type="stmt"/>
        <line num="61" count="17" type="stmt"/>
        <line num="62" count="17" type="stmt"/>
        <line num="63" count="17" type="stmt"/>
        <line num="65" count="17" type="stmt"/>
        <line num="66" count="17" type="stmt"/>
        <line num="72" count="18" type="stmt"/>
        <line num="73" count="17" type="stmt"/>
        <line num="76" count="18" type="stmt"/>
        <line num="78" count="17" type="stmt"/>
        <line num="81" count="16" type="cond" truecount="1" falsecount="1"/>
        <line num="82" count="0" type="stmt"/>
        <line num="91" count="18" type="stmt"/>
        <line num="93" count="17" type="stmt"/>
        <line num="94" count="17" type="stmt"/>
        <line num="97" count="16" type="stmt"/>
        <line num="98" count="16" type="stmt"/>
        <line num="102" count="18" type="stmt"/>
        <line num="103" count="16" type="stmt"/>
        <line num="104" count="16" type="stmt"/>
        <line num="107" count="16" type="stmt"/>
        <line num="111" count="18" type="stmt"/>
        <line num="112" count="2496" type="cond" truecount="1" falsecount="1"/>
        <line num="113" count="0" type="stmt"/>
        <line num="118" count="18" type="stmt"/>
        <line num="119" count="2523" type="stmt"/>
        <line num="120" count="2523" type="cond" truecount="1" falsecount="1"/>
        <line num="123" count="18" type="stmt"/>
        <line num="124" count="0" type="cond" truecount="0" falsecount="4"/>
        <line num="125" count="0" type="cond" truecount="0" falsecount="2"/>
        <line num="126" count="0" type="stmt"/>
        <line num="128" count="0" type="stmt"/>
        <line num="130" count="0" type="stmt"/>
        <line num="131" count="0" type="stmt"/>
        <line num="132" count="0" type="stmt"/>
        <line num="136" count="18" type="stmt"/>
        <line num="137" count="0" type="stmt"/>
        <line num="138" count="0" type="stmt"/>
        <line num="141" count="0" type="stmt"/>
        <line num="142" count="0" type="cond" truecount="0" falsecount="2"/>
        <line num="143" count="0" type="stmt"/>
        <line num="154" count="18" type="stmt"/>
        <line num="155" count="0" type="stmt"/>
        <line num="160" count="18" type="stmt"/>
        <line num="161" count="18" type="stmt"/>
      </file>
    </package>
    <package name="src.app.business-processes.business-process-wizard.shared.components.business-process-detail">
      <metrics statements="35" coveredstatements="30" conditionals="26" coveredconditionals="16" methods="10" coveredmethods="7"/>
      <file name="business-process-detail.component.ts" path="/Users/pavelterenin/workspace/rhea-ui/src/app/business-processes/business-process-wizard/shared/components/business-process-detail/business-process-detail.component.ts">
        <metrics statements="35" coveredstatements="30" conditionals="26" coveredconditionals="16" methods="10" coveredmethods="7"/>
        <line num="20" count="18" type="stmt"/>
        <line num="23" count="18" type="stmt"/>
        <line num="24" count="18" type="stmt"/>
        <line num="26" count="18" type="stmt"/>
        <line num="29" count="18" type="stmt"/>
        <line num="38" count="17" type="stmt"/>
        <line num="40" count="18" type="stmt"/>
        <line num="41" count="17" type="stmt"/>
        <line num="42" count="17" type="stmt"/>
        <line num="43" count="17" type="stmt"/>
        <line num="44" count="33" type="cond" truecount="2" falsecount="0"/>
        <line num="45" count="16" type="stmt"/>
        <line num="46" count="16" type="stmt"/>
        <line num="51" count="33" type="stmt"/>
        <line num="52" count="33" type="stmt"/>
        <line num="68" count="33" type="stmt"/>
        <line num="69" count="2523" type="stmt"/>
        <line num="70" count="2523" type="cond" truecount="2" falsecount="0"/>
        <line num="71" count="2496" type="stmt"/>
        <line num="74" count="33" type="stmt"/>
        <line num="80" count="18" type="stmt"/>
        <line num="81" count="0" type="cond" truecount="0" falsecount="2"/>
        <line num="82" count="0" type="cond" truecount="0" falsecount="2"/>
        <line num="86" count="18" type="stmt"/>
        <line num="87" count="0" type="cond" truecount="0" falsecount="4"/>
        <line num="88" count="0" type="stmt"/>
        <line num="92" count="18" type="stmt"/>
        <line num="93" count="2496" type="cond" truecount="1" falsecount="1"/>
        <line num="94" count="0" type="stmt"/>
        <line num="96" count="2496" type="stmt"/>
        <line num="98" count="2496" type="stmt"/>
        <line num="99" count="2496" type="stmt"/>
        <line num="100" count="2496" type="stmt"/>
        <line num="101" count="2496" type="stmt"/>
        <line num="103" count="18" type="stmt"/>
      </file>
    </package>
    <package name="src.app.business-processes.business-process-wizard.shared.components.business-process-wizard-footer">
      <metrics statements="26" coveredstatements="23" conditionals="0" coveredconditionals="0" methods="6" coveredmethods="3"/>
      <file name="business-process-wizard-footer.component.ts" path="/Users/pavelterenin/workspace/rhea-ui/src/app/business-processes/business-process-wizard/shared/components/business-process-wizard-footer/business-process-wizard-footer.component.ts">
        <metrics statements="26" coveredstatements="23" conditionals="0" coveredconditionals="0" methods="6" coveredmethods="3"/>
        <line num="16" count="79" type="stmt"/>
        <line num="17" count="79" type="stmt"/>
        <line num="20" count="79" type="stmt"/>
        <line num="21" count="79" type="stmt"/>
        <line num="22" count="79" type="stmt"/>
        <line num="24" count="79" type="stmt"/>
        <line num="25" count="79" type="stmt"/>
        <line num="26" count="79" type="stmt"/>
        <line num="28" count="79" type="stmt"/>
        <line num="29" count="79" type="stmt"/>
        <line num="30" count="79" type="stmt"/>
        <line num="32" count="18" type="stmt"/>
        <line num="33" count="18" type="stmt"/>
        <line num="34" count="18" type="stmt"/>
        <line num="35" count="18" type="stmt"/>
        <line num="36" count="18" type="stmt"/>
        <line num="37" count="18" type="stmt"/>
        <line num="38" count="18" type="stmt"/>
        <line num="41" count="79" type="stmt"/>
        <line num="43" count="79" type="stmt"/>
        <line num="44" count="0" type="stmt"/>
        <line num="47" count="79" type="stmt"/>
        <line num="48" count="0" type="stmt"/>
        <line num="51" count="79" type="stmt"/>
        <line num="52" count="0" type="stmt"/>
        <line num="54" count="79" type="stmt"/>
      </file>
    </package>
    <package name="src.app.business-processes.business-process-wizard.shared.components.business-process-wizard-header">
      <metrics statements="119" coveredstatements="92" conditionals="18" coveredconditionals="6" methods="36" coveredmethods="23"/>
      <file name="business-process-wizard-header.component.ts" path="/Users/pavelterenin/workspace/rhea-ui/src/app/business-processes/business-process-wizard/shared/components/business-process-wizard-header/business-process-wizard-header.component.ts">
        <metrics statements="118" coveredstatements="91" conditionals="18" coveredconditionals="6" methods="35" coveredmethods="22"/>
        <line num="30" count="79" type="stmt"/>
        <line num="53" count="79" type="stmt"/>
        <line num="54" count="79" type="stmt"/>
        <line num="57" count="79" type="stmt"/>
        <line num="58" count="79" type="stmt"/>
        <line num="69" count="79" type="stmt"/>
        <line num="70" count="79" type="stmt"/>
        <line num="71" count="79" type="stmt"/>
        <line num="72" count="79" type="stmt"/>
        <line num="80" count="26" type="stmt"/>
        <line num="81" count="26" type="stmt"/>
        <line num="82" count="26" type="stmt"/>
        <line num="83" count="26" type="stmt"/>
        <line num="84" count="26" type="stmt"/>
        <line num="94" count="26" type="stmt"/>
        <line num="95" count="26" type="stmt"/>
        <line num="96" count="26" type="stmt"/>
        <line num="97" count="26" type="stmt"/>
        <line num="98" count="26" type="stmt"/>
        <line num="99" count="26" type="stmt"/>
        <line num="100" count="26" type="stmt"/>
        <line num="101" count="26" type="stmt"/>
        <line num="102" count="26" type="stmt"/>
        <line num="103" count="26" type="stmt"/>
        <line num="104" count="26" type="stmt"/>
        <line num="106" count="26" type="stmt"/>
        <line num="107" count="26" type="stmt"/>
        <line num="108" count="26" type="stmt"/>
        <line num="109" count="26" type="stmt"/>
        <line num="110" count="26" type="stmt"/>
        <line num="115" count="79" type="stmt"/>
        <line num="116" count="26" type="stmt"/>
        <line num="117" count="26" type="stmt"/>
        <line num="118" count="26" type="stmt"/>
        <line num="120" count="51" type="stmt"/>
        <line num="125" count="26" type="stmt"/>
        <line num="127" count="26" type="stmt"/>
        <line num="131" count="26" type="stmt"/>
        <line num="132" count="26" type="stmt"/>
        <line num="133" count="26" type="stmt"/>
        <line num="136" count="79" type="stmt"/>
        <line num="138" count="79" type="stmt"/>
        <line num="139" count="26" type="stmt"/>
        <line num="140" count="26" type="stmt"/>
        <line num="143" count="25" type="stmt"/>
        <line num="149" count="79" type="stmt"/>
        <line num="150" count="0" type="stmt"/>
        <line num="153" count="79" type="stmt"/>
        <line num="155" count="12" type="stmt"/>
        <line num="157" count="12" type="cond" truecount="1" falsecount="1"/>
        <line num="158" count="12" type="stmt"/>
        <line num="161" count="12" type="cond" truecount="1" falsecount="1"/>
        <line num="162" count="0" type="stmt"/>
        <line num="170" count="79" type="stmt"/>
        <line num="171" count="26" type="stmt"/>
        <line num="172" count="26" type="stmt"/>
        <line num="175" count="25" type="stmt"/>
        <line num="177" count="26" type="stmt"/>
        <line num="180" count="79" type="stmt"/>
        <line num="181" count="26" type="cond" truecount="1" falsecount="1"/>
        <line num="182" count="26" type="stmt"/>
        <line num="183" count="26" type="stmt"/>
        <line num="186" count="25" type="stmt"/>
        <line num="191" count="79" type="stmt"/>
        <line num="192" count="12" type="stmt"/>
        <line num="193" count="12" type="stmt"/>
        <line num="194" count="12" type="stmt"/>
        <line num="196" count="12" type="stmt"/>
        <line num="197" count="12" type="stmt"/>
        <line num="200" count="0" type="stmt"/>
        <line num="201" count="0" type="stmt"/>
        <line num="206" count="79" type="stmt"/>
        <line num="207" count="12" type="stmt"/>
        <line num="210" count="79" type="stmt"/>
        <line num="211" count="0" type="cond" truecount="0" falsecount="4"/>
        <line num="212" count="0" type="stmt"/>
        <line num="215" count="0" type="stmt"/>
        <line num="224" count="79" type="stmt"/>
        <line num="225" count="0" type="cond" truecount="0" falsecount="2"/>
        <line num="226" count="0" type="stmt"/>
        <line num="232" count="79" type="stmt"/>
        <line num="233" count="26" type="stmt"/>
        <line num="234" count="26" type="stmt"/>
        <line num="235" count="26" type="stmt"/>
        <line num="239" count="25" type="stmt"/>
        <line num="240" count="25" type="stmt"/>
        <line num="242" count="25" type="stmt"/>
        <line num="243" count="25" type="stmt"/>
        <line num="244" count="25" type="stmt"/>
        <line num="247" count="0" type="stmt"/>
        <line num="248" count="0" type="stmt"/>
        <line num="253" count="79" type="stmt"/>
        <line num="254" count="0" type="stmt"/>
        <line num="255" count="0" type="stmt"/>
        <line num="256" count="0" type="stmt"/>
        <line num="257" count="0" type="stmt"/>
        <line num="261" count="0" type="stmt"/>
        <line num="264" count="0" type="stmt"/>
        <line num="265" count="0" type="stmt"/>
        <line num="273" count="79" type="stmt"/>
        <line num="274" count="26" type="cond" truecount="1" falsecount="1"/>
        <line num="275" count="26" type="stmt"/>
        <line num="276" count="26" type="stmt"/>
        <line num="279" count="25" type="stmt"/>
        <line num="284" count="79" type="stmt"/>
        <line num="285" count="0" type="stmt"/>
        <line num="286" count="0" type="stmt"/>
        <line num="287" count="0" type="stmt"/>
        <line num="289" count="0" type="stmt"/>
        <line num="290" count="0" type="stmt"/>
        <line num="293" count="0" type="stmt"/>
        <line num="294" count="0" type="stmt"/>
        <line num="299" count="79" type="stmt"/>
        <line num="300" count="0" type="stmt"/>
        <line num="303" count="79" type="stmt"/>
        <line num="304" count="25" type="stmt"/>
        <line num="306" count="0" type="stmt"/>
        <line num="312" count="79" type="stmt"/>
      </file>
      <file name="business-process-wizard-header.module.ts" path="/Users/pavelterenin/workspace/rhea-ui/src/app/business-processes/business-process-wizard/shared/components/business-process-wizard-header/business-process-wizard-header.module.ts">
        <metrics statements="1" coveredstatements="1" conditionals="0" coveredconditionals="0" methods="1" coveredmethods="1"/>
        <line num="49" count="79" type="stmt"/>
      </file>
    </package>
    <package name="src.app.business-processes.business-process-wizard.shared.components.custom-icon-maximize">
      <metrics statements="3" coveredstatements="3" conditionals="0" coveredconditionals="0" methods="3" coveredmethods="3"/>
      <file name="custom-icon-maximize.component.ts" path="/Users/pavelterenin/workspace/rhea-ui/src/app/business-processes/business-process-wizard/shared/components/custom-icon-maximize/custom-icon-maximize.component.ts">
        <metrics statements="3" coveredstatements="3" conditionals="0" coveredconditionals="0" methods="3" coveredmethods="3"/>
        <line num="8" count="18" type="stmt"/>
        <line num="11" count="18" type="stmt"/>
        <line num="12" count="18" type="stmt"/>
      </file>
    </package>
    <package name="src.app.business-processes.business-process-wizard.shared.components.custom-icon-minimize">
      <metrics statements="3" coveredstatements="3" conditionals="0" coveredconditionals="0" methods="3" coveredmethods="1"/>
      <file name="custom-icon-minimize.component.ts" path="/Users/pavelterenin/workspace/rhea-ui/src/app/business-processes/business-process-wizard/shared/components/custom-icon-minimize/custom-icon-minimize.component.ts">
        <metrics statements="3" coveredstatements="3" conditionals="0" coveredconditionals="0" methods="3" coveredmethods="1"/>
        <line num="8" count="18" type="stmt"/>
        <line num="11" count="18" type="stmt"/>
        <line num="12" count="18" type="stmt"/>
      </file>
    </package>
    <package name="src.app.business-processes.business-process-wizard.shared.components.modals">
      <metrics statements="1" coveredstatements="1" conditionals="0" coveredconditionals="0" methods="1" coveredmethods="1"/>
      <file name="modals.module.ts" path="/Users/pavelterenin/workspace/rhea-ui/src/app/business-processes/business-process-wizard/shared/components/modals/modals.module.ts">
        <metrics statements="1" coveredstatements="1" conditionals="0" coveredconditionals="0" methods="1" coveredmethods="1"/>
        <line num="33" count="96" type="stmt"/>
      </file>
    </package>
    <package name="src.app.business-processes.business-process-wizard.shared.components.modals.modal-confirmation-basic">
      <metrics statements="30" coveredstatements="16" conditionals="2" coveredconditionals="0" methods="5" coveredmethods="1"/>
      <file name="modal-confirmation-basic.component.ts" path="/Users/pavelterenin/workspace/rhea-ui/src/app/business-processes/business-process-wizard/shared/components/modals/modal-confirmation-basic/modal-confirmation-basic.component.ts">
        <metrics statements="30" coveredstatements="16" conditionals="2" coveredconditionals="0" methods="5" coveredmethods="1"/>
        <line num="17" count="96" type="stmt"/>
        <line num="18" count="96" type="stmt"/>
        <line num="19" count="96" type="stmt"/>
        <line num="20" count="96" type="stmt"/>
        <line num="21" count="96" type="stmt"/>
        <line num="22" count="96" type="stmt"/>
        <line num="23" count="96" type="stmt"/>
        <line num="24" count="96" type="stmt"/>
        <line num="25" count="96" type="stmt"/>
        <line num="27" count="96" type="stmt"/>
        <line num="29" count="96" type="stmt"/>
        <line num="30" count="96" type="stmt"/>
        <line num="32" count="0" type="stmt"/>
        <line num="33" count="0" type="stmt"/>
        <line num="34" count="0" type="stmt"/>
        <line num="35" count="0" type="stmt"/>
        <line num="36" count="0" type="stmt"/>
        <line num="37" count="0" type="stmt"/>
        <line num="38" count="0" type="stmt"/>
        <line num="40" count="0" type="stmt"/>
        <line num="41" count="0" type="stmt"/>
        <line num="44" count="96" type="stmt"/>
        <line num="46" count="96" type="stmt"/>
        <line num="47" count="0" type="cond" truecount="0" falsecount="2"/>
        <line num="48" count="0" type="stmt"/>
        <line num="49" count="0" type="stmt"/>
        <line num="53" count="96" type="stmt"/>
        <line num="54" count="0" type="stmt"/>
        <line num="55" count="0" type="stmt"/>
        <line num="57" count="96" type="stmt"/>
      </file>
    </package>
    <package name="src.app.business-processes.business-process-wizard.shared.components.modals.modal-confirmation-three-button">
      <metrics statements="38" coveredstatements="20" conditionals="2" coveredconditionals="0" methods="6" coveredmethods="1"/>
      <file name="modal-confirmation-three-button.component.ts" path="/Users/pavelterenin/workspace/rhea-ui/src/app/business-processes/business-process-wizard/shared/components/modals/modal-confirmation-three-button/modal-confirmation-three-button.component.ts">
        <metrics statements="38" coveredstatements="20" conditionals="2" coveredconditionals="0" methods="6" coveredmethods="1"/>
        <line num="17" count="96" type="stmt"/>
        <line num="18" count="96" type="stmt"/>
        <line num="19" count="96" type="stmt"/>
        <line num="20" count="96" type="stmt"/>
        <line num="21" count="96" type="stmt"/>
        <line num="22" count="96" type="stmt"/>
        <line num="23" count="96" type="stmt"/>
        <line num="24" count="96" type="stmt"/>
        <line num="25" count="96" type="stmt"/>
        <line num="26" count="96" type="stmt"/>
        <line num="27" count="96" type="stmt"/>
        <line num="29" count="96" type="stmt"/>
        <line num="31" count="96" type="stmt"/>
        <line num="32" count="96" type="stmt"/>
        <line num="33" count="96" type="stmt"/>
        <line num="35" count="0" type="stmt"/>
        <line num="36" count="0" type="stmt"/>
        <line num="37" count="0" type="stmt"/>
        <line num="38" count="0" type="stmt"/>
        <line num="39" count="0" type="stmt"/>
        <line num="40" count="0" type="stmt"/>
        <line num="41" count="0" type="stmt"/>
        <line num="42" count="0" type="stmt"/>
        <line num="44" count="0" type="stmt"/>
        <line num="45" count="0" type="stmt"/>
        <line num="46" count="0" type="stmt"/>
        <line num="49" count="96" type="stmt"/>
        <line num="51" count="96" type="stmt"/>
        <line num="52" count="0" type="cond" truecount="0" falsecount="2"/>
        <line num="53" count="0" type="stmt"/>
        <line num="54" count="0" type="stmt"/>
        <line num="58" count="96" type="stmt"/>
        <line num="59" count="0" type="stmt"/>
        <line num="60" count="0" type="stmt"/>
        <line num="63" count="96" type="stmt"/>
        <line num="64" count="0" type="stmt"/>
        <line num="65" count="0" type="stmt"/>
        <line num="67" count="96" type="stmt"/>
      </file>
    </package>
    <package name="src.app.business-processes.business-process-wizard.shared.components.notes-attachments">
      <metrics statements="44" coveredstatements="31" conditionals="6" coveredconditionals="2" methods="16" coveredmethods="8"/>
      <file name="notes-attachments.component.ts" path="/Users/pavelterenin/workspace/rhea-ui/src/app/business-processes/business-process-wizard/shared/components/notes-attachments/notes-attachments.component.ts">
        <metrics statements="44" coveredstatements="31" conditionals="6" coveredconditionals="2" methods="16" coveredmethods="8"/>
        <line num="30" count="79" type="stmt"/>
        <line num="42" count="79" type="stmt"/>
        <line num="50" count="12" type="stmt"/>
        <line num="51" count="12" type="stmt"/>
        <line num="52" count="12" type="stmt"/>
        <line num="53" count="12" type="stmt"/>
        <line num="56" count="79" type="stmt"/>
        <line num="57" count="12" type="stmt"/>
        <line num="59" count="12" type="stmt"/>
        <line num="60" count="12" type="stmt"/>
        <line num="63" count="12" type="stmt"/>
        <line num="68" count="12" type="stmt"/>
        <line num="69" count="12" type="stmt"/>
        <line num="72" count="12" type="stmt"/>
        <line num="75" count="12" type="cond" truecount="1" falsecount="1"/>
        <line num="76" count="12" type="stmt"/>
        <line num="78" count="12" type="stmt"/>
        <line num="79" count="12" type="stmt"/>
        <line num="85" count="79" type="stmt"/>
        <line num="86" count="72" type="stmt"/>
        <line num="93" count="79" type="stmt"/>
        <line num="94" count="12" type="stmt"/>
        <line num="95" count="12" type="stmt"/>
        <line num="98" count="0" type="stmt"/>
        <line num="99" count="0" type="stmt"/>
        <line num="103" count="79" type="stmt"/>
        <line num="104" count="0" type="stmt"/>
        <line num="105" count="0" type="stmt"/>
        <line num="106" count="0" type="stmt"/>
        <line num="110" count="0" type="stmt"/>
        <line num="114" count="0" type="stmt"/>
        <line num="115" count="0" type="stmt"/>
        <line num="118" count="0" type="stmt"/>
        <line num="127" count="79" type="stmt"/>
        <line num="128" count="0" type="cond" truecount="0" falsecount="2"/>
        <line num="129" count="0" type="stmt"/>
        <line num="133" count="79" type="stmt"/>
        <line num="134" count="12" type="stmt"/>
        <line num="137" count="79" type="stmt"/>
        <line num="138" count="0" type="stmt"/>
        <line num="141" count="79" type="stmt"/>
        <line num="142" count="0" type="stmt"/>
        <line num="145" count="79" type="stmt"/>
        <line num="146" count="79" type="stmt"/>
      </file>
    </package>
    <package name="src.app.business-processes.business-process-wizard.shared.components.owing-organizations-contacts">
      <metrics statements="138" coveredstatements="54" conditionals="30" coveredconditionals="1" methods="41" coveredmethods="10"/>
      <file name="owing-organizations-contacts.component.ts" path="/Users/pavelterenin/workspace/rhea-ui/src/app/business-processes/business-process-wizard/shared/components/owing-organizations-contacts/owing-organizations-contacts.component.ts">
        <metrics statements="138" coveredstatements="54" conditionals="30" coveredconditionals="1" methods="41" coveredmethods="10"/>
        <line num="21" count="79" type="stmt"/>
        <line num="22" count="79" type="stmt"/>
        <line num="29" count="17" type="stmt"/>
        <line num="30" count="17" type="stmt"/>
        <line num="32" count="17" type="stmt"/>
        <line num="33" count="17" type="stmt"/>
        <line num="39" count="17" type="stmt"/>
        <line num="40" count="17" type="stmt"/>
        <line num="43" count="17" type="stmt"/>
        <line num="44" count="17" type="stmt"/>
        <line num="45" count="17" type="stmt"/>
        <line num="46" count="17" type="stmt"/>
        <line num="48" count="17" type="stmt"/>
        <line num="49" count="17" type="stmt"/>
        <line num="50" count="17" type="stmt"/>
        <line num="51" count="17" type="stmt"/>
        <line num="52" count="17" type="stmt"/>
        <line num="55" count="79" type="stmt"/>
        <line num="56" count="17" type="stmt"/>
        <line num="57" count="17" type="stmt"/>
        <line num="58" count="17" type="stmt"/>
        <line num="59" count="17" type="stmt"/>
        <line num="60" count="17" type="stmt"/>
        <line num="61" count="17" type="stmt"/>
        <line num="63" count="17" type="stmt"/>
        <line num="64" count="17" type="stmt"/>
        <line num="67" count="79" type="stmt"/>
        <line num="68" count="0" type="cond" truecount="0" falsecount="2"/>
        <line num="69" count="0" type="stmt"/>
        <line num="71" count="0" type="cond" truecount="0" falsecount="2"/>
        <line num="72" count="0" type="stmt"/>
        <line num="74" count="0" type="cond" truecount="0" falsecount="2"/>
        <line num="75" count="0" type="stmt"/>
        <line num="79" count="79" type="stmt"/>
        <line num="80" count="6" type="stmt"/>
        <line num="88" count="79" type="stmt"/>
        <line num="89" count="17" type="stmt"/>
        <line num="94" count="79" type="stmt"/>
        <line num="95" count="0" type="stmt"/>
        <line num="96" count="0" type="stmt"/>
        <line num="99" count="79" type="stmt"/>
        <line num="100" count="0" type="stmt"/>
        <line num="101" count="0" type="stmt"/>
        <line num="102" count="0" type="cond" truecount="0" falsecount="2"/>
        <line num="103" count="0" type="stmt"/>
        <line num="107" count="0" type="stmt"/>
        <line num="108" count="0" type="stmt"/>
        <line num="112" count="0" type="stmt"/>
        <line num="115" count="0" type="stmt"/>
        <line num="119" count="0" type="stmt"/>
        <line num="120" count="0" type="stmt"/>
        <line num="124" count="0" type="stmt"/>
        <line num="129" count="79" type="stmt"/>
        <line num="130" count="0" type="stmt"/>
        <line num="131" count="0" type="stmt"/>
        <line num="132" count="0" type="stmt"/>
        <line num="135" count="79" type="stmt"/>
        <line num="136" count="0" type="stmt"/>
        <line num="141" count="0" type="stmt"/>
        <line num="142" count="0" type="stmt"/>
        <line num="144" count="0" type="stmt"/>
        <line num="145" count="0" type="stmt"/>
        <line num="146" count="0" type="stmt"/>
        <line num="148" count="0" type="stmt"/>
        <line num="151" count="79" type="stmt"/>
        <line num="152" count="0" type="stmt"/>
        <line num="157" count="0" type="stmt"/>
        <line num="158" count="0" type="stmt"/>
        <line num="160" count="0" type="stmt"/>
        <line num="161" count="0" type="stmt"/>
        <line num="162" count="0" type="stmt"/>
        <line num="164" count="0" type="stmt"/>
        <line num="167" count="79" type="stmt"/>
        <line num="168" count="0" type="stmt"/>
        <line num="171" count="79" type="stmt"/>
        <line num="172" count="17" type="stmt"/>
        <line num="173" count="17" type="stmt"/>
        <line num="175" count="16" type="stmt"/>
        <line num="178" count="0" type="stmt"/>
        <line num="179" count="0" type="stmt"/>
        <line num="180" count="0" type="stmt"/>
        <line num="183" count="16" type="cond" truecount="1" falsecount="1"/>
        <line num="184" count="0" type="stmt"/>
        <line num="186" count="16" type="stmt"/>
        <line num="187" count="16" type="stmt"/>
        <line num="192" count="79" type="stmt"/>
        <line num="193" count="0" type="stmt"/>
        <line num="194" count="0" type="stmt"/>
        <line num="195" count="0" type="cond" truecount="0" falsecount="2"/>
        <line num="196" count="0" type="stmt"/>
        <line num="200" count="79" type="stmt"/>
        <line num="204" count="0" type="stmt"/>
        <line num="205" count="0" type="stmt"/>
        <line num="206" count="0" type="stmt"/>
        <line num="210" count="0" type="stmt"/>
        <line num="211" count="0" type="stmt"/>
        <line num="215" count="0" type="stmt"/>
        <line num="218" count="0" type="stmt"/>
        <line num="219" count="0" type="stmt"/>
        <line num="223" count="79" type="stmt"/>
        <line num="226" count="0" type="stmt"/>
        <line num="227" count="0" type="stmt"/>
        <line num="228" count="0" type="stmt"/>
        <line num="231" count="0" type="stmt"/>
        <line num="235" count="0" type="stmt"/>
        <line num="236" count="0" type="stmt"/>
        <line num="237" count="0" type="stmt"/>
        <line num="241" count="0" type="stmt"/>
        <line num="242" count="0" type="stmt"/>
        <line num="245" count="0" type="stmt"/>
        <line num="246" count="0" type="stmt"/>
        <line num="250" count="79" type="stmt"/>
        <line num="251" count="0" type="stmt"/>
        <line num="252" count="0" type="stmt"/>
        <line num="255" count="79" type="stmt"/>
        <line num="256" count="17" type="stmt"/>
        <line num="259" count="0" type="stmt"/>
        <line num="260" count="0" type="cond" truecount="0" falsecount="2"/>
        <line num="261" count="0" type="stmt"/>
        <line num="263" count="0" type="stmt"/>
        <line num="267" count="79" type="stmt"/>
        <line num="268" count="17" type="stmt"/>
        <line num="271" count="0" type="cond" truecount="0" falsecount="2"/>
        <line num="272" count="0" type="stmt"/>
        <line num="277" count="79" type="stmt"/>
        <line num="278" count="0" type="cond" truecount="0" falsecount="4"/>
        <line num="279" count="0" type="stmt"/>
        <line num="280" count="0" type="stmt"/>
        <line num="281" count="0" type="cond" truecount="0" falsecount="2"/>
        <line num="282" count="0" type="cond" truecount="0" falsecount="2"/>
        <line num="283" count="0" type="stmt"/>
        <line num="285" count="0" type="cond" truecount="0" falsecount="2"/>
        <line num="286" count="0" type="stmt"/>
        <line num="287" count="0" type="stmt"/>
        <line num="288" count="0" type="cond" truecount="0" falsecount="2"/>
        <line num="289" count="0" type="cond" truecount="0" falsecount="2"/>
        <line num="290" count="0" type="stmt"/>
        <line num="294" count="79" type="stmt"/>
      </file>
    </package>
    <package name="src.app.business-processes.business-process-wizard.shared.components.owing-organizations-contacts.add-edit-modal">
      <metrics statements="57" coveredstatements="46" conditionals="26" coveredconditionals="3" methods="13" coveredmethods="10"/>
      <file name="add-edit-modal.component.ts" path="/Users/pavelterenin/workspace/rhea-ui/src/app/business-processes/business-process-wizard/shared/components/owing-organizations-contacts/add-edit-modal/add-edit-modal.component.ts">
        <metrics statements="57" coveredstatements="46" conditionals="26" coveredconditionals="3" methods="13" coveredmethods="10"/>
        <line num="35" count="79" type="stmt"/>
        <line num="36" count="79" type="stmt"/>
        <line num="37" count="79" type="stmt"/>
        <line num="38" count="79" type="stmt"/>
        <line num="39" count="79" type="stmt"/>
        <line num="40" count="79" type="stmt"/>
        <line num="41" count="79" type="stmt"/>
        <line num="42" count="79" type="stmt"/>
        <line num="62" count="6" type="stmt"/>
        <line num="63" count="6" type="stmt"/>
        <line num="64" count="6" type="stmt"/>
        <line num="66" count="6" type="stmt"/>
        <line num="67" count="6" type="stmt"/>
        <line num="68" count="6" type="stmt"/>
        <line num="69" count="6" type="stmt"/>
        <line num="79" count="6" type="stmt"/>
        <line num="82" count="79" type="stmt"/>
        <line num="83" count="6" type="stmt"/>
        <line num="84" count="6" type="stmt"/>
        <line num="85" count="6" type="stmt"/>
        <line num="86" count="6" type="stmt"/>
        <line num="89" count="6" type="stmt"/>
        <line num="90" count="6" type="stmt"/>
        <line num="94" count="79" type="stmt"/>
        <line num="95" count="0" type="stmt"/>
        <line num="98" count="79" type="stmt"/>
        <line num="99" count="0" type="stmt"/>
        <line num="102" count="0" type="stmt"/>
        <line num="122" count="0" type="cond" truecount="0" falsecount="2"/>
        <line num="123" count="0" type="stmt"/>
        <line num="125" count="0" type="stmt"/>
        <line num="128" count="79" type="stmt"/>
        <line num="129" count="6" type="stmt"/>
        <line num="133" count="6" type="stmt"/>
        <line num="134" count="6" type="stmt"/>
        <line num="142" count="6" type="stmt"/>
        <line num="150" count="6" type="stmt"/>
        <line num="151" count="6" type="stmt"/>
        <line num="154" count="79" type="stmt"/>
        <line num="155" count="6" type="cond" truecount="1" falsecount="1"/>
        <line num="156" count="0" type="stmt"/>
        <line num="158" count="6" type="stmt"/>
        <line num="163" count="5" type="stmt"/>
        <line num="164" count="5" type="stmt"/>
        <line num="165" count="5" type="stmt"/>
        <line num="166" count="5" type="stmt"/>
        <line num="168" count="0" type="stmt"/>
        <line num="172" count="79" type="stmt"/>
        <line num="173" count="6" type="stmt"/>
        <line num="174" count="6" type="stmt"/>
        <line num="175" count="6" type="stmt"/>
        <line num="178" count="79" type="stmt"/>
        <line num="179" count="6" type="cond" truecount="2" falsecount="2"/>
        <line num="180" count="0" type="stmt"/>
        <line num="181" count="0" type="stmt"/>
        <line num="182" count="0" type="stmt"/>
        <line num="204" count="79" type="stmt"/>
      </file>
    </package>
    <package name="src.app.business-processes.business-process-wizard.shared.components.selected-system-record-filter">
      <metrics statements="28" coveredstatements="15" conditionals="4" coveredconditionals="0" methods="5" coveredmethods="1"/>
      <file name="selected-system-record-filter.component.ts" path="/Users/pavelterenin/workspace/rhea-ui/src/app/business-processes/business-process-wizard/shared/components/selected-system-record-filter/selected-system-record-filter.component.ts">
        <metrics statements="28" coveredstatements="15" conditionals="4" coveredconditionals="0" methods="5" coveredmethods="1"/>
        <line num="16" count="79" type="stmt"/>
        <line num="17" count="79" type="stmt"/>
        <line num="19" count="79" type="stmt"/>
        <line num="20" count="79" type="stmt"/>
        <line num="22" count="79" type="stmt"/>
        <line num="23" count="79" type="stmt"/>
        <line num="24" count="79" type="stmt"/>
        <line num="26" count="79" type="stmt"/>
        <line num="27" count="79" type="stmt"/>
        <line num="28" count="79" type="stmt"/>
        <line num="30" count="79" type="stmt"/>
        <line num="33" count="0" type="stmt"/>
        <line num="35" count="0" type="stmt"/>
        <line num="36" count="0" type="stmt"/>
        <line num="37" count="0" type="stmt"/>
        <line num="39" count="0" type="stmt"/>
        <line num="40" count="0" type="stmt"/>
        <line num="41" count="0" type="stmt"/>
        <line num="44" count="79" type="stmt"/>
        <line num="46" count="79" type="stmt"/>
        <line num="47" count="0" type="stmt"/>
        <line num="49" count="0" type="cond" truecount="0" falsecount="2"/>
        <line num="50" count="0" type="stmt"/>
        <line num="54" count="79" type="stmt"/>
        <line num="55" count="0" type="stmt"/>
        <line num="57" count="0" type="cond" truecount="0" falsecount="2"/>
        <line num="58" count="0" type="stmt"/>
        <line num="61" count="79" type="stmt"/>
      </file>
    </package>
    <package name="src.app.business-processes.business-process-wizard.shared.components.system-record-add">
      <metrics statements="139" coveredstatements="29" conditionals="50" coveredconditionals="0" methods="30" coveredmethods="3"/>
      <file name="system-record-add.component.ts" path="/Users/pavelterenin/workspace/rhea-ui/src/app/business-processes/business-process-wizard/shared/components/system-record-add/system-record-add.component.ts">
        <metrics statements="130" coveredstatements="23" conditionals="50" coveredconditionals="0" methods="25" coveredmethods="1"/>
        <line num="35" count="18" type="stmt"/>
        <line num="47" count="0" type="stmt"/>
        <line num="52" count="0" type="stmt"/>
        <line num="64" count="18" type="stmt"/>
        <line num="65" count="18" type="stmt"/>
        <line num="66" count="18" type="stmt"/>
        <line num="67" count="18" type="stmt"/>
        <line num="68" count="18" type="stmt"/>
        <line num="71" count="0" type="stmt"/>
        <line num="72" count="0" type="stmt"/>
        <line num="73" count="0" type="stmt"/>
        <line num="74" count="0" type="stmt"/>
        <line num="75" count="0" type="stmt"/>
        <line num="77" count="0" type="stmt"/>
        <line num="78" count="0" type="stmt"/>
        <line num="79" count="0" type="stmt"/>
        <line num="80" count="0" type="stmt"/>
        <line num="81" count="0" type="stmt"/>
        <line num="84" count="18" type="stmt"/>
        <line num="85" count="0" type="cond" truecount="0" falsecount="2"/>
        <line num="87" count="0" type="stmt"/>
        <line num="88" count="0" type="stmt"/>
        <line num="89" count="0" type="stmt"/>
        <line num="90" count="0" type="stmt"/>
        <line num="93" count="0" type="cond" truecount="0" falsecount="2"/>
        <line num="94" count="0" type="cond" truecount="0" falsecount="2"/>
        <line num="95" count="0" type="cond" truecount="0" falsecount="2"/>
        <line num="97" count="0" type="stmt"/>
        <line num="100" count="18" type="stmt"/>
        <line num="101" count="0" type="stmt"/>
        <line num="104" count="18" type="stmt"/>
        <line num="105" count="0" type="stmt"/>
        <line num="106" count="0" type="stmt"/>
        <line num="109" count="18" type="stmt"/>
        <line num="110" count="0" type="cond" truecount="0" falsecount="2"/>
        <line num="111" count="0" type="stmt"/>
        <line num="114" count="0" type="stmt"/>
        <line num="117" count="0" type="cond" truecount="0" falsecount="2"/>
        <line num="118" count="0" type="cond" truecount="0" falsecount="2"/>
        <line num="119" count="0" type="cond" truecount="0" falsecount="2"/>
        <line num="120" count="0" type="cond" truecount="0" falsecount="2"/>
        <line num="122" count="0" type="stmt"/>
        <line num="123" count="0" type="cond" truecount="0" falsecount="2"/>
        <line num="124" count="0" type="stmt"/>
        <line num="126" count="0" type="stmt"/>
        <line num="129" count="0" type="stmt"/>
        <line num="130" count="0" type="stmt"/>
        <line num="135" count="18" type="stmt"/>
        <line num="136" count="0" type="stmt"/>
        <line num="137" count="0" type="stmt"/>
        <line num="140" count="18" type="stmt"/>
        <line num="141" count="0" type="stmt"/>
        <line num="149" count="0" type="stmt"/>
        <line num="151" count="0" type="stmt"/>
        <line num="153" count="0" type="stmt"/>
        <line num="154" count="0" type="stmt"/>
        <line num="155" count="0" type="stmt"/>
        <line num="156" count="0" type="stmt"/>
        <line num="158" count="0" type="stmt"/>
        <line num="160" count="0" type="stmt"/>
        <line num="166" count="18" type="stmt"/>
        <line num="167" count="0" type="cond" truecount="0" falsecount="2"/>
        <line num="168" count="0" type="stmt"/>
        <line num="169" count="0" type="stmt"/>
        <line num="172" count="0" type="stmt"/>
        <line num="180" count="0" type="stmt"/>
        <line num="181" count="0" type="stmt"/>
        <line num="183" count="0" type="stmt"/>
        <line num="184" count="0" type="stmt"/>
        <line num="185" count="0" type="stmt"/>
        <line num="186" count="0" type="stmt"/>
        <line num="187" count="0" type="stmt"/>
        <line num="189" count="0" type="stmt"/>
        <line num="191" count="0" type="cond" truecount="0" falsecount="2"/>
        <line num="192" count="0" type="cond" truecount="0" falsecount="2"/>
        <line num="193" count="0" type="stmt"/>
        <line num="196" count="0" type="stmt"/>
        <line num="197" count="0" type="stmt"/>
        <line num="199" count="0" type="cond" truecount="0" falsecount="2"/>
        <line num="200" count="0" type="stmt"/>
        <line num="201" count="0" type="stmt"/>
        <line num="210" count="18" type="stmt"/>
        <line num="211" count="0" type="stmt"/>
        <line num="212" count="0" type="stmt"/>
        <line num="213" count="0" type="stmt"/>
        <line num="214" count="0" type="cond" truecount="0" falsecount="2"/>
        <line num="215" count="0" type="stmt"/>
        <line num="217" count="0" type="stmt"/>
        <line num="220" count="18" type="stmt"/>
        <line num="221" count="0" type="stmt"/>
        <line num="222" count="0" type="cond" truecount="0" falsecount="2"/>
        <line num="223" count="0" type="stmt"/>
        <line num="226" count="18" type="stmt"/>
        <line num="227" count="0" type="stmt"/>
        <line num="230" count="18" type="stmt"/>
        <line num="231" count="0" type="stmt"/>
        <line num="234" count="18" type="stmt"/>
        <line num="235" count="0" type="stmt"/>
        <line num="238" count="18" type="stmt"/>
        <line num="239" count="0" type="stmt"/>
        <line num="249" count="0" type="stmt"/>
        <line num="250" count="0" type="stmt"/>
        <line num="253" count="18" type="stmt"/>
        <line num="257" count="0" type="cond" truecount="0" falsecount="2"/>
        <line num="259" count="0" type="stmt"/>
        <line num="260" count="0" type="stmt"/>
        <line num="261" count="0" type="stmt"/>
        <line num="262" count="0" type="stmt"/>
        <line num="263" count="0" type="stmt"/>
        <line num="264" count="0" type="stmt"/>
        <line num="265" count="0" type="stmt"/>
        <line num="267" count="0" type="stmt"/>
        <line num="271" count="0" type="stmt"/>
        <line num="275" count="0" type="cond" truecount="0" falsecount="2"/>
        <line num="276" count="0" type="cond" truecount="0" falsecount="2"/>
        <line num="277" count="0" type="cond" truecount="0" falsecount="2"/>
        <line num="279" count="0" type="stmt"/>
        <line num="282" count="18" type="stmt"/>
        <line num="283" count="0" type="stmt"/>
        <line num="286" count="0" type="stmt"/>
        <line num="287" count="0" type="stmt"/>
        <line num="289" count="0" type="stmt"/>
        <line num="290" count="0" type="stmt"/>
        <line num="291" count="0" type="stmt"/>
        <line num="297" count="0" type="stmt"/>
        <line num="300" count="0" type="stmt"/>
        <line num="305" count="18" type="stmt"/>
        <line num="306" count="0" type="stmt"/>
        <line num="307" count="0" type="stmt"/>
        <line num="309" count="18" type="stmt"/>
      </file>
      <file name="system-record-add.service.ts" path="/Users/pavelterenin/workspace/rhea-ui/src/app/business-processes/business-process-wizard/shared/components/system-record-add/system-record-add.service.ts">
        <metrics statements="9" coveredstatements="6" conditionals="0" coveredconditionals="0" methods="5" coveredmethods="2"/>
        <line num="7" count="18" type="stmt"/>
        <line num="8" count="1" type="stmt"/>
        <line num="11" count="18" type="stmt"/>
        <line num="12" count="0" type="stmt"/>
        <line num="15" count="18" type="stmt"/>
        <line num="16" count="0" type="stmt"/>
        <line num="19" count="18" type="stmt"/>
        <line num="20" count="0" type="stmt"/>
        <line num="27" count="18" type="stmt"/>
      </file>
    </package>
    <package name="src.app.business-processes.business-process-wizard.shared.components.system-record-add-company-affiliate">
      <metrics statements="116" coveredstatements="20" conditionals="46" coveredconditionals="0" methods="23" coveredmethods="1"/>
      <file name="system-record-add-company-affiliate.component.ts" path="/Users/pavelterenin/workspace/rhea-ui/src/app/business-processes/business-process-wizard/shared/components/system-record-add-company-affiliate/system-record-add-company-affiliate.component.ts">
        <metrics statements="116" coveredstatements="20" conditionals="46" coveredconditionals="0" methods="23" coveredmethods="1"/>
        <line num="36" count="18" type="stmt"/>
        <line num="48" count="0" type="stmt"/>
        <line num="52" count="18" type="stmt"/>
        <line num="53" count="18" type="stmt"/>
        <line num="54" count="18" type="stmt"/>
        <line num="55" count="18" type="stmt"/>
        <line num="56" count="18" type="stmt"/>
        <line num="59" count="0" type="stmt"/>
        <line num="60" count="0" type="stmt"/>
        <line num="61" count="0" type="stmt"/>
        <line num="62" count="0" type="stmt"/>
        <line num="63" count="0" type="stmt"/>
        <line num="65" count="0" type="stmt"/>
        <line num="66" count="0" type="stmt"/>
        <line num="67" count="0" type="stmt"/>
        <line num="68" count="0" type="stmt"/>
        <line num="69" count="0" type="stmt"/>
        <line num="72" count="18" type="stmt"/>
        <line num="73" count="0" type="stmt"/>
        <line num="76" count="18" type="stmt"/>
        <line num="77" count="0" type="stmt"/>
        <line num="80" count="18" type="stmt"/>
        <line num="81" count="0" type="cond" truecount="0" falsecount="2"/>
        <line num="82" count="0" type="stmt"/>
        <line num="85" count="0" type="stmt"/>
        <line num="88" count="0" type="stmt"/>
        <line num="89" count="0" type="cond" truecount="0" falsecount="2"/>
        <line num="90" count="0" type="cond" truecount="0" falsecount="2"/>
        <line num="91" count="0" type="stmt"/>
        <line num="94" count="0" type="stmt"/>
        <line num="95" count="0" type="stmt"/>
        <line num="100" count="18" type="stmt"/>
        <line num="101" count="0" type="stmt"/>
        <line num="102" count="0" type="stmt"/>
        <line num="105" count="18" type="stmt"/>
        <line num="106" count="0" type="stmt"/>
        <line num="109" count="18" type="stmt"/>
        <line num="110" count="0" type="stmt"/>
        <line num="118" count="0" type="stmt"/>
        <line num="120" count="0" type="stmt"/>
        <line num="122" count="0" type="stmt"/>
        <line num="123" count="0" type="stmt"/>
        <line num="124" count="0" type="stmt"/>
        <line num="125" count="0" type="stmt"/>
        <line num="127" count="0" type="stmt"/>
        <line num="129" count="0" type="stmt"/>
        <line num="135" count="18" type="cond" truecount="0" falsecount="2"/>
        <line num="136" count="0" type="cond" truecount="0" falsecount="2"/>
        <line num="137" count="0" type="stmt"/>
        <line num="140" count="0" type="stmt"/>
        <line num="148" count="0" type="stmt"/>
        <line num="149" count="0" type="stmt"/>
        <line num="151" count="0" type="stmt"/>
        <line num="152" count="0" type="stmt"/>
        <line num="153" count="0" type="stmt"/>
        <line num="154" count="0" type="stmt"/>
        <line num="155" count="0" type="stmt"/>
        <line num="157" count="0" type="stmt"/>
        <line num="159" count="0" type="cond" truecount="0" falsecount="2"/>
        <line num="160" count="0" type="cond" truecount="0" falsecount="2"/>
        <line num="161" count="0" type="stmt"/>
        <line num="164" count="0" type="stmt"/>
        <line num="165" count="0" type="stmt"/>
        <line num="167" count="0" type="cond" truecount="0" falsecount="2"/>
        <line num="168" count="0" type="cond" truecount="0" falsecount="2"/>
        <line num="169" count="0" type="stmt"/>
        <line num="171" count="0" type="stmt"/>
        <line num="181" count="18" type="stmt"/>
        <line num="182" count="0" type="stmt"/>
        <line num="183" count="0" type="stmt"/>
        <line num="184" count="0" type="stmt"/>
        <line num="185" count="0" type="cond" truecount="0" falsecount="2"/>
        <line num="186" count="0" type="stmt"/>
        <line num="188" count="0" type="cond" truecount="0" falsecount="2"/>
        <line num="189" count="0" type="stmt"/>
        <line num="193" count="18" type="stmt"/>
        <line num="194" count="0" type="cond" truecount="0" falsecount="2"/>
        <line num="195" count="0" type="stmt"/>
        <line num="198" count="18" type="stmt"/>
        <line num="199" count="0" type="stmt"/>
        <line num="202" count="18" type="stmt"/>
        <line num="206" count="0" type="stmt"/>
        <line num="214" count="0" type="cond" truecount="0" falsecount="4"/>
        <line num="215" count="0" type="stmt"/>
        <line num="218" count="0" type="cond" truecount="0" falsecount="2"/>
        <line num="219" count="0" type="stmt"/>
        <line num="223" count="0" type="cond" truecount="0" falsecount="2"/>
        <line num="224" count="0" type="stmt"/>
        <line num="227" count="0" type="stmt"/>
        <line num="229" count="0" type="stmt"/>
        <line num="231" count="0" type="stmt"/>
        <line num="233" count="0" type="cond" truecount="0" falsecount="2"/>
        <line num="234" count="0" type="stmt"/>
        <line num="237" count="0" type="cond" truecount="0" falsecount="2"/>
        <line num="238" count="0" type="stmt"/>
        <line num="241" count="0" type="cond" truecount="0" falsecount="2"/>
        <line num="242" count="0" type="stmt"/>
        <line num="245" count="0" type="cond" truecount="0" falsecount="2"/>
        <line num="246" count="0" type="stmt"/>
        <line num="249" count="0" type="cond" truecount="0" falsecount="2"/>
        <line num="251" count="0" type="stmt"/>
        <line num="254" count="18" type="stmt"/>
        <line num="255" count="0" type="stmt"/>
        <line num="258" count="0" type="stmt"/>
        <line num="259" count="0" type="stmt"/>
        <line num="263" count="0" type="stmt"/>
        <line num="264" count="0" type="stmt"/>
        <line num="265" count="0" type="stmt"/>
        <line num="267" count="0" type="stmt"/>
        <line num="269" count="0" type="stmt"/>
        <line num="270" count="0" type="stmt"/>
        <line num="273" count="0" type="stmt"/>
        <line num="278" count="18" type="stmt"/>
        <line num="279" count="0" type="stmt"/>
        <line num="280" count="0" type="stmt"/>
        <line num="282" count="18" type="stmt"/>
      </file>
    </package>
    <package name="src.app.business-processes.business-process-wizard.shared.components.system-record-add-third-party">
      <metrics statements="122" coveredstatements="20" conditionals="48" coveredconditionals="0" methods="27" coveredmethods="1"/>
      <file name="system-record-add-third-party.component.ts" path="/Users/pavelterenin/workspace/rhea-ui/src/app/business-processes/business-process-wizard/shared/components/system-record-add-third-party/system-record-add-third-party.component.ts">
        <metrics statements="122" coveredstatements="20" conditionals="48" coveredconditionals="0" methods="27" coveredmethods="1"/>
        <line num="34" count="18" type="stmt"/>
        <line num="45" count="0" type="stmt"/>
        <line num="49" count="18" type="stmt"/>
        <line num="50" count="18" type="stmt"/>
        <line num="51" count="18" type="stmt"/>
        <line num="52" count="18" type="stmt"/>
        <line num="53" count="18" type="stmt"/>
        <line num="56" count="0" type="stmt"/>
        <line num="57" count="0" type="stmt"/>
        <line num="58" count="0" type="stmt"/>
        <line num="59" count="0" type="stmt"/>
        <line num="60" count="0" type="stmt"/>
        <line num="62" count="0" type="stmt"/>
        <line num="63" count="0" type="stmt"/>
        <line num="64" count="0" type="stmt"/>
        <line num="65" count="0" type="stmt"/>
        <line num="66" count="0" type="stmt"/>
        <line num="69" count="18" type="stmt"/>
        <line num="70" count="0" type="stmt"/>
        <line num="73" count="18" type="stmt"/>
        <line num="74" count="0" type="stmt"/>
        <line num="77" count="18" type="stmt"/>
        <line num="78" count="0" type="cond" truecount="0" falsecount="2"/>
        <line num="79" count="0" type="stmt"/>
        <line num="82" count="0" type="stmt"/>
        <line num="85" count="0" type="stmt"/>
        <line num="86" count="0" type="cond" truecount="0" falsecount="2"/>
        <line num="87" count="0" type="cond" truecount="0" falsecount="2"/>
        <line num="88" count="0" type="stmt"/>
        <line num="91" count="0" type="stmt"/>
        <line num="92" count="0" type="stmt"/>
        <line num="97" count="18" type="stmt"/>
        <line num="98" count="0" type="stmt"/>
        <line num="99" count="0" type="stmt"/>
        <line num="102" count="18" type="stmt"/>
        <line num="103" count="0" type="stmt"/>
        <line num="106" count="18" type="stmt"/>
        <line num="107" count="0" type="stmt"/>
        <line num="115" count="0" type="stmt"/>
        <line num="117" count="0" type="stmt"/>
        <line num="119" count="0" type="stmt"/>
        <line num="120" count="0" type="stmt"/>
        <line num="121" count="0" type="stmt"/>
        <line num="122" count="0" type="stmt"/>
        <line num="124" count="0" type="stmt"/>
        <line num="126" count="0" type="stmt"/>
        <line num="132" count="18" type="cond" truecount="0" falsecount="2"/>
        <line num="133" count="0" type="cond" truecount="0" falsecount="2"/>
        <line num="134" count="0" type="stmt"/>
        <line num="137" count="0" type="stmt"/>
        <line num="145" count="0" type="stmt"/>
        <line num="146" count="0" type="stmt"/>
        <line num="148" count="0" type="stmt"/>
        <line num="149" count="0" type="stmt"/>
        <line num="150" count="0" type="stmt"/>
        <line num="151" count="0" type="stmt"/>
        <line num="152" count="0" type="stmt"/>
        <line num="154" count="0" type="stmt"/>
        <line num="156" count="0" type="cond" truecount="0" falsecount="2"/>
        <line num="157" count="0" type="cond" truecount="0" falsecount="2"/>
        <line num="158" count="0" type="stmt"/>
        <line num="161" count="0" type="stmt"/>
        <line num="162" count="0" type="stmt"/>
        <line num="164" count="0" type="cond" truecount="0" falsecount="2"/>
        <line num="165" count="0" type="cond" truecount="0" falsecount="2"/>
        <line num="166" count="0" type="stmt"/>
        <line num="168" count="0" type="stmt"/>
        <line num="178" count="18" type="stmt"/>
        <line num="179" count="0" type="stmt"/>
        <line num="180" count="0" type="stmt"/>
        <line num="181" count="0" type="stmt"/>
        <line num="182" count="0" type="cond" truecount="0" falsecount="2"/>
        <line num="183" count="0" type="stmt"/>
        <line num="185" count="0" type="cond" truecount="0" falsecount="2"/>
        <line num="186" count="0" type="stmt"/>
        <line num="190" count="18" type="stmt"/>
        <line num="191" count="0" type="cond" truecount="0" falsecount="2"/>
        <line num="192" count="0" type="stmt"/>
        <line num="195" count="18" type="stmt"/>
        <line num="196" count="0" type="stmt"/>
        <line num="199" count="18" type="stmt"/>
        <line num="203" count="0" type="stmt"/>
        <line num="211" count="0" type="stmt"/>
        <line num="213" count="0" type="stmt"/>
        <line num="214" count="0" type="stmt"/>
        <line num="215" count="0" type="stmt"/>
        <line num="217" count="0" type="stmt"/>
        <line num="218" count="0" type="stmt"/>
        <line num="219" count="0" type="stmt"/>
        <line num="221" count="0" type="stmt"/>
        <line num="222" count="0" type="stmt"/>
        <line num="225" count="0" type="stmt"/>
        <line num="229" count="0" type="cond" truecount="0" falsecount="2"/>
        <line num="233" count="0" type="stmt"/>
        <line num="237" count="0" type="cond" truecount="0" falsecount="2"/>
        <line num="241" count="0" type="stmt"/>
        <line num="242" count="0" type="stmt"/>
        <line num="243" count="0" type="stmt"/>
        <line num="247" count="0" type="stmt"/>
        <line num="251" count="0" type="stmt"/>
        <line num="253" count="0" type="stmt"/>
        <line num="255" count="0" type="stmt"/>
        <line num="261" count="0" type="stmt"/>
        <line num="267" count="0" type="stmt"/>
        <line num="268" count="0" type="cond" truecount="0" falsecount="2"/>
        <line num="270" count="0" type="cond" truecount="0" falsecount="2"/>
        <line num="272" count="0" type="stmt"/>
        <line num="275" count="18" type="stmt"/>
        <line num="276" count="0" type="stmt"/>
        <line num="279" count="0" type="stmt"/>
        <line num="280" count="0" type="stmt"/>
        <line num="282" count="0" type="stmt"/>
        <line num="283" count="0" type="stmt"/>
        <line num="284" count="0" type="stmt"/>
        <line num="286" count="0" type="stmt"/>
        <line num="288" count="0" type="stmt"/>
        <line num="289" count="0" type="stmt"/>
        <line num="292" count="0" type="stmt"/>
        <line num="297" count="18" type="stmt"/>
        <line num="298" count="0" type="stmt"/>
        <line num="299" count="0" type="stmt"/>
        <line num="301" count="18" type="stmt"/>
      </file>
    </package>
    <package name="src.app.business-processes.business-process-wizard.shared.components.system-record-filter">
      <metrics statements="291" coveredstatements="32" conditionals="100" coveredconditionals="0" methods="83" coveredmethods="1"/>
      <file name="system-record-filter.component.ts" path="/Users/pavelterenin/workspace/rhea-ui/src/app/business-processes/business-process-wizard/shared/components/system-record-filter/system-record-filter.component.ts">
        <metrics statements="291" coveredstatements="32" conditionals="100" coveredconditionals="0" methods="83" coveredmethods="1"/>
        <line num="36" count="79" type="stmt"/>
        <line num="37" count="79" type="stmt"/>
        <line num="38" count="79" type="stmt"/>
        <line num="39" count="79" type="stmt"/>
        <line num="40" count="79" type="stmt"/>
        <line num="42" count="0" type="stmt"/>
        <line num="48" count="0" type="stmt"/>
        <line num="53" count="0" type="stmt"/>
        <line num="58" count="0" type="stmt"/>
        <line num="63" count="0" type="stmt"/>
        <line num="70" count="0" type="stmt"/>
        <line num="78" count="0" type="stmt"/>
        <line num="85" count="0" type="stmt"/>
        <line num="94" count="0" type="stmt"/>
        <line num="95" count="0" type="stmt"/>
        <line num="98" count="79" type="stmt"/>
        <line num="99" count="0" type="stmt"/>
        <line num="113" count="0" type="stmt"/>
        <line num="117" count="0" type="stmt"/>
        <line num="121" count="0" type="stmt"/>
        <line num="125" count="0" type="stmt"/>
        <line num="129" count="0" type="stmt"/>
        <line num="133" count="0" type="stmt"/>
        <line num="135" count="0" type="stmt"/>
        <line num="136" count="0" type="stmt"/>
        <line num="141" count="79" type="stmt"/>
        <line num="142" count="0" type="stmt"/>
        <line num="144" count="79" type="stmt"/>
        <line num="145" count="0" type="stmt"/>
        <line num="147" count="79" type="stmt"/>
        <line num="148" count="0" type="stmt"/>
        <line num="150" count="79" type="stmt"/>
        <line num="151" count="0" type="stmt"/>
        <line num="153" count="79" type="stmt"/>
        <line num="154" count="0" type="stmt"/>
        <line num="156" count="79" type="stmt"/>
        <line num="157" count="0" type="stmt"/>
        <line num="160" count="79" type="stmt"/>
        <line num="161" count="0" type="cond" truecount="0" falsecount="2"/>
        <line num="162" count="0" type="stmt"/>
        <line num="164" count="0" type="stmt"/>
        <line num="166" count="0" type="cond" truecount="0" falsecount="2"/>
        <line num="167" count="0" type="stmt"/>
        <line num="171" count="0" type="stmt"/>
        <line num="174" count="0" type="stmt"/>
        <line num="177" count="0" type="stmt"/>
        <line num="180" count="0" type="stmt"/>
        <line num="183" count="0" type="stmt"/>
        <line num="188" count="0" type="stmt"/>
        <line num="190" count="0" type="stmt"/>
        <line num="192" count="0" type="stmt"/>
        <line num="194" count="0" type="stmt"/>
        <line num="196" count="0" type="stmt"/>
        <line num="198" count="0" type="stmt"/>
        <line num="200" count="0" type="stmt"/>
        <line num="202" count="0" type="stmt"/>
        <line num="204" count="0" type="stmt"/>
        <line num="206" count="0" type="stmt"/>
        <line num="209" count="0" type="stmt"/>
        <line num="213" count="0" type="stmt"/>
        <line num="214" count="0" type="stmt"/>
        <line num="215" count="0" type="stmt"/>
        <line num="217" count="0" type="stmt"/>
        <line num="221" count="0" type="stmt"/>
        <line num="225" count="0" type="stmt"/>
        <line num="226" count="0" type="stmt"/>
        <line num="227" count="0" type="stmt"/>
        <line num="229" count="0" type="stmt"/>
        <line num="233" count="0" type="stmt"/>
        <line num="237" count="0" type="stmt"/>
        <line num="238" count="0" type="stmt"/>
        <line num="239" count="0" type="stmt"/>
        <line num="241" count="0" type="stmt"/>
        <line num="245" count="0" type="stmt"/>
        <line num="249" count="0" type="stmt"/>
        <line num="250" count="0" type="stmt"/>
        <line num="251" count="0" type="stmt"/>
        <line num="253" count="0" type="stmt"/>
        <line num="257" count="0" type="stmt"/>
        <line num="261" count="0" type="stmt"/>
        <line num="262" count="0" type="stmt"/>
        <line num="263" count="0" type="stmt"/>
        <line num="265" count="0" type="stmt"/>
        <line num="269" count="0" type="stmt"/>
        <line num="277" count="0" type="stmt"/>
        <line num="278" count="0" type="stmt"/>
        <line num="279" count="0" type="stmt"/>
        <line num="280" count="0" type="stmt"/>
        <line num="281" count="0" type="stmt"/>
        <line num="283" count="0" type="stmt"/>
        <line num="284" count="0" type="stmt"/>
        <line num="285" count="0" type="stmt"/>
        <line num="286" count="0" type="stmt"/>
        <line num="287" count="0" type="stmt"/>
        <line num="289" count="0" type="stmt"/>
        <line num="290" count="0" type="stmt"/>
        <line num="291" count="0" type="stmt"/>
        <line num="292" count="0" type="stmt"/>
[...]
        <line num="160" count="0" type="stmt"/>
        <line num="163" count="0" type="stmt"/>
        <line num="172" count="96" type="stmt"/>
        <line num="175" count="0" type="stmt"/>
        <line num="177" count="96" type="stmt"/>
      </file>
    </package>
    <package name="src.app.shared.services.processing-purposes">
      <metrics statements="46" coveredstatements="31" conditionals="8" coveredconditionals="4" methods="21" coveredmethods="11"/>
      <file name="processing-purposes.service.ts" path="/Users/pavelterenin/workspace/rhea-ui/src/app/shared/services/processing-purposes/processing-purposes.service.ts">
        <metrics statements="46" coveredstatements="31" conditionals="8" coveredconditionals="4" methods="21" coveredmethods="11"/>
        <line num="22" count="96" type="stmt"/>
        <line num="23" count="25" type="stmt"/>
        <line num="25" count="96" type="stmt"/>
        <line num="28" count="68" type="stmt"/>
        <line num="35" count="96" type="stmt"/>
        <line num="38" count="0" type="stmt"/>
        <line num="43" count="96" type="stmt"/>
        <line num="46" count="64" type="stmt"/>
        <line num="48" count="64" type="stmt"/>
        <line num="53" count="704" type="stmt"/>
        <line num="55" count="14784" type="stmt"/>
        <line num="62" count="64" type="stmt"/>
        <line num="63" count="64" type="stmt"/>
        <line num="64" count="704" type="stmt"/>
        <line num="65" count="14784" type="stmt"/>
        <line num="67" count="14784" type="stmt"/>
        <line num="68" count="704" type="cond" truecount="3" falsecount="1"/>
        <line num="69" count="704" type="stmt"/>
        <line num="70" count="704" type="stmt"/>
        <line num="74" count="64" type="stmt"/>
        <line num="77" count="96" type="stmt"/>
        <line num="78" count="0" type="cond" truecount="0" falsecount="2"/>
        <line num="79" count="0" type="stmt"/>
        <line num="81" count="0" type="stmt"/>
        <line num="84" count="0" type="stmt"/>
        <line num="87" count="96" type="stmt"/>
        <line num="93" count="49" type="stmt"/>
        <line num="94" count="539" type="stmt"/>
        <line num="96" count="49" type="cond" truecount="1" falsecount="1"/>
        <line num="97" count="0" type="stmt"/>
        <line num="98" count="0" type="stmt"/>
        <line num="102" count="96" type="stmt"/>
        <line num="105" count="0" type="stmt"/>
        <line num="112" count="96" type="stmt"/>
        <line num="116" count="0" type="stmt"/>
        <line num="123" count="96" type="stmt"/>
        <line num="124" count="0" type="stmt"/>
        <line num="129" count="96" type="stmt"/>
        <line num="130" count="0" type="stmt"/>
        <line num="131" count="0" type="stmt"/>
        <line num="135" count="96" type="stmt"/>
        <line num="138" count="0" type="stmt"/>
        <line num="144" count="96" type="stmt"/>
        <line num="147" count="0" type="stmt"/>
        <line num="148" count="0" type="stmt"/>
        <line num="151" count="96" type="stmt"/>
      </file>
    </package>
    <package name="src.app.shared.services.record-datagrid-pagination">
      <metrics statements="15" coveredstatements="5" conditionals="0" coveredconditionals="0" methods="5" coveredmethods="1"/>
      <file name="datagrid-pagination.service.ts" path="/Users/pavelterenin/workspace/rhea-ui/src/app/shared/services/record-datagrid-pagination/datagrid-pagination.service.ts">
        <metrics statements="15" coveredstatements="5" conditionals="0" coveredconditionals="0" methods="5" coveredmethods="1"/>
        <line num="12" count="96" type="stmt"/>
        <line num="13" count="0" type="stmt"/>
        <line num="19" count="0" type="stmt"/>
        <line num="22" count="0" type="stmt"/>
        <line num="26" count="0" type="stmt"/>
        <line num="30" count="96" type="stmt"/>
        <line num="31" count="0" type="stmt"/>
        <line num="32" count="0" type="stmt"/>
        <line num="35" count="96" type="stmt"/>
        <line num="36" count="0" type="stmt"/>
        <line num="37" count="0" type="stmt"/>
        <line num="40" count="96" type="stmt"/>
        <line num="41" count="0" type="stmt"/>
        <line num="42" count="0" type="stmt"/>
        <line num="44" count="96" type="stmt"/>
      </file>
    </package>
    <package name="src.app.shared.services.record-listing">
      <metrics statements="82" coveredstatements="28" conditionals="10" coveredconditionals="0" methods="31" coveredmethods="3"/>
      <file name="datagrid-header.service.ts" path="/Users/pavelterenin/workspace/rhea-ui/src/app/shared/services/record-listing/datagrid-header.service.ts">
        <metrics statements="30" coveredstatements="11" conditionals="2" coveredconditionals="0" methods="13" coveredmethods="1"/>
        <line num="17" count="96" type="stmt"/>
        <line num="21" count="0" type="stmt"/>
        <line num="26" count="0" type="stmt"/>
        <line num="27" count="0" type="stmt"/>
        <line num="28" count="0" type="stmt"/>
        <line num="31" count="96" type="stmt"/>
        <line num="32" count="0" type="cond" truecount="0" falsecount="2"/>
        <line num="33" count="0" type="stmt"/>
        <line num="37" count="0" type="stmt"/>
        <line num="38" count="0" type="stmt"/>
        <line num="40" count="0" type="stmt"/>
        <line num="43" count="96" type="stmt"/>
        <line num="44" count="0" type="stmt"/>
        <line num="50" count="96" type="stmt"/>
        <line num="51" count="0" type="stmt"/>
        <line num="53" count="0" type="stmt"/>
        <line num="55" count="0" type="stmt"/>
        <line num="59" count="96" type="stmt"/>
        <line num="60" count="0" type="stmt"/>
        <line num="63" count="96" type="stmt"/>
        <line num="64" count="0" type="stmt"/>
        <line num="67" count="96" type="stmt"/>
        <line num="68" count="0" type="stmt"/>
        <line num="71" count="96" type="stmt"/>
        <line num="72" count="0" type="stmt"/>
        <line num="75" count="96" type="stmt"/>
        <line num="76" count="0" type="stmt"/>
        <line num="79" count="96" type="stmt"/>
        <line num="80" count="0" type="stmt"/>
        <line num="82" count="96" type="stmt"/>
      </file>
      <file name="datatable.service.ts" path="/Users/pavelterenin/workspace/rhea-ui/src/app/shared/services/record-listing/datatable.service.ts">
        <metrics statements="38" coveredstatements="11" conditionals="6" coveredconditionals="0" methods="12" coveredmethods="1"/>
        <line num="16" count="96" type="stmt"/>
        <line num="17" count="0" type="stmt"/>
        <line num="19" count="0" type="stmt"/>
        <line num="20" count="0" type="stmt"/>
        <line num="23" count="0" type="stmt"/>
        <line num="24" count="0" type="stmt"/>
        <line num="30" count="0" type="stmt"/>
        <line num="31" count="0" type="stmt"/>
        <line num="33" count="0" type="stmt"/>
        <line num="34" count="0" type="stmt"/>
        <line num="35" count="0" type="stmt"/>
        <line num="36" count="0" type="stmt"/>
        <line num="39" count="96" type="stmt"/>
        <line num="40" count="0" type="stmt"/>
        <line num="43" count="96" type="stmt"/>
        <line num="44" count="0" type="stmt"/>
        <line num="47" count="0" type="stmt"/>
        <line num="48" count="0" type="stmt"/>
        <line num="56" count="96" type="stmt"/>
        <line num="57" count="0" type="cond" truecount="0" falsecount="2"/>
        <line num="58" count="0" type="stmt"/>
        <line num="62" count="96" type="stmt"/>
        <line num="63" count="0" type="cond" truecount="0" falsecount="2"/>
        <line num="64" count="0" type="stmt"/>
        <line num="68" count="96" type="stmt"/>
        <line num="69" count="0" type="cond" truecount="0" falsecount="2"/>
        <line num="70" count="0" type="stmt"/>
        <line num="74" count="0" type="stmt"/>
        <line num="75" count="0" type="stmt"/>
        <line num="79" count="96" type="stmt"/>
        <line num="80" count="0" type="stmt"/>
        <line num="83" count="96" type="stmt"/>
        <line num="84" count="0" type="stmt"/>
        <line num="87" count="96" type="stmt"/>
        <line num="88" count="0" type="stmt"/>
        <line num="91" count="96" type="stmt"/>
        <line num="92" count="0" type="stmt"/>
        <line num="94" count="96" type="stmt"/>
      </file>
      <file name="record-listing.service.ts" path="/Users/pavelterenin/workspace/rhea-ui/src/app/shared/services/record-listing/record-listing.service.ts">
        <metrics statements="14" coveredstatements="6" conditionals="2" coveredconditionals="0" methods="6" coveredmethods="1"/>
        <line num="11" count="96" type="stmt"/>
        <line num="12" count="0" type="stmt"/>
        <line num="14" count="0" type="stmt"/>
        <line num="16" count="0" type="stmt"/>
        <line num="18" count="96" type="stmt"/>
        <line num="19" count="0" type="stmt"/>
        <line num="22" count="96" type="stmt"/>
        <line num="23" count="0" type="cond" truecount="0" falsecount="2"/>
        <line num="25" count="0" type="stmt"/>
        <line num="33" count="96" type="stmt"/>
        <line num="34" count="0" type="stmt"/>
        <line num="39" count="96" type="stmt"/>
        <line num="40" count="0" type="stmt"/>
        <line num="42" count="96" type="stmt"/>
      </file>
    </package>
    <package name="src.app.shared.services.report-download">
      <metrics statements="16" coveredstatements="6" conditionals="0" coveredconditionals="0" methods="7" coveredmethods="1"/>
      <file name="report-download.service.ts" path="/Users/pavelterenin/workspace/rhea-ui/src/app/shared/services/report-download/report-download.service.ts">
        <metrics statements="16" coveredstatements="6" conditionals="0" coveredconditionals="0" methods="7" coveredmethods="1"/>
        <line num="7" count="96" type="stmt"/>
        <line num="8" count="0" type="stmt"/>
        <line num="9" count="0" type="stmt"/>
        <line num="10" count="0" type="stmt"/>
        <line num="11" count="0" type="stmt"/>
        <line num="13" count="96" type="stmt"/>
        <line num="14" count="0" type="stmt"/>
        <line num="15" count="0" type="stmt"/>
        <line num="18" count="96" type="stmt"/>
        <line num="19" count="0" type="stmt"/>
        <line num="20" count="0" type="stmt"/>
        <line num="23" count="96" type="stmt"/>
        <line num="24" count="0" type="stmt"/>
        <line num="32" count="96" type="stmt"/>
        <line num="33" count="0" type="stmt"/>
        <line num="35" count="96" type="stmt"/>
      </file>
    </package>
    <package name="src.app.shared.services.third-party">
      <metrics statements="9" coveredstatements="4" conditionals="0" coveredconditionals="0" methods="5" coveredmethods="1"/>
      <file name="third-party.service.ts" path="/Users/pavelterenin/workspace/rhea-ui/src/app/shared/services/third-party/third-party.service.ts">
        <metrics statements="9" coveredstatements="4" conditionals="0" coveredconditionals="0" methods="5" coveredmethods="1"/>
        <line num="11" count="18" type="stmt"/>
        <line num="13" count="0" type="stmt"/>
        <line num="14" count="0" type="stmt"/>
        <line num="17" count="18" type="stmt"/>
        <line num="18" count="0" type="stmt"/>
        <line num="20" count="18" type="stmt"/>
        <line num="21" count="0" type="stmt"/>
        <line num="24" count="0" type="stmt"/>
        <line num="28" count="18" type="stmt"/>
      </file>
    </package>
    <package name="src.app.shared.services.user">
      <metrics statements="24" coveredstatements="11" conditionals="8" coveredconditionals="2" methods="5" coveredmethods="3"/>
      <file name="user.service.ts" path="/Users/pavelterenin/workspace/rhea-ui/src/app/shared/services/user/user.service.ts">
        <metrics statements="24" coveredstatements="11" conditionals="8" coveredconditionals="2" methods="5" coveredmethods="3"/>
        <line num="11" count="96" type="stmt"/>
        <line num="12" count="5" type="stmt"/>
        <line num="18" count="96" type="stmt"/>
        <line num="20" count="0" type="stmt"/>
        <line num="23" count="0" type="stmt"/>
        <line num="24" count="0" type="stmt"/>
        <line num="26" count="0" type="stmt"/>
        <line num="28" count="0" type="cond" truecount="0" falsecount="4"/>
        <line num="29" count="0" type="stmt"/>
        <line num="30" count="0" type="stmt"/>
        <line num="31" count="0" type="stmt"/>
        <line num="34" count="0" type="stmt"/>
        <line num="36" count="0" type="stmt"/>
        <line num="39" count="96" type="stmt"/>
        <line num="40" count="4" type="stmt"/>
        <line num="43" count="4" type="stmt"/>
        <line num="44" count="4" type="stmt"/>
        <line num="46" count="4" type="stmt"/>
        <line num="48" count="4" type="cond" truecount="2" falsecount="2"/>
        <line num="49" count="0" type="stmt"/>
        <line num="50" count="0" type="stmt"/>
        <line num="51" count="0" type="stmt"/>
        <line num="53" count="4" type="stmt"/>
        <line num="55" count="96" type="stmt"/>
      </file>
    </package>
    <package name="src.app.shared.services.user-role-controller">
      <metrics statements="13" coveredstatements="12" conditionals="0" coveredconditionals="0" methods="7" coveredmethods="6"/>
      <file name="user-role-controller.service.ts" path="/Users/pavelterenin/workspace/rhea-ui/src/app/shared/services/user-role-controller/user-role-controller.service.ts">
        <metrics statements="13" coveredstatements="12" conditionals="0" coveredconditionals="0" methods="7" coveredmethods="6"/>
        <line num="9" count="96" type="stmt"/>
        <line num="12" count="96" type="stmt"/>
        <line num="13" count="114" type="stmt"/>
        <line num="16" count="96" type="stmt"/>
        <line num="17" count="79" type="stmt"/>
        <line num="20" count="79" type="stmt"/>
        <line num="22" count="96" type="stmt"/>
        <line num="23" count="79" type="stmt"/>
        <line num="28" count="96" type="stmt"/>
        <line num="29" count="79" type="stmt"/>
        <line num="32" count="96" type="stmt"/>
        <line num="33" count="0" type="stmt"/>
        <line num="35" count="96" type="stmt"/>
      </file>
    </package>
    <package name="src.app.shared.utils">
      <metrics statements="62" coveredstatements="30" conditionals="28" coveredconditionals="19" methods="26" coveredmethods="14"/>
      <file name="basic-utils.ts" path="/Users/pavelterenin/workspace/rhea-ui/src/app/shared/utils/basic-utils.ts">
        <metrics statements="41" coveredstatements="18" conditionals="24" coveredconditionals="15" methods="13" coveredmethods="7"/>
        <line num="6" count="96" type="stmt"/>
        <line num="9" count="1287330" type="cond" truecount="2" falsecount="0"/>
        <line num="13" count="1082143" type="stmt"/>
        <line num="17" count="204601" type="cond" truecount="2" falsecount="0"/>
        <line num="21" count="0" type="stmt"/>
        <line num="25" count="0" type="stmt"/>
        <line num="31" count="0" type="cond" truecount="0" falsecount="2"/>
        <line num="32" count="0" type="stmt"/>
        <line num="33" count="0" type="stmt"/>
        <line num="36" count="0" type="stmt"/>
        <line num="40" count="0" type="stmt"/>
        <line num="42" count="0" type="stmt"/>
        <line num="47" count="980" type="stmt"/>
        <line num="52" count="618970" type="cond" truecount="4" falsecount="0"/>
        <line num="53" count="519454" type="stmt"/>
        <line num="56" count="99516" type="stmt"/>
        <line num="58" count="99516" type="cond" truecount="4" falsecount="0"/>
        <line num="59" count="71626" type="stmt"/>
        <line num="62" count="27890" type="stmt"/>
        <line num="64" count="27890" type="stmt"/>
        <line num="65" count="27910" type="stmt"/>
        <line num="67" count="27910" type="stmt"/>
        <line num="73" count="27890" type="stmt"/>
        <line num="77" count="524" type="cond" truecount="3" falsecount="1"/>
        <line num="78" count="0" type="stmt"/>
        <line num="81" count="524" type="stmt"/>
        <line num="85" count="0" type="stmt"/>
        <line num="88" count="524" type="stmt"/>
        <line num="92" count="0" type="stmt"/>
        <line num="93" count="0" type="stmt"/>
        <line num="94" count="0" type="stmt"/>
        <line num="95" count="0" type="stmt"/>
        <line num="96" count="0" type="stmt"/>
        <line num="99" count="0" type="cond" truecount="0" falsecount="2"/>
        <line num="100" count="0" type="stmt"/>
        <line num="102" count="0" type="stmt"/>
        <line num="103" count="0" type="stmt"/>
        <line num="104" count="0" type="stmt"/>
        <line num="105" count="0" type="stmt"/>
        <line num="106" count="0" type="stmt"/>
        <line num="108" count="0" type="stmt"/>
      </file>
      <file name="datetime-utils.ts" path="/Users/pavelterenin/workspace/rhea-ui/src/app/shared/utils/datetime-utils.ts">
        <metrics statements="1" coveredstatements="0" conditionals="0" coveredconditionals="0" methods="1" coveredmethods="0"/>
        <line num="2" count="0" type="stmt"/>
      </file>
      <file name="error-utils.ts" path="/Users/pavelterenin/workspace/rhea-ui/src/app/shared/utils/error-utils.ts">
        <metrics statements="1" coveredstatements="0" conditionals="0" coveredconditionals="0" methods="1" coveredmethods="0"/>
        <line num="3" count="0" type="stmt"/>
      </file>
      <file name="form-utils.ts" path="/Users/pavelterenin/workspace/rhea-ui/src/app/shared/utils/form-utils.ts">
        <metrics statements="11" coveredstatements="6" conditionals="4" coveredconditionals="4" methods="5" coveredmethods="2"/>
        <line num="11" count="96" type="stmt"/>
        <line num="19" count="544" type="cond" truecount="2" falsecount="0"/>
        <line num="20" count="544" type="stmt"/>
        <line num="21" count="544" type="cond" truecount="2" falsecount="0"/>
        <line num="35" count="15" type="stmt"/>
        <line num="36" count="0" type="stmt"/>
        <line num="38" count="15" type="stmt"/>
        <line num="59" count="0" type="stmt"/>
        <line num="60" count="0" type="stmt"/>
        <line num="61" count="0" type="stmt"/>
        <line num="62" count="0" type="stmt"/>
      </file>
      <file name="route-utils.ts" path="/Users/pavelterenin/workspace/rhea-ui/src/app/shared/utils/route-utils.ts">
        <metrics statements="2" coveredstatements="2" conditionals="0" coveredconditionals="0" methods="2" coveredmethods="2"/>
        <line num="14" count="125" type="stmt"/>
        <line num="16" count="125" type="stmt"/>
      </file>
      <file name="rxjs-utils.ts" path="/Users/pavelterenin/workspace/rhea-ui/src/app/shared/utils/rxjs-utils.ts">
        <metrics statements="6" coveredstatements="4" conditionals="0" coveredconditionals="0" methods="4" coveredmethods="3"/>
        <line num="17" count="105" type="stmt"/>
        <line num="19" count="105" type="stmt"/>
        <line num="20" count="96" type="stmt"/>
        <line num="22" count="0" type="stmt"/>
        <line num="23" count="0" type="stmt"/>
        <line num="38" count="6" type="stmt"/>
      </file>
    </package>
    <package name="src.environments">
      <metrics statements="1" coveredstatements="1" conditionals="0" coveredconditionals="0" methods="0" coveredmethods="0"/>
      <file name="environment.ts" path="/Users/pavelterenin/workspace/rhea-ui/src/environments/environment.ts">
        <metrics statements="1" coveredstatements="1" conditionals="0" coveredconditionals="0" methods="0" coveredmethods="0"/>
        <line num="5" count="96" type="stmt"/>
      </file>
    </package>
  </project>
</coverage>
