TN:
SF:src/main.ts
FN:12,(anonymous_0)
FNF:1
FNH:0
FNDA:0,(anonymous_0)
DA:7,96
DA:8,0
DA:11,96
DA:12,0
LF:4
LH:2
BRDA:7,0,0,0
BRDA:7,0,1,96
BRF:2
BRH:1
end_of_record
TN:
SF:src/polyfills.ts
FN:84,(anonymous_0)
FNF:1
FNH:0
FNDA:0,(anonymous_0)
DA:63,96
DA:64,96
DA:65,96
DA:71,96
DA:83,96
DA:84,0
DA:85,0
DA:86,0
DA:87,0
LF:9
LH:5
BRDA:83,0,0,0
BRDA:83,0,1,96
BRDA:83,1,0,96
BRDA:83,1,1,96
BRDA:85,2,0,0
BRDA:85,2,1,0
BRF:6
BRH:3
end_of_record
TN:
SF:src/app/app-routing.model.ts
FN:42,(anonymous_0)
FNF:1
FNH:1
FNDA:114,(anonymous_0)
DA:3,96
DA:16,96
DA:24,96
DA:42,96
DA:43,114
DA:45,0
DA:47,0
DA:49,0
LF:8
LH:5
BRDA:44,0,0,0
BRDA:44,0,1,0
BRDA:44,0,2,0
BRF:3
BRH:0
end_of_record
TN:
SF:src/app/app-routing.module.ts
FN:93,(anonymous_1)
FNF:1
FNH:1
FNDA:175,(anonymous_1)
DA:8,96
DA:93,96
LF:2
LH:2
BRF:0
BRH:0
end_of_record
TN:
SF:src/app/app.component.ts
FN:29,(anonymous_4)
FN:71,AppComponent
FN:96,(anonymous_6)
FN:97,(anonymous_7)
FN:103,(anonymous_8)
FN:114,(anonymous_9)
FN:118,(anonymous_10)
FN:133,(anonymous_11)
FN:137,(anonymous_12)
FN:138,(anonymous_13)
FN:139,(anonymous_14)
FN:145,(anonymous_15)
FN:146,(anonymous_16)
FN:148,(anonymous_17)
FN:173,(anonymous_18)
FN:181,(anonymous_19)
FN:183,(anonymous_20)
FN:195,(anonymous_21)
FN:197,(anonymous_22)
FN:203,(anonymous_23)
FN:212,(anonymous_24)
FN:216,(anonymous_25)
FN:228,(anonymous_26)
FN:239,(anonymous_27)
FN:241,(anonymous_28)
FNF:25
FNH:21
FNDA:96,(anonymous_4)
FNDA:79,AppComponent
FNDA:79,(anonymous_6)
FNDA:79,(anonymous_7)
FNDA:79,(anonymous_8)
FNDA:79,(anonymous_9)
FNDA:79,(anonymous_10)
FNDA:79,(anonymous_11)
FNDA:3435,(anonymous_12)
FNDA:114,(anonymous_13)
FNDA:114,(anonymous_14)
FNDA:114,(anonymous_15)
FNDA:114,(anonymous_16)
FNDA:114,(anonymous_17)
FNDA:114,(anonymous_18)
FNDA:0,(anonymous_19)
FNDA:0,(anonymous_20)
FNDA:1,(anonymous_21)
FNDA:0,(anonymous_22)
FNDA:79,(anonymous_23)
FNDA:79,(anonymous_24)
FNDA:79,(anonymous_25)
FNDA:0,(anonymous_26)
FNDA:79,(anonymous_27)
FNDA:632,(anonymous_28)
DA:29,96
DA:71,79
DA:72,79
DA:73,79
DA:74,79
DA:75,79
DA:76,79
DA:77,79
DA:78,79
DA:79,79
DA:80,79
DA:81,79
DA:82,79
DA:83,79
DA:84,79
DA:85,79
DA:87,79
DA:88,79
DA:89,79
DA:90,79
DA:91,79
DA:92,79
DA:94,79
DA:97,79
DA:98,79
DA:99,79
DA:103,79
DA:104,79
DA:105,79
DA:108,79
DA:114,96
DA:115,79
DA:118,96
DA:119,79
DA:120,79
DA:121,79
DA:124,79
DA:133,96
DA:135,79
DA:137,3435
DA:138,114
DA:140,114
DA:141,570
DA:143,114
DA:145,114
DA:146,114
DA:149,114
DA:150,114
DA:151,114
DA:152,114
DA:153,114
DA:154,114
DA:155,114
DA:156,114
DA:157,114
DA:159,114
DA:160,0
DA:163,114
DA:164,1
DA:167,114
DA:168,35
DA:173,96
DA:174,114
DA:175,114
DA:177,0
DA:179,0
DA:180,0
DA:181,0
DA:182,0
DA:184,0
DA:187,0
DA:188,0
DA:191,0
DA:195,96
DA:196,1
DA:197,1
DA:198,0
DA:203,96
DA:204,79
DA:205,79
DA:206,79
DA:209,79
DA:212,96
DA:213,79
DA:217,79
DA:218,79
DA:220,79
DA:221,0
DA:222,0
DA:225,79
DA:229,0
DA:230,0
DA:231,0
DA:233,0
DA:239,96
DA:240,79
DA:241,632
DA:243,79
DA:244,79
DA:246,0
DA:249,96
LF:101
LH:83
BRDA:159,0,0,0
BRDA:159,0,1,114
BRDA:163,1,0,1
BRDA:163,1,1,113
BRDA:167,2,0,35
BRDA:167,2,1,79
BRDA:174,3,0,114
BRDA:174,3,1,0
BRDA:179,4,0,0
BRDA:179,4,1,0
BRDA:184,5,0,0
BRDA:184,5,1,0
BRDA:187,6,0,0
BRDA:187,6,1,0
BRDA:196,7,0,1
BRDA:196,7,1,0
BRDA:205,8,0,79
BRDA:205,8,1,79
BRDA:207,9,0,79
BRDA:207,9,1,79
BRDA:220,10,0,0
BRDA:220,10,1,79
BRDA:229,11,0,0
BRDA:229,11,1,0
BRDA:243,12,0,79
BRDA:243,12,1,0
BRF:26
BRH:13
end_of_record
TN:
SF:src/app/app.constants.ts
FNF:0
FNH:0
DA:2,96
DA:5,96
DA:17,96
DA:21,96
DA:36,96
DA:43,96
DA:48,96
DA:61,96
LF:8
LH:8
BRF:0
BRH:0
end_of_record
TN:
SF:src/app/app.model.ts
FNF:0
FNH:0
DA:1,79
LF:1
LH:1
BRF:0
BRH:0
end_of_record
TN:
SF:src/app/app.module.ts
FN:39,HttpLoaderFactory
FN:85,(anonymous_2)
FNF:2
FNH:2
FNDA:79,HttpLoaderFactory
FNDA:175,(anonymous_2)
DA:40,79
DA:85,96
LF:2
LH:2
BRF:0
BRH:0
end_of_record
TN:
SF:src/app/business-processes/business-processes-routing.module.ts
FN:95,(anonymous_1)
FNF:1
FNH:1
FNDA:158,(anonymous_1)
DA:8,79
DA:95,79
LF:2
LH:2
BRF:0
BRH:0
end_of_record
TN:
SF:src/app/business-processes/business-processes.component.ts
FN:15,(anonymous_1)
FNF:1
FNH:1
FNDA:158,(anonymous_1)
DA:15,79
LF:1
LH:1
BRF:0
BRH:0
end_of_record
TN:
SF:src/app/business-processes/business-processes.module.ts
FN:50,(anonymous_1)
FNF:1
FNH:1
FNDA:158,(anonymous_1)
DA:50,79
LF:1
LH:1
BRF:0
BRH:0
end_of_record
TN:
SF:src/app/business-processes/all-bp/all-business-processes.component.ts
FN:19,(anonymous_2)
FN:24,AllBusinessProcessesComponent
FN:33,(anonymous_4)
FN:35,(anonymous_5)
FN:36,(anonymous_6)
FN:40,(anonymous_7)
FN:44,(anonymous_8)
FN:49,(anonymous_9)
FN:53,(anonymous_10)
FN:56,(anonymous_11)
FN:61,(anonymous_12)
FNF:11
FNH:1
FNDA:79,(anonymous_2)
FNDA:0,AllBusinessProcessesComponent
FNDA:0,(anonymous_4)
FNDA:0,(anonymous_5)
FNDA:0,(anonymous_6)
FNDA:0,(anonymous_7)
FNDA:0,(anonymous_8)
FNDA:0,(anonymous_9)
FNDA:0,(anonymous_10)
FNDA:0,(anonymous_11)
FNDA:0,(anonymous_12)
DA:19,79
DA:21,0
DA:25,0
DA:26,0
DA:27,0
DA:28,0
DA:30,0
DA:33,79
DA:35,79
DA:36,0
DA:37,0
DA:40,79
DA:41,0
DA:42,0
DA:45,0
DA:49,79
DA:50,0
DA:54,0
DA:57,0
DA:58,0
DA:62,0
DA:63,0
DA:64,0
DA:66,0
DA:69,0
DA:73,79
LF:26
LH:6
BRDA:62,0,0,0
BRDA:62,0,1,0
BRDA:63,1,0,0
BRDA:63,1,1,0
BRF:4
BRH:0
end_of_record
TN:
SF:src/app/business-processes/business-process-wizard/business-process-wizard-routing.module.ts
FN:41,(anonymous_1)
FNF:1
FNH:1
FNDA:36,(anonymous_1)
DA:8,18
DA:41,18
LF:2
LH:2
BRF:0
BRH:0
end_of_record
TN:
SF:src/app/business-processes/business-process-wizard/business-process-wizard.component.ts
FN:9,(anonymous_14)
FN:10,BusinessProcessWizardComponent
FN:12,(anonymous_16)
FN:16,(anonymous_19)
FN:20,(anonymous_20)
FN:25,(anonymous_21)
FNF:6
FNH:4
FNDA:18,(anonymous_14)
FNDA:18,BusinessProcessWizardComponent
FNDA:18,(anonymous_16)
FNDA:0,(anonymous_19)
FNDA:18,(anonymous_20)
FNDA:0,(anonymous_21)
DA:9,18
DA:12,18
DA:13,18
DA:16,18
DA:17,0
DA:20,18
DA:21,18
DA:22,18
DA:25,18
DA:26,0
DA:27,0
DA:29,18
LF:12
LH:9
BRF:0
BRH:0
end_of_record
TN:
SF:src/app/business-processes/business-process-wizard/business-process-wizard.module.ts
FN:146,(anonymous_1)
FNF:1
FNH:1
FNDA:36,(anonymous_1)
DA:146,18
LF:1
LH:1
BRF:0
BRH:0
end_of_record
TN:
SF:src/app/business-processes/business-process-wizard/business-process-wizard.service.ts
FN:7,(anonymous_2)
FN:10,BusinessProcessWizardService
FNF:2
FNH:2
FNDA:79,(anonymous_2)
FNDA:25,BusinessProcessWizardService
DA:7,79
DA:11,25
DA:13,79
LF:3
LH:3
BRF:0
BRH:0
end_of_record
TN:
SF:src/app/business-processes/business-process-wizard/details/details.component.ts
FN:39,(anonymous_2)
FN:57,DetailsComponent
FN:65,(anonymous_4)
FN:72,(anonymous_5)
FN:76,(anonymous_6)
FN:80,(anonymous_7)
FN:91,(anonymous_8)
FN:96,(anonymous_9)
FN:102,(anonymous_10)
FN:106,(anonymous_11)
FN:111,(anonymous_12)
FN:118,(anonymous_13)
FN:123,(anonymous_14)
FN:136,(anonymous_15)
FN:140,(anonymous_16)
FN:154,(anonymous_17)
FN:160,(anonymous_18)
FNF:17
FNH:12
FNDA:18,(anonymous_2)
FNDA:17,DetailsComponent
FNDA:17,(anonymous_4)
FNDA:17,(anonymous_5)
FNDA:17,(anonymous_6)
FNDA:16,(anonymous_7)
FNDA:17,(anonymous_8)
FNDA:16,(anonymous_9)
FNDA:16,(anonymous_10)
FNDA:16,(anonymous_11)
FNDA:2496,(anonymous_12)
FNDA:2523,(anonymous_13)
FNDA:0,(anonymous_14)
FNDA:0,(anonymous_15)
FNDA:0,(anonymous_16)
FNDA:0,(anonymous_17)
FNDA:0,(anonymous_18)
DA:39,18
DA:49,17
DA:51,17
DA:54,17
DA:55,17
DA:57,17
DA:58,17
DA:59,17
DA:60,17
DA:61,17
DA:62,17
DA:63,17
DA:65,17
DA:66,17
DA:72,18
DA:73,17
DA:76,18
DA:78,17
DA:81,16
DA:82,0
DA:91,18
DA:93,17
DA:94,17
DA:97,16
DA:98,16
DA:102,18
DA:103,16
DA:104,16
DA:107,16
DA:111,18
DA:112,2496
DA:113,0
DA:118,18
DA:119,2523
DA:120,2523
DA:123,18
DA:124,0
DA:125,0
DA:126,0
DA:128,0
DA:130,0
DA:131,0
DA:132,0
DA:136,18
DA:137,0
DA:138,0
DA:141,0
DA:142,0
DA:143,0
DA:154,18
DA:155,0
DA:160,18
DA:161,18
LF:53
LH:38
BRDA:81,0,0,0
BRDA:81,0,1,16
BRDA:112,1,0,0
BRDA:112,1,1,2496
BRDA:120,2,0,2523
BRDA:120,2,1,0
BRDA:124,3,0,0
BRDA:124,3,1,0
BRDA:124,4,0,0
BRDA:124,4,1,0
BRDA:125,5,0,0
BRDA:125,5,1,0
BRDA:142,6,0,0
BRDA:142,6,1,0
BRF:14
BRH:3
end_of_record
TN:
SF:src/app/business-processes/business-process-wizard/shared/components/business-process-detail/business-process-detail.component.ts
FN:20,(anonymous_2)
FN:38,BusinessProcessDetailComponent
FN:40,(anonymous_4)
FN:43,(anonymous_5)
FN:51,(anonymous_6)
FN:68,(anonymous_7)
FN:80,(anonymous_8)
FN:82,(anonymous_9)
FN:86,(anonymous_10)
FN:92,(anonymous_11)
FNF:10
FNH:7
FNDA:18,(anonymous_2)
FNDA:17,BusinessProcessDetailComponent
FNDA:17,(anonymous_4)
FNDA:33,(anonymous_5)
FNDA:33,(anonymous_6)
FNDA:2523,(anonymous_7)
FNDA:0,(anonymous_8)
FNDA:0,(anonymous_9)
FNDA:0,(anonymous_10)
FNDA:2496,(anonymous_11)
DA:20,18
DA:23,18
DA:24,18
DA:26,18
DA:29,18
DA:38,17
DA:40,18
DA:41,17
DA:42,17
DA:43,17
DA:44,33
DA:45,16
DA:46,16
DA:51,33
DA:52,33
DA:68,33
DA:69,2523
DA:70,2523
DA:71,2496
DA:74,33
DA:80,18
DA:81,0
DA:82,0
DA:86,18
DA:87,0
DA:88,0
DA:92,18
DA:93,2496
DA:94,0
DA:96,2496
DA:98,2496
DA:99,2496
DA:100,2496
DA:101,2496
DA:103,18
LF:35
LH:30
BRDA:44,0,0,16
BRDA:44,0,1,17
BRDA:54,1,0,16
BRDA:54,1,1,17
BRDA:54,2,0,33
BRDA:54,2,1,16
BRDA:59,3,0,0
BRDA:59,3,1,33
BRDA:58,4,0,33
BRDA:58,4,1,16
BRDA:63,5,0,16
BRDA:63,5,1,17
BRDA:63,6,0,33
BRDA:63,6,1,16
BRDA:70,7,0,2496
BRDA:70,7,1,27
BRDA:82,8,0,0
BRDA:82,8,1,0
BRDA:81,9,0,0
BRDA:81,9,1,0
BRDA:87,10,0,0
BRDA:87,10,1,0
BRDA:87,11,0,0
BRDA:87,11,1,0
BRDA:93,12,0,0
BRDA:93,12,1,2496
BRF:26
BRH:16
end_of_record
TN:
SF:src/app/business-processes/business-process-wizard/shared/components/business-process-wizard-footer/business-process-wizard-footer.component.ts
FN:16,(anonymous_2)
FN:32,BusinessProcessWizardFooterComponent
FN:41,(anonymous_4)
FN:43,(anonymous_5)
FN:47,(anonymous_6)
FN:51,(anonymous_7)
FNF:6
FNH:3
FNDA:79,(anonymous_2)
FNDA:18,BusinessProcessWizardFooterComponent
FNDA:18,(anonymous_4)
FNDA:0,(anonymous_5)
FNDA:0,(anonymous_6)
FNDA:0,(anonymous_7)
DA:16,79
DA:17,79
DA:20,79
DA:21,79
DA:22,79
DA:24,79
DA:25,79
DA:26,79
DA:28,79
DA:29,79
DA:30,79
DA:32,18
DA:33,18
DA:34,18
DA:35,18
DA:36,18
DA:37,18
DA:38,18
DA:41,79
DA:43,79
DA:44,0
DA:47,79
DA:48,0
DA:51,79
DA:52,0
DA:54,79
LF:26
LH:23
BRF:0
BRH:0
end_of_record
TN:
SF:src/app/business-processes/business-process-wizard/shared/components/business-process-wizard-header/business-process-wizard-header.component.ts
FN:53,(anonymous_2)
FN:93,BusinessProcessWizardHeaderComponent
FN:115,(anonymous_4)
FN:119,(anonymous_5)
FN:126,(anonymous_6)
FN:136,(anonymous_7)
FN:138,(anonymous_8)
FN:142,(anonymous_9)
FN:149,(anonymous_10)
FN:153,(anonymous_11)
FN:170,(anonymous_12)
FN:174,(anonymous_13)
FN:180,(anonymous_14)
FN:185,(anonymous_15)
FN:191,(anonymous_16)
FN:195,(anonymous_17)
FN:199,(anonymous_18)
FN:206,(anonymous_19)
FN:210,(anonymous_20)
FN:224,(anonymous_21)
FN:232,(anonymous_22)
FN:238,(anonymous_23)
FN:240,(anonymous_24)
FN:246,(anonymous_25)
FN:253,(anonymous_26)
FN:260,(anonymous_27)
FN:263,(anonymous_28)
FN:273,(anonymous_29)
FN:278,(anonymous_30)
FN:284,(anonymous_31)
FN:288,(anonymous_32)
FN:292,(anonymous_33)
FN:299,(anonymous_34)
FN:303,(anonymous_35)
FN:305,(anonymous_36)
FNF:35
FNH:22
FNDA:79,(anonymous_2)
FNDA:26,BusinessProcessWizardHeaderComponent
FNDA:26,(anonymous_4)
FNDA:51,(anonymous_5)
FNDA:26,(anonymous_6)
FNDA:2,(anonymous_7)
FNDA:26,(anonymous_8)
FNDA:25,(anonymous_9)
FNDA:0,(anonymous_10)
FNDA:12,(anonymous_11)
FNDA:26,(anonymous_12)
FNDA:25,(anonymous_13)
FNDA:26,(anonymous_14)
FNDA:25,(anonymous_15)
FNDA:12,(anonymous_16)
FNDA:12,(anonymous_17)
FNDA:0,(anonymous_18)
FNDA:12,(anonymous_19)
FNDA:0,(anonymous_20)
FNDA:0,(anonymous_21)
FNDA:26,(anonymous_22)
FNDA:25,(anonymous_23)
FNDA:25,(anonymous_24)
FNDA:0,(anonymous_25)
FNDA:0,(anonymous_26)
FNDA:0,(anonymous_27)
FNDA:0,(anonymous_28)
FNDA:26,(anonymous_29)
FNDA:25,(anonymous_30)
FNDA:0,(anonymous_31)
FNDA:0,(anonymous_32)
FNDA:0,(anonymous_33)
FNDA:0,(anonymous_34)
FNDA:25,(anonymous_35)
FNDA:0,(anonymous_36)
DA:30,79
DA:53,79
DA:54,79
DA:57,79
DA:58,79
DA:69,79
DA:70,79
DA:71,79
DA:72,79
DA:80,26
DA:81,26
DA:82,26
DA:83,26
DA:84,26
DA:94,26
DA:95,26
DA:96,26
DA:97,26
DA:98,26
DA:99,26
DA:100,26
DA:101,26
DA:102,26
DA:103,26
DA:104,26
DA:106,26
DA:107,26
DA:108,26
DA:109,26
DA:110,26
DA:115,79
DA:116,26
DA:117,26
DA:118,26
DA:120,51
DA:125,26
DA:127,26
DA:131,26
DA:132,26
DA:133,26
DA:136,79
DA:138,79
DA:139,26
DA:140,26
DA:143,25
DA:149,79
DA:150,0
DA:153,79
DA:155,12
DA:157,12
DA:158,12
DA:161,12
DA:162,0
DA:170,79
DA:171,26
DA:172,26
DA:175,25
DA:177,26
DA:180,79
DA:181,26
DA:182,26
DA:183,26
DA:186,25
DA:191,79
DA:192,12
DA:193,12
DA:194,12
DA:196,12
DA:197,12
DA:200,0
DA:201,0
DA:206,79
DA:207,12
DA:210,79
DA:211,0
DA:212,0
DA:215,0
DA:224,79
DA:225,0
DA:226,0
DA:232,79
DA:233,26
DA:234,26
DA:235,26
DA:239,25
DA:240,25
DA:242,25
DA:243,25
DA:244,25
DA:247,0
DA:248,0
DA:253,79
DA:254,0
DA:255,0
DA:256,0
DA:257,0
DA:261,0
DA:264,0
DA:265,0
DA:273,79
DA:274,26
DA:275,26
DA:276,26
DA:279,25
DA:284,79
DA:285,0
DA:286,0
DA:287,0
DA:289,0
DA:290,0
DA:293,0
DA:294,0
DA:299,79
DA:300,0
DA:303,79
DA:304,25
DA:306,0
DA:312,79
LF:118
LH:91
BRDA:126,0,0,26
BRDA:126,0,1,0
BRDA:157,1,0,12
BRDA:157,1,1,0
BRDA:161,2,0,0
BRDA:161,2,1,12
BRDA:181,3,0,26
BRDA:181,3,1,0
BRDA:211,4,0,0
BRDA:211,4,1,0
BRDA:211,5,0,0
BRDA:211,5,1,0
BRDA:225,6,0,0
BRDA:225,6,1,0
BRDA:274,7,0,26
BRDA:274,7,1,0
BRDA:305,8,0,0
BRDA:305,8,1,25
BRF:18
BRH:6
end_of_record
TN:
SF:src/app/business-processes/business-process-wizard/shared/components/business-process-wizard-header/business-process-wizard-header.module.ts
FN:49,(anonymous_1)
FNF:1
FNH:1
FNDA:196,(anonymous_1)
DA:49,79
LF:1
LH:1
BRF:0
BRH:0
end_of_record
TN:
SF:src/app/business-processes/business-process-wizard/shared/components/custom-icon-maximize/custom-icon-maximize.component.ts
FN:8,(anonymous_2)
FN:9,CustomIconMaximizeComponent
FN:11,(anonymous_4)
FNF:3
FNH:3
FNDA:18,(anonymous_2)
FNDA:1,CustomIconMaximizeComponent
FNDA:1,(anonymous_4)
DA:8,18
DA:11,18
DA:12,18
LF:3
LH:3
BRF:0
BRH:0
end_of_record
TN:
SF:src/app/business-processes/business-process-wizard/shared/components/custom-icon-minimize/custom-icon-minimize.component.ts
FN:8,(anonymous_2)
FN:9,CustomIconMinimizeComponent
FN:11,(anonymous_4)
FNF:3
FNH:1
FNDA:18,(anonymous_2)
FNDA:0,CustomIconMinimizeComponent
FNDA:0,(anonymous_4)
DA:8,18
DA:11,18
DA:12,18
LF:3
LH:3
BRF:0
BRH:0
end_of_record
TN:
SF:src/app/business-processes/business-process-wizard/shared/components/modals/modals.module.ts
FN:33,(anonymous_1)
FNF:1
FNH:1
FNDA:371,(anonymous_1)
DA:33,96
LF:1
LH:1
BRF:0
BRH:0
end_of_record
TN:
SF:src/app/business-processes/business-process-wizard/shared/components/modals/modal-confirmation-basic/modal-confirmation-basic.component.ts
FN:17,(anonymous_2)
FN:32,ModalConfirmationBasicComponent
FN:44,(anonymous_4)
FN:46,(anonymous_5)
FN:53,(anonymous_6)
FNF:5
FNH:1
FNDA:96,(anonymous_2)
FNDA:0,ModalConfirmationBasicComponent
FNDA:0,(anonymous_4)
FNDA:0,(anonymous_5)
FNDA:0,(anonymous_6)
DA:17,96
DA:18,96
DA:19,96
DA:20,96
DA:21,96
DA:22,96
DA:23,96
DA:24,96
DA:25,96
DA:27,96
DA:29,96
DA:30,96
DA:32,0
DA:33,0
DA:34,0
DA:35,0
DA:36,0
DA:37,0
DA:38,0
DA:40,0
DA:41,0
DA:44,96
DA:46,96
DA:47,0
DA:48,0
DA:49,0
DA:53,96
DA:54,0
DA:55,0
DA:57,96
LF:30
LH:16
BRDA:47,0,0,0
BRDA:47,0,1,0
BRF:2
BRH:0
end_of_record
TN:
SF:src/app/business-processes/business-process-wizard/shared/components/modals/modal-confirmation-three-button/modal-confirmation-three-button.component.ts
FN:17,(anonymous_2)
FN:35,ModalConfirmationThreeButtonComponent
FN:49,(anonymous_4)
FN:51,(anonymous_5)
FN:58,(anonymous_6)
FN:63,(anonymous_7)
FNF:6
FNH:1
FNDA:96,(anonymous_2)
FNDA:0,ModalConfirmationThreeButtonComponent
FNDA:0,(anonymous_4)
FNDA:0,(anonymous_5)
FNDA:0,(anonymous_6)
FNDA:0,(anonymous_7)
DA:17,96
DA:18,96
DA:19,96
DA:20,96
DA:21,96
DA:22,96
DA:23,96
DA:24,96
DA:25,96
DA:26,96
DA:27,96
DA:29,96
DA:31,96
DA:32,96
DA:33,96
DA:35,0
DA:36,0
DA:37,0
DA:38,0
DA:39,0
DA:40,0
DA:41,0
DA:42,0
DA:44,0
DA:45,0
DA:46,0
DA:49,96
DA:51,96
DA:52,0
DA:53,0
DA:54,0
DA:58,96
DA:59,0
DA:60,0
DA:63,96
DA:64,0
DA:65,0
DA:67,96
LF:38
LH:20
BRDA:52,0,0,0
BRDA:52,0,1,0
BRF:2
BRH:0
end_of_record
TN:
SF:src/app/business-processes/business-process-wizard/shared/components/notes-attachments/notes-attachments.component.ts
FN:30,(anonymous_2)
FN:49,NotesAttachmentsComponent
FN:56,(anonymous_4)
FN:71,(anonymous_5)
FN:85,(anonymous_6)
FN:93,(anonymous_7)
FN:97,(anonymous_8)
FN:103,(anonymous_9)
FN:109,(anonymous_10)
FN:117,(anonymous_11)
FN:122,(anonymous_12)
FN:127,(anonymous_13)
FN:133,(anonymous_14)
FN:137,(anonymous_15)
FN:141,(anonymous_16)
FN:145,(anonymous_17)
FNF:16
FNH:8
FNDA:79,(anonymous_2)
FNDA:12,NotesAttachmentsComponent
FNDA:12,(anonymous_4)
FNDA:12,(anonymous_5)
FNDA:72,(anonymous_6)
FNDA:12,(anonymous_7)
FNDA:0,(anonymous_8)
FNDA:0,(anonymous_9)
FNDA:0,(anonymous_10)
FNDA:0,(anonymous_11)
FNDA:0,(anonymous_12)
FNDA:0,(anonymous_13)
FNDA:12,(anonymous_14)
FNDA:0,(anonymous_15)
FNDA:0,(anonymous_16)
FNDA:12,(anonymous_17)
DA:30,79
DA:42,79
DA:50,12
DA:51,12
DA:52,12
DA:53,12
DA:56,79
DA:57,12
DA:59,12
DA:60,12
DA:63,12
DA:68,12
DA:69,12
DA:72,12
DA:75,12
DA:76,12
DA:78,12
DA:79,12
DA:85,79
DA:86,72
DA:93,79
DA:94,12
DA:95,12
DA:98,0
DA:99,0
DA:103,79
DA:104,0
DA:105,0
DA:106,0
DA:110,0
DA:114,0
DA:115,0
DA:118,0
DA:127,79
DA:128,0
DA:129,0
DA:133,79
DA:134,12
DA:137,79
DA:138,0
DA:141,79
DA:142,0
DA:145,79
DA:146,79
LF:44
LH:31
BRDA:75,0,0,12
BRDA:75,0,1,0
BRDA:87,1,0,72
BRDA:87,1,1,0
BRDA:128,2,0,0
BRDA:128,2,1,0
BRF:6
BRH:2
end_of_record
TN:
SF:src/app/business-processes/business-process-wizard/shared/components/owing-organizations-contacts/owing-organizations-contacts.component.ts
FN:21,(anonymous_2)
FN:42,OwingOrganizationsContactsComponent
FN:55,(anonymous_4)
FN:59,(anonymous_5)
FN:67,(anonymous_6)
FN:79,(anonymous_7)
FN:88,(anonymous_8)
FN:94,(anonymous_9)
FN:99,(anonymous_10)
FN:106,(anonymous_11)
FN:111,(anonymous_12)
FN:118,(anonymous_13)
FN:123,(anonymous_14)
FN:129,(anonymous_15)
FN:135,(anonymous_16)
FN:151,(anonymous_17)
FN:167,(anonymous_18)
FN:168,(anonymous_19)
FN:171,(anonymous_20)
FN:174,(anonymous_21)
FN:175,(anonymous_22)
FN:192,(anonymous_23)
FN:200,(anonymous_24)
FN:204,(anonymous_25)
FN:209,(anonymous_26)
FN:214,(anonymous_27)
FN:218,(anonymous_28)
FN:223,(anonymous_29)
FN:226,(anonymous_30)
FN:231,(anonymous_31)
FN:234,(anonymous_32)
FN:240,(anonymous_33)
FN:245,(anonymous_34)
FN:250,(anonymous_35)
FN:255,(anonymous_36)
FN:258,(anonymous_37)
FN:267,(anonymous_38)
FN:270,(anonymous_39)
FN:277,(anonymous_40)
FN:280,(anonymous_41)
FN:287,(anonymous_42)
FNF:41
FNH:10
FNDA:79,(anonymous_2)
FNDA:17,OwingOrganizationsContactsComponent
FNDA:17,(anonymous_4)
FNDA:17,(anonymous_5)
FNDA:0,(anonymous_6)
FNDA:6,(anonymous_7)
FNDA:17,(anonymous_8)
FNDA:0,(anonymous_9)
FNDA:0,(anonymous_10)
FNDA:0,(anonymous_11)
FNDA:0,(anonymous_12)
FNDA:0,(anonymous_13)
FNDA:0,(anonymous_14)
FNDA:0,(anonymous_15)
FNDA:0,(anonymous_16)
FNDA:0,(anonymous_17)
FNDA:0,(anonymous_18)
FNDA:0,(anonymous_19)
FNDA:17,(anonymous_20)
FNDA:16,(anonymous_21)
FNDA:0,(anonymous_22)
FNDA:0,(anonymous_23)
FNDA:0,(anonymous_24)
FNDA:0,(anonymous_25)
FNDA:0,(anonymous_26)
FNDA:0,(anonymous_27)
FNDA:0,(anonymous_28)
FNDA:0,(anonymous_29)
FNDA:0,(anonymous_30)
FNDA:0,(anonymous_31)
FNDA:0,(anonymous_32)
FNDA:0,(anonymous_33)
FNDA:0,(anonymous_34)
FNDA:0,(anonymous_35)
FNDA:17,(anonymous_36)
FNDA:0,(anonymous_37)
FNDA:17,(anonymous_38)
FNDA:0,(anonymous_39)
FNDA:0,(anonymous_40)
FNDA:0,(anonymous_41)
FNDA:0,(anonymous_42)
DA:21,79
DA:22,79
DA:29,17
DA:30,17
DA:32,17
DA:33,17
DA:39,17
DA:40,17
DA:43,17
DA:44,17
DA:45,17
DA:46,17
DA:48,17
DA:49,17
DA:50,17
DA:51,17
DA:52,17
DA:55,79
DA:56,17
DA:57,17
DA:58,17
DA:59,17
DA:60,17
DA:61,17
DA:63,17
DA:64,17
DA:67,79
DA:68,0
DA:69,0
DA:71,0
DA:72,0
DA:74,0
DA:75,0
DA:79,79
DA:80,6
DA:88,79
DA:89,17
DA:94,79
DA:95,0
DA:96,0
DA:99,79
DA:100,0
DA:101,0
DA:102,0
DA:103,0
DA:107,0
DA:108,0
DA:112,0
DA:115,0
DA:119,0
DA:120,0
DA:124,0
DA:129,79
DA:130,0
DA:131,0
DA:132,0
DA:135,79
DA:136,0
DA:141,0
DA:142,0
DA:144,0
DA:145,0
DA:146,0
DA:148,0
DA:151,79
DA:152,0
DA:157,0
DA:158,0
DA:160,0
DA:161,0
DA:162,0
DA:164,0
DA:167,79
DA:168,0
DA:171,79
DA:172,17
DA:173,17
DA:175,16
DA:178,0
DA:179,0
DA:180,0
DA:183,16
DA:184,0
DA:186,16
DA:187,16
DA:192,79
DA:193,0
DA:194,0
DA:195,0
DA:196,0
DA:200,79
DA:204,0
DA:205,0
DA:206,0
DA:210,0
DA:211,0
DA:215,0
DA:218,0
DA:219,0
DA:223,79
DA:226,0
DA:227,0
DA:228,0
DA:231,0
DA:235,0
DA:236,0
DA:237,0
DA:241,0
DA:242,0
DA:245,0
DA:246,0
DA:250,79
DA:251,0
DA:252,0
DA:255,79
DA:256,17
DA:259,0
DA:260,0
DA:261,0
DA:263,0
DA:267,79
DA:268,17
DA:271,0
DA:272,0
DA:277,79
DA:278,0
DA:279,0
DA:280,0
DA:281,0
DA:282,0
DA:283,0
DA:285,0
DA:286,0
DA:287,0
DA:288,0
DA:289,0
DA:290,0
DA:294,79
LF:138
LH:54
BRDA:68,0,0,0
BRDA:68,0,1,0
BRDA:71,1,0,0
BRDA:71,1,1,0
BRDA:74,2,0,0
BRDA:74,2,1,0
BRDA:102,3,0,0
BRDA:102,3,1,0
BRDA:183,4,0,0
BRDA:183,4,1,16
BRDA:195,5,0,0
BRDA:195,5,1,0
BRDA:260,6,0,0
BRDA:260,6,1,0
BRDA:271,7,0,0
BRDA:271,7,1,0
BRDA:278,8,0,0
BRDA:278,8,1,0
BRDA:278,9,0,0
BRDA:278,9,1,0
BRDA:281,10,0,0
BRDA:281,10,1,0
BRDA:282,11,0,0
BRDA:282,11,1,0
BRDA:285,12,0,0
BRDA:285,12,1,0
BRDA:288,13,0,0
BRDA:288,13,1,0
BRDA:289,14,0,0
BRDA:289,14,1,0
BRF:30
BRH:1
end_of_record
TN:
SF:src/app/business-processes/business-process-wizard/shared/components/owing-organizations-contacts/add-edit-modal/add-edit-modal.component.ts
FN:35,(anonymous_2)
FN:61,AddEditOwningOrganizationContactsModalComponent
FN:82,(anonymous_4)
FN:85,(anonymous_5)
FN:89,(anonymous_6)
FN:94,(anonymous_7)
FN:98,(anonymous_8)
FN:128,(anonymous_9)
FN:154,(anonymous_10)
FN:163,(anonymous_11)
FN:168,(anonymous_12)
FN:172,(anonymous_13)
FN:178,(anonymous_14)
FNF:13
FNH:10
FNDA:79,(anonymous_2)
FNDA:6,AddEditOwningOrganizationContactsModalComponent
FNDA:6,(anonymous_4)
FNDA:6,(anonymous_5)
FNDA:6,(anonymous_6)
FNDA:0,(anonymous_7)
FNDA:0,(anonymous_8)
FNDA:6,(anonymous_9)
FNDA:6,(anonymous_10)
FNDA:5,(anonymous_11)
FNDA:0,(anonymous_12)
FNDA:6,(anonymous_13)
FNDA:6,(anonymous_14)
DA:35,79
DA:36,79
DA:37,79
DA:38,79
DA:39,79
DA:40,79
DA:41,79
DA:42,79
DA:62,6
DA:63,6
DA:64,6
DA:66,6
DA:67,6
DA:68,6
DA:69,6
DA:79,6
DA:82,79
DA:83,6
DA:84,6
DA:85,6
DA:86,6
DA:89,6
DA:90,6
DA:94,79
DA:95,0
DA:98,79
DA:99,0
DA:102,0
DA:122,0
DA:123,0
DA:125,0
DA:128,79
DA:129,6
DA:133,6
DA:134,6
DA:142,6
DA:150,6
DA:151,6
DA:154,79
DA:155,6
DA:156,0
DA:158,6
DA:163,5
DA:164,5
DA:165,5
DA:166,5
DA:168,0
DA:172,79
DA:173,6
DA:174,6
DA:175,6
DA:178,79
DA:179,6
DA:180,0
DA:181,0
DA:182,0
DA:204,79
LF:57
LH:46
BRDA:103,0,0,0
BRDA:103,0,1,0
BRDA:105,1,0,0
BRDA:105,1,1,0
BRDA:105,2,0,0
BRDA:105,2,1,0
BRDA:108,3,0,0
BRDA:108,3,1,0
BRDA:107,4,0,0
BRDA:107,4,1,0
BRDA:111,5,0,0
BRDA:111,5,1,0
BRDA:114,6,0,0
BRDA:114,6,1,0
BRDA:122,7,0,0
BRDA:122,7,1,0
BRDA:155,8,0,0
BRDA:155,8,1,6
BRDA:179,9,0,0
BRDA:179,9,1,6
BRDA:179,10,0,6
BRDA:179,10,1,0
BRDA:185,11,0,0
BRDA:185,11,1,0
BRDA:194,12,0,0
BRDA:194,12,1,0
BRF:26
BRH:3
end_of_record
TN:
SF:src/app/business-processes/business-process-wizard/shared/components/selected-system-record-filter/selected-system-record-filter.component.ts
FN:16,(anonymous_2)
FN:32,SelectedSystemRecordFilterComponent
FN:44,(anonymous_4)
FN:46,(anonymous_5)
FN:54,(anonymous_6)
FNF:5
FNH:1
FNDA:79,(anonymous_2)
FNDA:0,SelectedSystemRecordFilterComponent
FNDA:0,(anonymous_4)
FNDA:0,(anonymous_5)
FNDA:0,(anonymous_6)
DA:16,79
DA:17,79
DA:19,79
DA:20,79
DA:22,79
DA:23,79
DA:24,79
DA:26,79
DA:27,79
DA:28,79
DA:30,79
DA:33,0
DA:35,0
DA:36,0
DA:37,0
DA:39,0
DA:40,0
DA:41,0
DA:44,79
DA:46,79
DA:47,0
DA:49,0
DA:50,0
DA:54,79
DA:55,0
DA:57,0
DA:58,0
DA:61,79
LF:28
LH:15
BRDA:49,0,0,0
BRDA:49,0,1,0
BRDA:57,1,0,0
BRDA:57,1,1,0
BRF:4
BRH:0
end_of_record
TN:
SF:src/app/business-processes/business-process-wizard/shared/components/system-record-add/system-record-add.component.ts
FN:35,(anonymous_2)
FN:70,SystemRecordAddComponent
FN:84,(anonymous_4)
FN:100,(anonymous_5)
FN:104,(anonymous_6)
FN:109,(anonymous_7)
FN:116,(anonymous_8)
FN:135,(anonymous_9)
FN:140,(anonymous_10)
FN:159,(anonymous_11)
FN:162,(anonymous_12)
FN:166,(anonymous_13)
FN:190,(anonymous_14)
FN:206,(anonymous_15)
FN:210,(anonymous_16)
FN:220,(anonymous_17)
FN:226,(anonymous_18)
FN:230,(anonymous_19)
FN:234,(anonymous_20)
FN:238,(anonymous_21)
FN:253,(anonymous_22)
FN:282,(anonymous_23)
FN:288,(anonymous_24)
FN:299,(anonymous_25)
FN:305,(anonymous_26)
FNF:25
FNH:1
FNDA:18,(anonymous_2)
FNDA:0,SystemRecordAddComponent
FNDA:0,(anonymous_4)
FNDA:0,(anonymous_5)
FNDA:0,(anonymous_6)
FNDA:0,(anonymous_7)
FNDA:0,(anonymous_8)
FNDA:0,(anonymous_9)
FNDA:0,(anonymous_10)
FNDA:0,(anonymous_11)
FNDA:0,(anonymous_12)
FNDA:0,(anonymous_13)
FNDA:0,(anonymous_14)
FNDA:0,(anonymous_15)
FNDA:0,(anonymous_16)
FNDA:0,(anonymous_17)
FNDA:0,(anonymous_18)
FNDA:0,(anonymous_19)
FNDA:0,(anonymous_20)
FNDA:0,(anonymous_21)
FNDA:0,(anonymous_22)
FNDA:0,(anonymous_23)
FNDA:0,(anonymous_24)
FNDA:0,(anonymous_25)
FNDA:0,(anonymous_26)
DA:35,18
DA:47,0
DA:52,0
DA:64,18
DA:65,18
DA:66,18
DA:67,18
DA:68,18
DA:71,0
DA:72,0
DA:73,0
DA:74,0
DA:75,0
DA:77,0
DA:78,0
DA:79,0
DA:80,0
DA:81,0
DA:84,18
DA:85,0
DA:87,0
DA:88,0
DA:89,0
DA:90,0
DA:93,0
DA:94,0
DA:95,0
DA:97,0
DA:100,18
DA:101,0
DA:104,18
DA:105,0
DA:106,0
DA:109,18
DA:110,0
DA:111,0
DA:114,0
DA:117,0
DA:118,0
DA:119,0
DA:120,0
DA:122,0
DA:123,0
DA:124,0
DA:126,0
DA:129,0
DA:130,0
DA:135,18
DA:136,0
DA:137,0
DA:140,18
DA:141,0
DA:149,0
DA:151,0
DA:153,0
DA:154,0
DA:155,0
DA:156,0
DA:158,0
DA:160,0
DA:166,18
DA:167,0
DA:168,0
DA:169,0
DA:172,0
DA:180,0
DA:181,0
DA:183,0
DA:184,0
DA:185,0
DA:186,0
DA:187,0
DA:189,0
DA:191,0
DA:192,0
DA:193,0
DA:196,0
DA:197,0
DA:199,0
DA:200,0
DA:201,0
DA:210,18
DA:211,0
DA:212,0
DA:213,0
DA:214,0
DA:215,0
DA:217,0
DA:220,18
DA:221,0
DA:222,0
DA:223,0
DA:226,18
DA:227,0
DA:230,18
DA:231,0
DA:234,18
DA:235,0
DA:238,18
DA:239,0
DA:249,0
DA:250,0
DA:253,18
DA:257,0
DA:259,0
DA:260,0
DA:261,0
DA:262,0
DA:263,0
DA:264,0
DA:265,0
DA:267,0
DA:271,0
DA:275,0
DA:276,0
DA:277,0
DA:279,0
DA:282,18
DA:283,0
DA:286,0
DA:287,0
DA:289,0
DA:290,0
DA:291,0
DA:297,0
DA:300,0
DA:305,18
DA:306,0
DA:307,0
DA:309,18
LF:130
LH:23
BRDA:85,0,0,0
BRDA:85,0,1,0
BRDA:93,1,0,0
BRDA:93,1,1,0
BRDA:94,2,0,0
BRDA:94,2,1,0
BRDA:95,3,0,0
BRDA:95,3,1,0
BRDA:110,4,0,0
BRDA:110,4,1,0
BRDA:117,5,0,0
BRDA:117,5,1,0
BRDA:118,6,0,0
BRDA:118,6,1,0
BRDA:119,7,0,0
BRDA:119,7,1,0
BRDA:120,8,0,0
BRDA:120,8,1,0
BRDA:123,9,0,0
BRDA:123,9,1,0
BRDA:167,10,0,0
BRDA:167,10,1,0
BRDA:191,11,0,0
BRDA:191,11,1,0
BRDA:192,12,0,0
BRDA:192,12,1,0
BRDA:199,13,0,0
BRDA:199,13,1,0
BRDA:214,14,0,0
BRDA:214,14,1,0
BRDA:222,15,0,0
BRDA:222,15,1,0
BRDA:244,16,0,0
BRDA:244,16,1,0
BRDA:245,17,0,0
BRDA:245,17,1,0
BRDA:246,18,0,0
BRDA:246,18,1,0
BRDA:257,19,0,0
BRDA:257,19,1,0
BRDA:268,20,0,0
BRDA:268,20,1,0
BRDA:272,21,0,0
BRDA:272,21,1,0
BRDA:275,22,0,0
BRDA:275,22,1,0
BRDA:276,23,0,0
BRDA:276,23,1,0
BRDA:277,24,0,0
BRDA:277,24,1,0
BRF:50
BRH:0
end_of_record
TN:
SF:src/app/business-processes/business-process-wizard/shared/components/system-record-add/system-record-add.service.ts
FN:7,(anonymous_2)
FN:9,SystemRecordAddService
FN:11,(anonymous_4)
FN:15,(anonymous_5)
FN:19,(anonymous_6)
FNF:5
FNH:2
FNDA:18,(anonymous_2)
FNDA:1,SystemRecordAddService
FNDA:0,(anonymous_4)
FNDA:0,(anonymous_5)
FNDA:0,(anonymous_6)
DA:7,18
DA:8,1
DA:11,18
DA:12,0
DA:15,18
DA:16,0
DA:19,18
DA:20,0
DA:27,18
LF:9
LH:6
BRF:0
BRH:0
end_of_record
TN:
SF:src/app/business-processes/business-process-wizard/shared/components/system-record-add-company-affiliate/system-record-add-company-affiliate.component.ts
FN:36,(anonymous_2)
FN:58,SystemRecordAddCompanyAffiliateComponent
FN:72,(anonymous_4)
FN:76,(anonymous_5)
FN:80,(anonymous_6)
FN:87,(anonymous_7)
FN:100,(anonymous_8)
FN:105,(anonymous_9)
FN:109,(anonymous_10)
FN:128,(anonymous_11)
FN:131,(anonymous_12)
FN:135,(anonymous_13)
FN:158,(anonymous_14)
FN:177,(anonymous_15)
FN:181,(anonymous_16)
FN:193,(anonymous_17)
FN:198,(anonymous_18)
FN:202,(anonymous_19)
FN:229,(anonymous_20)
FN:254,(anonymous_21)
FN:262,(anonymous_22)
FN:272,(anonymous_23)
FN:278,(anonymous_24)
FNF:23
FNH:1
FNDA:18,(anonymous_2)
FNDA:0,SystemRecordAddCompanyAffiliateComponent
FNDA:0,(anonymous_4)
FNDA:0,(anonymous_5)
FNDA:0,(anonymous_6)
FNDA:0,(anonymous_7)
FNDA:0,(anonymous_8)
FNDA:0,(anonymous_9)
FNDA:0,(anonymous_10)
FNDA:0,(anonymous_11)
FNDA:0,(anonymous_12)
FNDA:0,(anonymous_13)
FNDA:0,(anonymous_14)
FNDA:0,(anonymous_15)
FNDA:0,(anonymous_16)
FNDA:0,(anonymous_17)
FNDA:0,(anonymous_18)
FNDA:0,(anonymous_19)
FNDA:0,(anonymous_20)
FNDA:0,(anonymous_21)
FNDA:0,(anonymous_22)
FNDA:0,(anonymous_23)
FNDA:0,(anonymous_24)
DA:36,18
DA:48,0
DA:52,18
DA:53,18
DA:54,18
DA:55,18
DA:56,18
DA:59,0
DA:60,0
DA:61,0
DA:62,0
DA:63,0
DA:65,0
DA:66,0
DA:67,0
DA:68,0
DA:69,0
DA:72,18
DA:73,0
DA:76,18
DA:77,0
DA:80,18
DA:81,0
DA:82,0
DA:85,0
DA:88,0
DA:89,0
DA:90,0
DA:91,0
DA:94,0
DA:95,0
DA:100,18
DA:101,0
DA:102,0
DA:105,18
DA:106,0
DA:109,18
DA:110,0
DA:118,0
DA:120,0
DA:122,0
DA:123,0
DA:124,0
DA:125,0
DA:127,0
DA:129,0
DA:135,18
DA:136,0
DA:137,0
DA:140,0
DA:148,0
DA:149,0
DA:151,0
DA:152,0
DA:153,0
DA:154,0
DA:155,0
DA:157,0
DA:159,0
DA:160,0
DA:161,0
DA:164,0
DA:165,0
DA:167,0
DA:168,0
DA:169,0
DA:171,0
DA:181,18
DA:182,0
DA:183,0
DA:184,0
DA:185,0
DA:186,0
DA:188,0
DA:189,0
DA:193,18
DA:194,0
DA:195,0
DA:198,18
DA:199,0
DA:202,18
DA:206,0
DA:214,0
DA:215,0
DA:218,0
DA:219,0
DA:223,0
DA:224,0
DA:227,0
DA:229,0
DA:231,0
DA:233,0
DA:234,0
DA:237,0
DA:238,0
DA:241,0
DA:242,0
DA:245,0
DA:246,0
DA:249,0
DA:251,0
DA:254,18
DA:255,0
DA:258,0
DA:259,0
DA:263,0
DA:264,0
DA:265,0
DA:267,0
DA:269,0
DA:270,0
DA:273,0
DA:278,18
DA:279,0
DA:280,0
DA:282,18
LF:116
LH:20
BRDA:81,0,0,0
BRDA:81,0,1,0
BRDA:89,1,0,0
BRDA:89,1,1,0
BRDA:90,2,0,0
BRDA:90,2,1,0
BRDA:135,3,0,0
BRDA:135,3,1,0
BRDA:136,4,0,0
BRDA:136,4,1,0
BRDA:159,5,0,0
BRDA:159,5,1,0
BRDA:160,6,0,0
BRDA:160,6,1,0
BRDA:167,7,0,0
BRDA:167,7,1,0
BRDA:168,8,0,0
BRDA:168,8,1,0
BRDA:185,9,0,0
BRDA:185,9,1,0
BRDA:188,10,0,0
BRDA:188,10,1,0
BRDA:194,11,0,0
BRDA:194,11,1,0
BRDA:209,12,0,0
BRDA:209,12,1,0
BRDA:214,13,0,0
BRDA:214,13,1,0
BRDA:214,14,0,0
BRDA:214,14,1,0
BRDA:218,15,0,0
BRDA:218,15,1,0
BRDA:223,16,0,0
BRDA:223,16,1,0
BRDA:228,17,0,0
BRDA:228,17,1,0
BRDA:233,18,0,0
BRDA:233,18,1,0
BRDA:237,19,0,0
BRDA:237,19,1,0
BRDA:241,20,0,0
BRDA:241,20,1,0
BRDA:245,21,0,0
BRDA:245,21,1,0
BRDA:249,22,0,0
BRDA:249,22,1,0
BRF:46
BRH:0
end_of_record
TN:
SF:src/app/business-processes/business-process-wizard/shared/components/system-record-add-third-party/system-record-add-third-party.component.ts
FN:34,(anonymous_2)
FN:55,SystemRecordAddThirdPartyComponent
FN:69,(anonymous_4)
FN:73,(anonymous_5)
FN:77,(anonymous_6)
FN:84,(anonymous_7)
FN:97,(anonymous_8)
FN:102,(anonymous_9)
FN:106,(anonymous_10)
FN:125,(anonymous_11)
FN:128,(anonymous_12)
FN:132,(anonymous_13)
FN:155,(anonymous_14)
FN:174,(anonymous_15)
FN:178,(anonymous_16)
FN:190,(anonymous_17)
FN:195,(anonymous_18)
FN:199,(anonymous_19)
FN:214,(anonymous_20)
FN:218,(anonymous_21)
FN:219,(anonymous_22)
FN:222,(anonymous_23)
FN:242,(anonymous_24)
FN:275,(anonymous_25)
FN:281,(anonymous_26)
FN:291,(anonymous_27)
FN:297,(anonymous_28)
FNF:27
FNH:1
FNDA:18,(anonymous_2)
FNDA:0,SystemRecordAddThirdPartyComponent
FNDA:0,(anonymous_4)
FNDA:0,(anonymous_5)
FNDA:0,(anonymous_6)
FNDA:0,(anonymous_7)
FNDA:0,(anonymous_8)
FNDA:0,(anonymous_9)
FNDA:0,(anonymous_10)
FNDA:0,(anonymous_11)
FNDA:0,(anonymous_12)
FNDA:0,(anonymous_13)
FNDA:0,(anonymous_14)
FNDA:0,(anonymous_15)
FNDA:0,(anonymous_16)
FNDA:0,(anonymous_17)
FNDA:0,(anonymous_18)
FNDA:0,(anonymous_19)
FNDA:0,(anonymous_20)
FNDA:0,(anonymous_21)
FNDA:0,(anonymous_22)
FNDA:0,(anonymous_23)
FNDA:0,(anonymous_24)
FNDA:0,(anonymous_25)
FNDA:0,(anonymous_26)
FNDA:0,(anonymous_27)
FNDA:0,(anonymous_28)
DA:34,18
DA:45,0
DA:49,18
DA:50,18
DA:51,18
DA:52,18
DA:53,18
DA:56,0
DA:57,0
DA:58,0
DA:59,0
DA:60,0
DA:62,0
DA:63,0
DA:64,0
DA:65,0
DA:66,0
DA:69,18
DA:70,0
DA:73,18
DA:74,0
DA:77,18
DA:78,0
DA:79,0
DA:82,0
DA:85,0
DA:86,0
DA:87,0
DA:88,0
DA:91,0
DA:92,0
DA:97,18
DA:98,0
DA:99,0
DA:102,18
DA:103,0
DA:106,18
DA:107,0
DA:115,0
DA:117,0
DA:119,0
DA:120,0
DA:121,0
DA:122,0
DA:124,0
DA:126,0
DA:132,18
DA:133,0
DA:134,0
DA:137,0
DA:145,0
DA:146,0
DA:148,0
DA:149,0
DA:150,0
DA:151,0
DA:152,0
DA:154,0
DA:156,0
DA:157,0
DA:158,0
DA:161,0
DA:162,0
DA:164,0
DA:165,0
DA:166,0
DA:168,0
DA:178,18
DA:179,0
DA:180,0
DA:181,0
DA:182,0
DA:183,0
DA:185,0
DA:186,0
DA:190,18
DA:191,0
DA:192,0
DA:195,18
DA:196,0
DA:199,18
DA:203,0
DA:211,0
DA:213,0
DA:214,0
DA:215,0
DA:217,0
DA:218,0
DA:219,0
DA:221,0
DA:222,0
DA:225,0
DA:229,0
DA:233,0
DA:237,0
DA:241,0
DA:242,0
DA:243,0
DA:247,0
DA:251,0
DA:253,0
DA:255,0
DA:261,0
DA:267,0
DA:268,0
DA:270,0
DA:272,0
DA:275,18
DA:276,0
DA:279,0
DA:280,0
DA:282,0
DA:283,0
DA:284,0
DA:286,0
DA:288,0
DA:289,0
DA:292,0
DA:297,18
DA:298,0
DA:299,0
DA:301,18
LF:122
LH:20
BRDA:78,0,0,0
BRDA:78,0,1,0
BRDA:86,1,0,0
BRDA:86,1,1,0
BRDA:87,2,0,0
BRDA:87,2,1,0
BRDA:132,3,0,0
BRDA:132,3,1,0
BRDA:133,4,0,0
BRDA:133,4,1,0
BRDA:156,5,0,0
BRDA:156,5,1,0
BRDA:157,6,0,0
BRDA:157,6,1,0
BRDA:164,7,0,0
BRDA:164,7,1,0
BRDA:165,8,0,0
BRDA:165,8,1,0
BRDA:182,9,0,0
BRDA:182,9,1,0
BRDA:185,10,0,0
BRDA:185,10,1,0
BRDA:191,11,0,0
BRDA:191,11,1,0
BRDA:206,12,0,0
BRDA:206,12,1,0
BRDA:226,13,0,0
BRDA:226,13,1,0
BRDA:229,14,0,0
BRDA:229,14,1,0
BRDA:230,15,0,0
BRDA:230,15,1,0
BRDA:237,16,0,0
BRDA:237,16,1,0
BRDA:238,17,0,0
BRDA:238,17,1,0
BRDA:244,18,0,0
BRDA:244,18,1,0
BRDA:248,19,0,0
BRDA:248,19,1,0
BRDA:256,20,0,0
BRDA:256,20,1,0
BRDA:262,21,0,0
BRDA:262,21,1,0
BRDA:268,22,0,0
BRDA:268,22,1,0
BRDA:270,23,0,0
BRDA:270,23,1,0
BRF:48
BRH:0
end_of_record
TN:
SF:src/app/business-processes/business-process-wizard/shared/components/system-record-filter/system-record-filter.component.ts
FN:36,(anonymous_2)
FN:93,SystemRecordFilterComponent
FN:98,(anonymous_4)
FN:135,(anonymous_5)
FN:141,(anonymous_6)
FN:144,(anonymous_7)
FN:147,(anonymous_8)
FN:150,(anonymous_9)
FN:153,(anonymous_10)
FN:156,(anonymous_11)
FN:160,(anonymous_12)
FN:190,(anonymous_13)
FN:194,(anonymous_14)
FN:198,(anonymous_15)
FN:202,(anonymous_16)
FN:206,(anonymous_17)
FN:213,(anonymous_18)
FN:214,(anonymous_19)
FN:225,(anonymous_20)
FN:226,(anonymous_21)
FN:237,(anonymous_22)
FN:238,(anonymous_23)
FN:249,(anonymous_24)
FN:250,(anonymous_25)
FN:261,(anonymous_26)
FN:262,(anonymous_27)
FN:276,(anonymous_28)
FN:303,(anonymous_29)
FN:304,(anonymous_30)
FN:315,(anonymous_31)
FN:316,(anonymous_32)
FN:327,(anonymous_33)
FN:328,(anonymous_34)
FN:339,(anonymous_35)
FN:340,(anonymous_36)
FN:351,(anonymous_37)
FN:352,(anonymous_38)
FN:363,(anonymous_39)
FN:372,(anonymous_40)
FN:382,(anonymous_41)
FN:385,(anonymous_42)
FN:386,(anonymous_43)
FN:396,(anonymous_44)
FN:399,(anonymous_45)
FN:400,(anonymous_46)
FN:410,(anonymous_47)
FN:413,(anonymous_48)
FN:414,(anonymous_49)
FN:427,(anonymous_50)
FN:430,(anonymous_51)
FN:431,(anonymous_52)
FN:441,(anonymous_53)
FN:444,(anonymous_54)
FN:445,(anonymous_55)
FN:452,(anonymous_56)
FN:458,(anonymous_57)
FN:468,(anonymous_58)
FN:479,(anonymous_59)
FN:493,(anonymous_60)
FN:504,(anonymous_61)
FN:512,(anonymous_62)
FN:518,(anonymous_63)
FN:530,(anonymous_64)
FN:542,(anonymous_65)
FN:554,(anonymous_66)
FN:566,(anonymous_67)
FN:576,(anonymous_68)
FN:595,(anonymous_69)
FN:603,(anonymous_70)
FN:615,(anonymous_71)
FN:624,(anonymous_72)
FN:634,(anonymous_73)
FN:647,(anonymous_74)
FN:657,(anonymous_75)
FN:664,(anonymous_76)
FN:675,(anonymous_77)
FN:676,(anonymous_78)
FN:683,(anonymous_79)
FN:687,(anonymous_80)
FN:691,(anonymous_81)
FN:694,(anonymous_82)
FN:696,(anonymous_83)
FN:710,(anonymous_84)
FNF:83
FNH:1
FNDA:79,(anonymous_2)
FNDA:0,SystemRecordFilterComponent
FNDA:0,(anonymous_4)
FNDA:0,(anonymous_5)
FNDA:0,(anonymous_6)
FNDA:0,(anonymous_7)
FNDA:0,(anonymous_8)
FNDA:0,(anonymous_9)
FNDA:0,(anonymous_10)
FNDA:0,(anonymous_11)
FNDA:0,(anonymous_12)
FNDA:0,(anonymous_13)
FNDA:0,(anonymous_14)
FNDA:0,(anonymous_15)
FNDA:0,(anonymous_16)
FNDA:0,(anonymous_17)
FNDA:0,(anonymous_18)
FNDA:0,(anonymous_19)
FNDA:0,(anonymous_20)
FNDA:0,(anonymous_21)
FNDA:0,(anonymous_22)
FNDA:0,(anonymous_23)
FNDA:0,(anonymous_24)
FNDA:0,(anonymous_25)
FNDA:0,(anonymous_26)
FNDA:0,(anonymous_27)
FNDA:0,(anonymous_28)
FNDA:0,(anonymous_29)
FNDA:0,(anonymous_30)
FNDA:0,(anonymous_31)
FNDA:0,(anonymous_32)
FNDA:0,(anonymous_33)
FNDA:0,(anonymous_34)
FNDA:0,(anonymous_35)
FNDA:0,(anonymous_36)
FNDA:0,(anonymous_37)
FNDA:0,(anonymous_38)
FNDA:0,(anonymous_39)
FNDA:0,(anonymous_40)
FNDA:0,(anonymous_41)
FNDA:0,(anonymous_42)
FNDA:0,(anonymous_43)
FNDA:0,(anonymous_44)
FNDA:0,(anonymous_45)
FNDA:0,(anonymous_46)
FNDA:0,(anonymous_47)
FNDA:0,(anonymous_48)
FNDA:0,(anonymous_49)
FNDA:0,(anonymous_50)
FNDA:0,(anonymous_51)
FNDA:0,(anonymous_52)
FNDA:0,(anonymous_53)
FNDA:0,(anonymous_54)
FNDA:0,(anonymous_55)
FNDA:0,(anonymous_56)
FNDA:0,(anonymous_57)
FNDA:0,(anonymous_58)
FNDA:0,(anonymous_59)
FNDA:0,(anonymous_60)
FNDA:0,(anonymous_61)
FNDA:0,(anonymous_62)
FNDA:0,(anonymous_63)
FNDA:0,(anonymous_64)
FNDA:0,(anonymous_65)
FNDA:0,(anonymous_66)
FNDA:0,(anonymous_67)
FNDA:0,(anonymous_68)
FNDA:0,(anonymous_69)
FNDA:0,(anonymous_70)
FNDA:0,(anonymous_71)
FNDA:0,(anonymous_72)
FNDA:0,(anonymous_73)
FNDA:0,(anonymous_74)
FNDA:0,(anonymous_75)
FNDA:0,(anonymous_76)
FNDA:0,(anonymous_77)
FNDA:0,(anonymous_78)
FNDA:0,(anonymous_79)
FNDA:0,(anonymous_80)
FNDA:0,(anonymous_81)
FNDA:0,(anonymous_82)
FNDA:0,(anonymous_83)
FNDA:0,(anonymous_84)
DA:36,79
DA:37,79
DA:38,79
DA:39,79
DA:40,79
DA:42,0
DA:48,0
DA:53,0
DA:58,0
DA:63,0
DA:70,0
DA:78,0
DA:85,0
DA:94,0
DA:95,0
DA:98,79
DA:99,0
DA:113,0
DA:117,0
DA:121,0
DA:125,0
DA:129,0
DA:133,0
DA:135,0
DA:136,0
DA:141,79
DA:142,0
DA:144,79
DA:145,0
DA:147,79
DA:148,0
DA:150,79
DA:151,0
DA:153,79
DA:154,0
DA:156,79
DA:157,0
DA:160,79
DA:161,0
DA:162,0
DA:164,0
DA:166,0
DA:167,0
DA:171,0
DA:174,0
DA:177,0
DA:180,0
DA:183,0
DA:188,0
DA:190,0
DA:192,0
DA:194,0
DA:196,0
DA:198,0
DA:200,0
DA:202,0
DA:204,0
DA:206,0
DA:209,0
DA:213,0
DA:214,0
DA:215,0
DA:217,0
DA:221,0
DA:225,0
DA:226,0
DA:227,0
DA:229,0
DA:233,0
DA:237,0
DA:238,0
DA:239,0
DA:241,0
DA:245,0
DA:249,0
DA:250,0
DA:251,0
DA:253,0
DA:257,0
DA:261,0
DA:262,0
DA:263,0
DA:265,0
DA:269,0
DA:277,0
DA:278,0
DA:279,0
DA:280,0
DA:281,0
DA:283,0
DA:284,0
DA:285,0
DA:286,0
DA:287,0
DA:289,0
DA:290,0
DA:291,0
DA:292,0
DA:295,0
DA:298,0
DA:303,79
DA:304,0
DA:305,0
DA:309,0
DA:315,79
DA:316,0
DA:317,0
DA:321,0
DA:327,79
DA:328,0
DA:329,0
DA:333,0
DA:339,79
DA:340,0
DA:341,0
DA:345,0
DA:351,79
DA:352,0
DA:353,0
DA:357,0
DA:363,79
DA:364,0
DA:372,79
DA:376,0
DA:379,0
DA:380,0
DA:381,0
DA:382,0
DA:384,0
DA:385,0
DA:386,0
DA:387,0
DA:389,0
DA:393,0
DA:394,0
DA:395,0
DA:396,0
DA:398,0
DA:399,0
DA:400,0
DA:401,0
DA:403,0
DA:407,0
DA:408,0
DA:409,0
DA:410,0
DA:412,0
DA:413,0
DA:414,0
DA:415,0
DA:417,0
DA:421,0
DA:422,0
DA:426,0
DA:427,0
DA:429,0
DA:430,0
DA:431,0
DA:432,0
DA:434,0
DA:438,0
DA:439,0
DA:440,0
DA:441,0
DA:443,0
DA:444,0
DA:445,0
DA:446,0
DA:448,0
DA:452,79
DA:453,0
DA:456,0
DA:457,0
DA:458,0
DA:459,0
DA:461,0
DA:465,0
DA:466,0
DA:467,0
DA:468,0
DA:470,0
DA:472,0
DA:476,0
DA:477,0
DA:478,0
DA:479,0
DA:481,0
DA:483,0
DA:487,0
DA:488,0
DA:492,0
DA:493,0
DA:495,0
DA:497,0
DA:501,0
DA:502,0
DA:503,0
DA:504,0
DA:506,0
DA:508,0
DA:512,79
DA:513,0
DA:516,0
DA:518,0
DA:519,0
DA:524,0
DA:528,0
DA:530,0
DA:531,0
DA:536,0
DA:540,0
DA:542,0
DA:543,0
DA:548,0
DA:552,0
DA:554,0
DA:555,0
DA:560,0
DA:564,0
DA:566,0
DA:567,0
DA:572,0
DA:576,79
DA:577,0
DA:579,0
DA:580,0
DA:582,0
DA:583,0
DA:585,0
DA:588,0
DA:590,0
DA:591,0
DA:595,79
DA:596,0
DA:598,0
DA:599,0
DA:603,79
DA:604,0
DA:607,0
DA:609,0
DA:613,0
DA:614,0
DA:615,0
DA:617,0
DA:621,0
DA:622,0
DA:623,0
DA:624,0
DA:627,0
DA:631,0
DA:632,0
DA:633,0
DA:634,0
DA:637,0
DA:641,0
DA:642,0
DA:646,0
DA:647,0
DA:650,0
DA:654,0
DA:655,0
DA:656,0
DA:657,0
DA:660,0
DA:664,79
DA:665,0
DA:666,0
DA:667,0
DA:669,0
DA:670,0
DA:672,0
DA:675,79
DA:676,0
DA:677,0
DA:678,0
DA:680,0
DA:683,79
DA:684,0
DA:687,79
DA:688,0
DA:691,79
DA:692,0
DA:694,0
DA:695,0
DA:696,0
DA:697,0
DA:698,0
DA:704,0
DA:707,0
DA:710,79
DA:711,79
LF:291
LH:32
BRDA:114,0,0,0
BRDA:114,0,1,0
BRDA:118,1,0,0
BRDA:118,1,1,0
BRDA:122,2,0,0
BRDA:122,2,1,0
BRDA:126,3,0,0
BRDA:126,3,1,0
BRDA:130,4,0,0
BRDA:130,4,1,0
BRDA:161,5,0,0
BRDA:161,5,1,0
BRDA:166,6,0,0
BRDA:166,6,1,0
BRDA:378,7,0,0
BRDA:378,7,1,0
BRDA:378,7,2,0
BRDA:378,7,3,0
BRDA:378,7,4,0
BRDA:381,8,0,0
BRDA:381,8,1,0
BRDA:384,9,0,0
BRDA:384,9,1,0
BRDA:387,10,0,0
BRDA:387,10,1,0
BRDA:395,11,0,0
BRDA:395,11,1,0
BRDA:398,12,0,0
BRDA:398,12,1,0
BRDA:401,13,0,0
BRDA:401,13,1,0
BRDA:409,14,0,0
BRDA:409,14,1,0
BRDA:412,15,0,0
BRDA:412,15,1,0
BRDA:415,16,0,0
BRDA:415,16,1,0
BRDA:426,17,0,0
BRDA:426,17,1,0
BRDA:429,18,0,0
BRDA:429,18,1,0
BRDA:432,19,0,0
BRDA:432,19,1,0
BRDA:440,20,0,0
BRDA:440,20,1,0
BRDA:443,21,0,0
BRDA:443,21,1,0
BRDA:446,22,0,0
BRDA:446,22,1,0
BRDA:455,23,0,0
BRDA:455,23,1,0
BRDA:455,23,2,0
BRDA:455,23,3,0
BRDA:455,23,4,0
BRDA:515,24,0,0
BRDA:515,24,1,0
BRDA:515,24,2,0
BRDA:515,24,3,0
BRDA:515,24,4,0
BRDA:516,25,0,0
BRDA:516,25,1,0
BRDA:528,26,0,0
BRDA:528,26,1,0
BRDA:540,27,0,0
BRDA:540,27,1,0
BRDA:552,28,0,0
BRDA:552,28,1,0
BRDA:564,29,0,0
BRDA:564,29,1,0
BRDA:578,30,0,0
BRDA:578,30,1,0
BRDA:578,30,2,0
BRDA:578,30,3,0
BRDA:597,31,0,0
BRDA:606,32,0,0
BRDA:606,32,1,0
BRDA:606,32,2,0
BRDA:606,32,3,0
BRDA:606,32,4,0
BRDA:606,32,5,0
BRDA:609,33,0,0
BRDA:609,33,1,0
BRDA:664,34,0,0
BRDA:664,34,1,0
BRDA:664,35,0,0
BRDA:664,35,1,0
BRDA:666,36,0,0
BRDA:666,36,1,0
BRDA:669,37,0,0
BRDA:669,37,1,0
BRDA:675,38,0,0
BRDA:675,38,1,0
BRDA:677,39,0,0
BRDA:677,39,1,0
BRDA:695,40,0,0
BRDA:695,40,1,0
BRDA:697,41,0,0
BRDA:697,41,1,0
BRDA:697,42,0,0
BRDA:697,42,1,0
BRF:100
BRH:0
end_of_record
TN:
SF:src/app/business-processes/business-process-wizard/shared/components/system-record-info/system-record-info.component.ts
FN:8,(anonymous_2)
FN:15,SystemRecordInfoComponent
FN:17,(anonymous_4)
FNF:3
FNH:1
FNDA:79,(anonymous_2)
FNDA:0,SystemRecordInfoComponent
FNDA:0,(anonymous_4)
DA:8,79
DA:9,79
DA:10,79
DA:11,79
DA:12,79
DA:13,79
DA:17,79
DA:18,79
LF:8
LH:8
BRF:0
BRH:0
end_of_record
TN:
SF:src/app/business-processes/business-process-wizard/shared/components/system-record-none/system-record-none.component.ts
FN:8,(anonymous_2)
FN:11,SystemRecordNoneComponent
FN:13,(anonymous_4)
FN:15,(anonymous_5)
FNF:4
FNH:3
FNDA:79,(anonymous_2)
FNDA:1,SystemRecordNoneComponent
FNDA:1,(anonymous_4)
FNDA:0,(anonymous_5)
DA:8,79
DA:9,79
DA:13,79
DA:15,79
DA:16,0
DA:18,79
LF:6
LH:5
BRF:0
BRH:0
end_of_record
TN:
SF:src/app/business-processes/business-process-wizard/shared/components/system-record-tab-data-elements/system-record-tab-data-elements.component.ts
FN:25,(anonymous_2)
FN:62,SystemRecordTabDataElementComponent
FN:82,(anonymous_4)
FN:91,(anonymous_5)
FN:97,(anonymous_6)
FN:101,(anonymous_7)
FN:107,(anonymous_8)
FN:112,(anonymous_9)
FN:115,(anonymous_10)
FN:119,(anonymous_11)
FN:128,(anonymous_12)
FN:134,(anonymous_13)
FN:151,(anonymous_14)
FN:155,(anonymous_15)
FN:161,(anonymous_16)
FN:167,(anonymous_17)
FN:173,(anonymous_18)
FN:179,(anonymous_19)
FN:180,(anonymous_20)
FN:183,(anonymous_21)
FN:187,(anonymous_22)
FN:195,(anonymous_23)
FN:198,(anonymous_24)
FN:208,(anonymous_25)
FN:215,(anonymous_26)
FN:227,(anonymous_27)
FN:248,(anonymous_28)
FN:252,(anonymous_29)
FN:256,(anonymous_30)
FN:262,(anonymous_31)
FN:271,(anonymous_32)
FN:273,(anonymous_33)
FN:278,(anonymous_34)
FN:279,(anonymous_35)
FN:283,(anonymous_36)
FN:287,(anonymous_37)
FN:293,(anonymous_38)
FN:294,(anonymous_39)
FNF:38
FNH:1
FNDA:79,(anonymous_2)
FNDA:0,SystemRecordTabDataElementComponent
FNDA:0,(anonymous_4)
FNDA:0,(anonymous_5)
FNDA:0,(anonymous_6)
FNDA:0,(anonymous_7)
FNDA:0,(anonymous_8)
FNDA:0,(anonymous_9)
FNDA:0,(anonymous_10)
FNDA:0,(anonymous_11)
FNDA:0,(anonymous_12)
FNDA:0,(anonymous_13)
FNDA:0,(anonymous_14)
FNDA:0,(anonymous_15)
FNDA:0,(anonymous_16)
FNDA:0,(anonymous_17)
FNDA:0,(anonymous_18)
FNDA:0,(anonymous_19)
FNDA:0,(anonymous_20)
FNDA:0,(anonymous_21)
FNDA:0,(anonymous_22)
FNDA:0,(anonymous_23)
FNDA:0,(anonymous_24)
FNDA:0,(anonymous_25)
FNDA:0,(anonymous_26)
FNDA:0,(anonymous_27)
FNDA:0,(anonymous_28)
FNDA:0,(anonymous_29)
FNDA:0,(anonymous_30)
FNDA:0,(anonymous_31)
FNDA:0,(anonymous_32)
FNDA:0,(anonymous_33)
FNDA:0,(anonymous_34)
FNDA:0,(anonymous_35)
FNDA:0,(anonymous_36)
FNDA:0,(anonymous_37)
FNDA:0,(anonymous_38)
FNDA:0,(anonymous_39)
DA:25,79
DA:27,79
DA:28,79
DA:29,79
DA:30,79
DA:31,79
DA:32,79
DA:33,79
DA:34,79
DA:63,0
DA:64,0
DA:65,0
DA:66,0
DA:68,0
DA:69,0
DA:70,0
DA:71,0
DA:72,0
DA:73,0
DA:75,0
DA:79,0
DA:82,79
DA:83,0
DA:84,0
DA:85,0
DA:86,0
DA:87,0
DA:88,0
DA:89,0
DA:91,0
DA:92,0
DA:93,0
DA:97,79
DA:98,0
DA:101,79
DA:102,0
DA:103,0
DA:104,0
DA:107,79
DA:108,0
DA:109,0
DA:112,79
DA:113,0
DA:114,0
DA:115,0
DA:117,0
DA:118,0
DA:119,0
DA:121,0
DA:128,79
DA:129,0
DA:130,0
DA:134,79
DA:135,0
DA:136,0
DA:140,0
DA:144,0
DA:151,79
DA:152,0
DA:153,0
DA:159,0
DA:165,0
DA:171,0
DA:179,79
DA:180,0
DA:183,79
DA:184,0
DA:187,79
DA:188,0
DA:189,0
DA:190,0
DA:192,0
DA:195,79
DA:196,0
DA:197,0
DA:199,0
DA:208,79
DA:209,0
DA:213,0
DA:215,0
DA:218,0
DA:227,79
DA:228,0
DA:229,0
DA:231,0
DA:232,0
DA:234,0
DA:235,0
DA:237,0
DA:238,0
DA:240,0
DA:241,0
DA:242,0
DA:248,79
DA:249,0
DA:252,79
DA:253,0
DA:256,79
DA:257,0
DA:263,0
DA:271,0
DA:272,0
DA:273,0
DA:278,79
DA:279,0
DA:280,0
DA:283,79
DA:284,0
DA:285,0
DA:287,0
DA:288,0
DA:289,0
DA:293,79
DA:294,0
DA:296,79
LF:115
LH:30
BRDA:113,0,0,0
BRDA:113,0,1,0
BRDA:129,1,0,0
BRDA:129,1,1,0
BRDA:135,2,0,0
BRDA:135,2,1,0
BRDA:152,3,0,0
BRDA:152,3,1,0
BRDA:189,4,0,0
BRDA:189,4,1,0
BRDA:196,5,0,0
BRDA:196,5,1,0
BRDA:228,6,0,0
BRDA:228,6,1,0
BRDA:231,7,0,0
BRDA:231,7,1,0
BRDA:234,8,0,0
BRDA:234,8,1,0
BRDA:237,9,0,0
BRDA:237,9,1,0
BRDA:257,10,0,0
BRDA:257,10,1,0
BRDA:280,11,0,0
BRDA:280,11,1,0
BRF:24
BRH:0
end_of_record
TN:
SF:src/app/business-processes/business-process-wizard/shared/components/system-record-tab-data-subjects/system-record-tab-data-subjects.component.ts
FN:27,(anonymous_2)
FN:71,SystemRecordTabDataSubjectComponent
FN:97,(anonymous_4)
FN:106,(anonymous_5)
FN:111,(anonymous_6)
FN:117,(anonymous_7)
FN:121,(anonymous_8)
FN:126,(anonymous_9)
FN:129,(anonymous_10)
FN:136,(anonymous_11)
FN:145,(anonymous_12)
FN:151,(anonymous_13)
FN:154,(anonymous_14)
FN:160,(anonymous_15)
FN:161,(anonymous_16)
FN:173,(anonymous_17)
FN:177,(anonymous_18)
FN:183,(anonymous_19)
FN:189,(anonymous_20)
FN:195,(anonymous_21)
FN:202,(anonymous_22)
FN:203,(anonymous_23)
FN:206,(anonymous_24)
FN:210,(anonymous_25)
FN:218,(anonymous_26)
FN:224,(anonymous_27)
FN:233,(anonymous_28)
FN:241,(anonymous_29)
FN:251,(anonymous_30)
FN:255,(anonymous_31)
FN:256,(anonymous_32)
FN:282,(anonymous_33)
FN:292,(anonymous_34)
FN:310,(anonymous_35)
FN:328,(anonymous_36)
FN:333,(anonymous_37)
FN:339,(anonymous_38)
FN:349,(anonymous_39)
FN:356,(anonymous_40)
FN:373,(anonymous_41)
FN:376,(anonymous_42)
FN:399,(anonymous_43)
FN:420,(anonymous_44)
FN:424,(anonymous_45)
FN:428,(anonymous_46)
FN:432,(anonymous_47)
FN:438,(anonymous_48)
FN:447,(anonymous_49)
FN:449,(anonymous_50)
FN:454,(anonymous_51)
FN:455,(anonymous_52)
FN:465,(anonymous_53)
FN:467,(anonymous_54)
FN:472,(anonymous_55)
FN:474,(anonymous_56)
FN:479,(anonymous_57)
FN:480,(anonymous_58)
FN:484,(anonymous_59)
FN:488,(anonymous_60)
FN:493,(anonymous_61)
FN:499,(anonymous_62)
FN:501,(anonymous_63)
FN:504,(anonymous_64)
FN:508,(anonymous_65)
FN:510,(anonymous_66)
FN:513,(anonymous_67)
FN:515,(anonymous_68)
FN:528,(anonymous_69)
FNF:68
FNH:1
FNDA:79,(anonymous_2)
FNDA:0,SystemRecordTabDataSubjectComponent
FNDA:0,(anonymous_4)
FNDA:0,(anonymous_5)
FNDA:0,(anonymous_6)
FNDA:0,(anonymous_7)
FNDA:0,(anonymous_8)
FNDA:0,(anonymous_9)
FNDA:0,(anonymous_10)
FNDA:0,(anonymous_11)
FNDA:0,(anonymous_12)
FNDA:0,(anonymous_13)
FNDA:0,(anonymous_14)
FNDA:0,(anonymous_15)
FNDA:0,(anonymous_16)
FNDA:0,(anonymous_17)
FNDA:0,(anonymous_18)
FNDA:0,(anonymous_19)
FNDA:0,(anonymous_20)
FNDA:0,(anonymous_21)
FNDA:0,(anonymous_22)
FNDA:0,(anonymous_23)
FNDA:0,(anonymous_24)
FNDA:0,(anonymous_25)
FNDA:0,(anonymous_26)
FNDA:0,(anonymous_27)
FNDA:0,(anonymous_28)
FNDA:0,(anonymous_29)
FNDA:0,(anonymous_30)
FNDA:0,(anonymous_31)
FNDA:0,(anonymous_32)
FNDA:0,(anonymous_33)
FNDA:0,(anonymous_34)
FNDA:0,(anonymous_35)
FNDA:0,(anonymous_36)
FNDA:0,(anonymous_37)
FNDA:0,(anonymous_38)
FNDA:0,(anonymous_39)
FNDA:0,(anonymous_40)
FNDA:0,(anonymous_41)
FNDA:0,(anonymous_42)
FNDA:0,(anonymous_43)
FNDA:0,(anonymous_44)
FNDA:0,(anonymous_45)
FNDA:0,(anonymous_46)
FNDA:0,(anonymous_47)
FNDA:0,(anonymous_48)
FNDA:0,(anonymous_49)
FNDA:0,(anonymous_50)
FNDA:0,(anonymous_51)
FNDA:0,(anonymous_52)
FNDA:0,(anonymous_53)
FNDA:0,(anonymous_54)
FNDA:0,(anonymous_55)
FNDA:0,(anonymous_56)
FNDA:0,(anonymous_57)
FNDA:0,(anonymous_58)
FNDA:0,(anonymous_59)
FNDA:0,(anonymous_60)
FNDA:0,(anonymous_61)
FNDA:0,(anonymous_62)
FNDA:0,(anonymous_63)
FNDA:0,(anonymous_64)
FNDA:0,(anonymous_65)
FNDA:0,(anonymous_66)
FNDA:0,(anonymous_67)
FNDA:0,(anonymous_68)
FNDA:0,(anonymous_69)
DA:27,79
DA:29,79
DA:30,79
DA:31,79
DA:32,79
DA:33,79
DA:34,79
DA:35,79
DA:36,79
DA:37,79
DA:38,79
DA:39,79
DA:72,0
DA:73,0
DA:74,0
DA:75,0
DA:76,0
DA:78,0
DA:79,0
DA:80,0
DA:81,0
DA:82,0
DA:83,0
DA:84,0
DA:85,0
DA:86,0
DA:87,0
DA:89,0
DA:94,0
DA:97,79
DA:98,0
DA:99,0
DA:100,0
DA:101,0
DA:102,0
DA:103,0
DA:104,0
DA:106,0
DA:107,0
DA:111,79
DA:112,0
DA:113,0
DA:114,0
DA:117,79
DA:118,0
DA:121,79
DA:122,0
DA:123,0
DA:126,79
DA:127,0
DA:128,0
DA:129,0
DA:131,0
DA:132,0
DA:135,0
DA:136,0
DA:138,0
DA:145,79
DA:146,0
DA:147,0
DA:151,79
DA:152,0
DA:153,0
DA:155,0
DA:160,0
DA:161,0
DA:166,0
DA:173,79
DA:174,0
DA:175,0
DA:181,0
DA:187,0
DA:193,0
DA:202,79
DA:203,0
DA:206,79
DA:207,0
DA:210,79
DA:211,0
DA:212,0
DA:213,0
DA:215,0
DA:218,79
DA:219,0
DA:220,0
DA:221,0
DA:224,79
DA:225,0
DA:226,0
DA:227,0
DA:228,0
DA:231,0
DA:234,0
DA:238,0
DA:241,79
DA:243,0
DA:247,0
DA:248,0
DA:251,79
DA:252,0
DA:254,0
DA:255,0
DA:256,0
DA:257,0
DA:258,0
DA:279,0
DA:282,79
DA:283,0
DA:290,0
DA:291,0
DA:292,0
DA:295,0
DA:296,0
DA:298,0
DA:299,0
DA:301,0
DA:302,0
DA:303,0
DA:304,0
DA:305,0
DA:309,0
DA:311,0
DA:313,0
DA:314,0
DA:317,0
DA:322,0
DA:323,0
DA:326,0
DA:329,0
DA:333,79
DA:334,0
DA:336,0
DA:337,0
DA:339,0
DA:340,0
DA:341,0
DA:342,0
DA:346,0
DA:349,79
DA:350,0
DA:354,0
DA:356,0
DA:360,0
DA:365,0
DA:368,0
DA:372,0
DA:373,0
DA:374,0
DA:375,0
DA:376,0
DA:379,0
DA:383,0
DA:386,0
DA:393,0
DA:399,79
DA:400,0
DA:401,0
DA:403,0
DA:404,0
DA:406,0
DA:407,0
DA:409,0
DA:410,0
DA:412,0
DA:413,0
DA:414,0
DA:420,79
DA:421,0
DA:424,79
DA:425,0
DA:428,79
DA:429,0
DA:432,79
DA:433,0
DA:439,0
DA:447,0
DA:448,0
DA:449,0
DA:454,79
DA:455,0
DA:456,0
DA:465,0
DA:466,0
DA:467,0
DA:472,79
DA:473,0
DA:474,0
DA:476,0
DA:479,79
DA:480,0
DA:481,0
DA:484,79
DA:485,0
DA:486,0
DA:488,0
DA:489,0
DA:490,0
DA:493,0
DA:494,0
DA:495,0
DA:499,79
DA:500,0
DA:501,0
DA:503,0
DA:504,0
DA:508,79
DA:509,0
DA:510,0
DA:511,0
DA:513,0
DA:514,0
DA:515,0
DA:517,0
DA:518,0
DA:519,0
DA:520,0
DA:522,0
DA:528,79
DA:529,0
DA:531,79
LF:220
LH:43
BRDA:127,0,0,0
BRDA:127,0,1,0
BRDA:146,1,0,0
BRDA:146,1,1,0
BRDA:152,2,0,0
BRDA:152,2,1,0
BRDA:174,3,0,0
BRDA:174,3,1,0
BRDA:212,4,0,0
BRDA:212,4,1,0
BRDA:226,5,0,0
BRDA:226,5,1,0
BRDA:227,6,0,0
BRDA:227,6,1,0
BRDA:234,7,0,0
BRDA:234,7,1,0
BRDA:243,8,0,0
BRDA:243,8,1,0
BRDA:254,9,0,0
BRDA:254,9,1,0
BRDA:254,10,0,0
BRDA:254,10,1,0
BRDA:257,11,0,0
BRDA:257,11,1,0
BRDA:266,12,0,0
BRDA:266,12,1,0
BRDA:270,13,0,0
BRDA:270,13,1,0
BRDA:299,14,0,0
BRDA:299,14,1,0
BRDA:306,15,0,0
BRDA:306,15,1,0
BRDA:313,16,0,0
BRDA:313,16,1,0
BRDA:322,17,0,0
BRDA:322,17,1,0
BRDA:341,18,0,0
BRDA:341,18,1,0
BRDA:374,19,0,0
BRDA:374,19,1,0
BRDA:380,20,0,0
BRDA:380,20,1,0
BRDA:380,20,2,0
BRDA:383,21,0,0
BRDA:383,21,1,0
BRDA:394,22,0,0
BRDA:394,22,1,0
BRDA:400,23,0,0
BRDA:400,23,1,0
BRDA:403,24,0,0
BRDA:403,24,1,0
BRDA:406,25,0,0
BRDA:406,25,1,0
BRDA:409,26,0,0
BRDA:409,26,1,0
BRDA:433,27,0,0
BRDA:433,27,1,0
BRDA:476,28,0,0
BRDA:476,28,1,0
BRDA:481,29,0,0
BRDA:481,29,1,0
BRDA:517,30,0,0
BRDA:517,30,1,0
BRDA:520,31,0,0
BRDA:520,31,1,0
BRF:65
BRH:0
end_of_record
TN:
SF:src/app/business-processes/business-process-wizard/shared/components/system-record-tab-hosting-locations/system-record-tab-hosting-locations.component.ts
FN:25,(anonymous_2)
FN:62,SystemRecordTabHostingLocationsComponent
FN:81,(anonymous_4)
FN:89,(anonymous_5)
FN:95,(anonymous_6)
FN:99,(anonymous_7)
FN:105,(anonymous_8)
FN:110,(anonymous_9)
FN:113,(anonymous_10)
FN:117,(anonymous_11)
FN:126,(anonymous_12)
FN:135,(anonymous_13)
FN:153,(anonymous_14)
FN:157,(anonymous_15)
FN:163,(anonymous_16)
FN:169,(anonymous_17)
FN:175,(anonymous_18)
FN:181,(anonymous_19)
FN:182,(anonymous_20)
FN:185,(anonymous_21)
FN:189,(anonymous_22)
FN:197,(anonymous_23)
FN:199,(anonymous_24)
FN:205,(anonymous_25)
FN:213,(anonymous_26)
FN:220,(anonymous_27)
FN:236,(anonymous_28)
FN:257,(anonymous_29)
FN:261,(anonymous_30)
FN:265,(anonymous_31)
FN:268,(anonymous_32)
FN:277,(anonymous_33)
FN:279,(anonymous_34)
FN:284,(anonymous_35)
FN:285,(anonymous_36)
FN:289,(anonymous_37)
FN:293,(anonymous_38)
FN:299,(anonymous_39)
FN:300,(anonymous_40)
FNF:39
FNH:1
FNDA:79,(anonymous_2)
FNDA:0,SystemRecordTabHostingLocationsComponent
FNDA:0,(anonymous_4)
FNDA:0,(anonymous_5)
FNDA:0,(anonymous_6)
FNDA:0,(anonymous_7)
FNDA:0,(anonymous_8)
FNDA:0,(anonymous_9)
FNDA:0,(anonymous_10)
FNDA:0,(anonymous_11)
FNDA:0,(anonymous_12)
FNDA:0,(anonymous_13)
FNDA:0,(anonymous_14)
FNDA:0,(anonymous_15)
FNDA:0,(anonymous_16)
FNDA:0,(anonymous_17)
FNDA:0,(anonymous_18)
FNDA:0,(anonymous_19)
FNDA:0,(anonymous_20)
FNDA:0,(anonymous_21)
FNDA:0,(anonymous_22)
FNDA:0,(anonymous_23)
FNDA:0,(anonymous_24)
FNDA:0,(anonymous_25)
FNDA:0,(anonymous_26)
FNDA:0,(anonymous_27)
FNDA:0,(anonymous_28)
FNDA:0,(anonymous_29)
FNDA:0,(anonymous_30)
FNDA:0,(anonymous_31)
FNDA:0,(anonymous_32)
FNDA:0,(anonymous_33)
FNDA:0,(anonymous_34)
FNDA:0,(anonymous_35)
FNDA:0,(anonymous_36)
FNDA:0,(anonymous_37)
FNDA:0,(anonymous_38)
FNDA:0,(anonymous_39)
FNDA:0,(anonymous_40)
DA:25,79
DA:27,79
DA:28,79
DA:29,79
DA:30,79
DA:31,79
DA:32,79
DA:33,79
DA:34,79
DA:63,0
DA:64,0
DA:65,0
DA:67,0
DA:68,0
DA:69,0
DA:70,0
DA:71,0
DA:72,0
DA:74,0
DA:78,0
DA:81,79
DA:82,0
DA:83,0
DA:84,0
DA:85,0
DA:86,0
DA:87,0
DA:89,0
DA:90,0
DA:91,0
DA:95,79
DA:96,0
DA:99,79
DA:100,0
DA:101,0
DA:102,0
DA:105,79
DA:106,0
DA:107,0
DA:110,79
DA:111,0
DA:112,0
DA:113,0
DA:115,0
DA:116,0
DA:117,0
DA:119,0
DA:126,79
DA:127,0
DA:128,0
DA:135,79
DA:136,0
DA:137,0
DA:141,0
DA:145,0
DA:149,0
DA:153,79
DA:154,0
DA:155,0
DA:161,0
DA:167,0
DA:173,0
DA:181,79
DA:182,0
DA:185,79
DA:186,0
DA:189,79
DA:190,0
DA:191,0
DA:192,0
DA:194,0
DA:197,79
DA:198,0
DA:199,0
DA:200,0
DA:204,0
DA:205,0
DA:206,0
DA:207,0
DA:213,79
DA:214,0
DA:218,0
DA:220,0
DA:223,0
DA:227,0
DA:236,79
DA:237,0
DA:238,0
DA:240,0
DA:241,0
DA:243,0
DA:244,0
DA:246,0
DA:247,0
DA:249,0
DA:250,0
DA:251,0
DA:257,79
DA:258,0
DA:261,79
DA:262,0
DA:265,79
DA:266,0
DA:269,0
DA:277,0
DA:278,0
DA:279,0
DA:284,79
DA:285,0
DA:286,0
DA:289,79
DA:290,0
DA:291,0
DA:293,0
DA:294,0
DA:295,0
DA:299,79
DA:300,0
DA:302,79
LF:119
LH:30
BRDA:111,0,0,0
BRDA:111,0,1,0
BRDA:127,1,0,0
BRDA:127,1,1,0
BRDA:136,2,0,0
BRDA:136,2,1,0
BRDA:154,3,0,0
BRDA:154,3,1,0
BRDA:191,4,0,0
BRDA:191,4,1,0
BRDA:198,5,0,0
BRDA:198,5,1,0
BRDA:204,6,0,0
BRDA:204,6,1,0
BRDA:206,7,0,0
BRDA:206,7,1,0
BRDA:224,8,0,0
BRDA:224,8,1,0
BRDA:237,9,0,0
BRDA:237,9,1,0
BRDA:240,10,0,0
BRDA:240,10,1,0
BRDA:243,11,0,0
BRDA:243,11,1,0
BRDA:246,12,0,0
BRDA:246,12,1,0
BRDA:286,13,0,0
BRDA:286,13,1,0
BRF:28
BRH:0
end_of_record
TN:
SF:src/app/business-processes/business-process-wizard/shared/components/system-record-tab-processing-purposes/system-record-tab-processing-purposes.component.ts
FN:25,(anonymous_2)
FN:62,SystemRecordTabProcessingPurposeComponent
FN:82,(anonymous_4)
FN:91,(anonymous_5)
FN:97,(anonymous_6)
FN:101,(anonymous_7)
FN:107,(anonymous_8)
FN:112,(anonymous_9)
FN:115,(anonymous_10)
FN:119,(anonymous_11)
FN:128,(anonymous_12)
FN:134,(anonymous_13)
FN:151,(anonymous_14)
FN:155,(anonymous_15)
FN:161,(anonymous_16)
FN:167,(anonymous_17)
FN:173,(anonymous_18)
FN:179,(anonymous_19)
FN:180,(anonymous_20)
FN:183,(anonymous_21)
FN:187,(anonymous_22)
FN:195,(anonymous_23)
FN:198,(anonymous_24)
FN:208,(anonymous_25)
FN:215,(anonymous_26)
FN:227,(anonymous_27)
FN:248,(anonymous_28)
FN:252,(anonymous_29)
FN:256,(anonymous_30)
FN:262,(anonymous_31)
FN:271,(anonymous_32)
FN:273,(anonymous_33)
FN:278,(anonymous_34)
FN:279,(anonymous_35)
FN:283,(anonymous_36)
FN:287,(anonymous_37)
FN:293,(anonymous_38)
FN:294,(anonymous_39)
FNF:38
FNH:1
FNDA:79,(anonymous_2)
FNDA:0,SystemRecordTabProcessingPurposeComponent
FNDA:0,(anonymous_4)
FNDA:0,(anonymous_5)
FNDA:0,(anonymous_6)
FNDA:0,(anonymous_7)
FNDA:0,(anonymous_8)
FNDA:0,(anonymous_9)
FNDA:0,(anonymous_10)
FNDA:0,(anonymous_11)
FNDA:0,(anonymous_12)
FNDA:0,(anonymous_13)
FNDA:0,(anonymous_14)
FNDA:0,(anonymous_15)
FNDA:0,(anonymous_16)
FNDA:0,(anonymous_17)
FNDA:0,(anonymous_18)
FNDA:0,(anonymous_19)
FNDA:0,(anonymous_20)
FNDA:0,(anonymous_21)
FNDA:0,(anonymous_22)
FNDA:0,(anonymous_23)
FNDA:0,(anonymous_24)
FNDA:0,(anonymous_25)
FNDA:0,(anonymous_26)
FNDA:0,(anonymous_27)
FNDA:0,(anonymous_28)
FNDA:0,(anonymous_29)
FNDA:0,(anonymous_30)
FNDA:0,(anonymous_31)
FNDA:0,(anonymous_32)
FNDA:0,(anonymous_33)
FNDA:0,(anonymous_34)
FNDA:0,(anonymous_35)
FNDA:0,(anonymous_36)
FNDA:0,(anonymous_37)
FNDA:0,(anonymous_38)
FNDA:0,(anonymous_39)
DA:25,79
DA:27,79
DA:28,79
DA:29,79
DA:30,79
DA:31,79
DA:32,79
DA:33,79
DA:34,79
DA:63,0
DA:64,0
DA:65,0
DA:66,0
DA:68,0
DA:69,0
DA:70,0
DA:71,0
DA:72,0
DA:73,0
DA:75,0
DA:79,0
DA:82,79
DA:83,0
DA:84,0
DA:85,0
DA:86,0
DA:87,0
DA:88,0
DA:89,0
DA:91,0
DA:92,0
DA:93,0
DA:97,79
DA:98,0
DA:101,79
DA:102,0
DA:103,0
DA:104,0
DA:107,79
DA:108,0
DA:109,0
DA:112,79
DA:113,0
DA:114,0
DA:115,0
DA:117,0
DA:118,0
DA:119,0
DA:121,0
DA:128,79
DA:129,0
DA:130,0
DA:134,79
DA:135,0
DA:136,0
DA:140,0
DA:144,0
DA:151,79
DA:152,0
DA:153,0
DA:159,0
DA:165,0
DA:171,0
DA:179,79
DA:180,0
DA:183,79
DA:184,0
DA:187,79
DA:188,0
DA:189,0
DA:190,0
DA:192,0
DA:195,79
DA:196,0
DA:197,0
DA:199,0
DA:208,79
DA:209,0
DA:213,0
DA:215,0
DA:218,0
DA:227,79
DA:228,0
DA:229,0
DA:231,0
DA:232,0
DA:234,0
DA:235,0
DA:237,0
DA:238,0
DA:240,0
DA:241,0
DA:242,0
DA:248,79
DA:249,0
DA:252,79
DA:253,0
DA:256,79
DA:257,0
DA:263,0
DA:271,0
DA:272,0
DA:273,0
DA:278,79
DA:279,0
DA:280,0
DA:283,79
DA:284,0
DA:285,0
DA:287,0
DA:288,0
DA:289,0
DA:293,79
DA:294,0
DA:296,79
LF:115
LH:30
BRDA:113,0,0,0
BRDA:113,0,1,0
BRDA:129,1,0,0
BRDA:129,1,1,0
BRDA:135,2,0,0
BRDA:135,2,1,0
BRDA:152,3,0,0
BRDA:152,3,1,0
BRDA:189,4,0,0
BRDA:189,4,1,0
BRDA:196,5,0,0
BRDA:196,5,1,0
BRDA:228,6,0,0
BRDA:228,6,1,0
BRDA:231,7,0,0
BRDA:231,7,1,0
BRDA:234,8,0,0
BRDA:234,8,1,0
BRDA:237,9,0,0
BRDA:237,9,1,0
BRDA:257,10,0,0
BRDA:257,10,1,0
BRDA:280,11,0,0
BRDA:280,11,1,0
BRF:24
BRH:0
end_of_record
TN:
SF:src/app/business-processes/business-process-wizard/shared/components/tags/tags.component.ts
FN:17,(anonymous_2)
FN:34,TagsComponent
FN:42,(anonymous_4)
FN:51,(anonymous_5)
FN:56,(anonymous_6)
FN:62,(anonymous_7)
FN:69,(anonymous_8)
FN:73,(anonymous_9)
FN:80,(anonymous_10)
FN:85,(anonymous_11)
FN:89,(anonymous_12)
FN:93,(anonymous_13)
FN:99,(anonymous_14)
FN:106,(anonymous_15)
FN:114,(anonymous_16)
FN:116,(anonymous_17)
FNF:16
FNH:1
FNDA:79,(anonymous_2)
FNDA:0,TagsComponent
FNDA:0,(anonymous_4)
FNDA:0,(anonymous_5)
FNDA:0,(anonymous_6)
FNDA:0,(anonymous_7)
FNDA:0,(anonymous_8)
FNDA:0,(anonymous_9)
FNDA:0,(anonymous_10)
FNDA:0,(anonymous_11)
FNDA:0,(anonymous_12)
FNDA:0,(anonymous_13)
FNDA:0,(anonymous_14)
FNDA:0,(anonymous_15)
FNDA:0,(anonymous_16)
FNDA:0,(anonymous_17)
DA:17,79
DA:19,79
DA:20,79
DA:22,0
DA:24,0
DA:25,0
DA:26,0
DA:30,0
DA:35,0
DA:36,0
DA:37,0
DA:39,0
DA:42,79
DA:43,0
DA:44,0
DA:45,0
DA:46,0
DA:47,0
DA:48,0
DA:51,79
DA:52,0
DA:53,0
DA:56,79
DA:57,0
DA:58,0
DA:59,0
DA:62,79
DA:63,0
DA:64,0
DA:65,0
DA:70,0
DA:71,0
DA:74,0
DA:75,0
DA:80,79
DA:81,0
DA:82,0
DA:85,79
DA:86,0
DA:89,79
DA:90,0
DA:93,79
DA:94,0
DA:95,0
DA:100,0
DA:101,0
DA:102,0
DA:103,0
DA:107,0
DA:108,0
DA:109,0
DA:114,79
DA:115,0
DA:117,0
DA:121,79
LF:55
LH:13
BRDA:81,0,0,0
BRDA:81,0,1,0
BRDA:100,1,0,0
BRDA:100,1,1,0
BRDA:116,2,0,0
BRDA:116,2,1,0
BRF:6
BRH:0
end_of_record
TN:
SF:src/app/business-processes/business-process-wizard/systems-selection/systems-selection.component.ts
FN:57,(anonymous_14)
FN:226,SystemsSelectionComponent
FN:207,(anonymous_16)
FN:210,(anonymous_17)
FN:213,(anonymous_18)
FN:216,(anonymous_19)
FN:219,(anonymous_20)
FN:222,(anonymous_21)
FN:262,(anonymous_22)
FN:266,(anonymous_23)
FN:283,(anonymous_24)
FN:287,(anonymous_25)
FN:297,(anonymous_26)
FN:301,(anonymous_27)
FN:311,(anonymous_28)
FN:322,(anonymous_29)
FN:325,(anonymous_30)
FN:334,(anonymous_31)
FN:345,(anonymous_32)
FN:351,(anonymous_33)
FN:356,(anonymous_34)
FN:365,(anonymous_35)
FN:370,(anonymous_36)
FN:379,(anonymous_37)
FN:384,(anonymous_38)
FN:400,(anonymous_39)
FN:409,(anonymous_40)
FN:412,(anonymous_41)
FN:428,(anonymous_42)
FN:435,(anonymous_43)
FN:440,(anonymous_44)
FN:447,(anonymous_45)
FN:461,(anonymous_46)
FN:469,(anonymous_47)
FN:479,(anonymous_48)
FN:491,(anonymous_49)
FN:498,(anonymous_50)
FN:501,(anonymous_51)
FN:506,(anonymous_52)
FN:513,(anonymous_53)
FN:515,(anonymous_54)
FN:525,(anonymous_55)
FN:538,(anonymous_56)
FN:549,(anonymous_57)
FN:554,(anonymous_58)
FN:556,(anonymous_59)
FN:564,(anonymous_60)
FN:571,(anonymous_61)
FN:581,(anonymous_62)
FN:585,(anonymous_63)
FN:592,(anonymous_64)
FN:601,(anonymous_65)
FN:619,(anonymous_66)
FN:622,(anonymous_67)
FN:623,(anonymous_68)
FN:636,(anonymous_69)
FN:651,(anonymous_70)
FN:666,(anonymous_71)
FN:672,(anonymous_72)
FN:681,(anonymous_73)
FN:687,(anonymous_74)
FN:693,(anonymous_75)
FN:702,(anonymous_76)
FN:715,(anonymous_77)
FN:721,(anonymous_78)
FN:730,(anonymous_79)
FN:775,(anonymous_80)
FN:782,(anonymous_81)
FN:797,(anonymous_82)
FN:805,(anonymous_83)
FN:815,(anonymous_84)
FN:829,(anonymous_85)
FN:836,(anonymous_86)
FN:843,(anonymous_87)
FN:850,(anonymous_88)
FN:857,(anonymous_89)
FN:861,(anonymous_90)
FN:865,(anonymous_91)
FN:878,(anonymous_92)
FN:889,(anonymous_93)
FN:900,(anonymous_94)
FN:911,(anonymous_95)
FN:922,(anonymous_96)
FN:994,(anonymous_97)
FN:1014,(anonymous_98)
FN:1027,(anonymous_101)
FN:1062,(anonymous_104)
FN:1078,(anonymous_105)
FN:1088,(anonymous_106)
FN:1183,(anonymous_107)
FN:1195,(anonymous_108)
FN:1200,(anonymous_109)
FN:1216,(anonymous_110)
FN:1232,(anonymous_111)
FN:1236,(anonymous_112)
FN:1246,(anonymous_113)
FN:1250,(anonymous_114)
FN:1254,(anonymous_115)
FN:1258,(anonymous_116)
FN:1267,(anonymous_117)
FN:1270,(anonymous_118)
FN:1277,(anonymous_119)
FN:1285,(anonymous_120)
FN:1286,(anonymous_121)
FN:1290,(anonymous_122)
FN:1296,(anonymous_123)
FN:1310,(anonymous_124)
FN:1311,(anonymous_125)
FN:1320,(anonymous_126)
FN:1321,(anonymous_127)
FN:1325,(anonymous_128)
FN:1332,(anonymous_129)
FN:1334,(anonymous_130)
FN:1340,(anonymous_131)
FN:1347,(anonymous_132)
FN:1358,(anonymous_133)
FN:1359,(anonymous_134)
FN:1367,(anonymous_135)
FN:1375,(anonymous_136)
FN:1380,(anonymous_137)
FN:1395,(anonymous_138)
FN:1407,(anonymous_139)
FN:1422,(anonymous_140)
FN:1434,(anonymous_141)
FN:1443,(anonymous_142)
FN:1455,(anonymous_143)
FN:1464,(anonymous_144)
FN:1469,(anonymous_145)
FN:1478,(anonymous_146)
FN:1482,(anonymous_147)
FNF:130
FNH:11
FNDA:18,(anonymous_14)
FNDA:1,SystemsSelectionComponent
FNDA:0,(anonymous_16)
FNDA:0,(anonymous_17)
FNDA:0,(anonymous_18)
FNDA:0,(anonymous_19)
FNDA:0,(anonymous_20)
FNDA:0,(anonymous_21)
FNDA:1,(anonymous_22)
FNDA:0,(anonymous_23)
FNDA:1,(anonymous_24)
FNDA:1,(anonymous_25)
FNDA:0,(anonymous_26)
FNDA:0,(anonymous_27)
FNDA:0,(anonymous_28)
FNDA:0,(anonymous_29)
FNDA:0,(anonymous_30)
FNDA:0,(anonymous_31)
FNDA:0,(anonymous_32)
FNDA:0,(anonymous_33)
FNDA:0,(anonymous_34)
FNDA:0,(anonymous_35)
FNDA:0,(anonymous_36)
FNDA:0,(anonymous_37)
FNDA:0,(anonymous_38)
FNDA:0,(anonymous_39)
FNDA:0,(anonymous_40)
FNDA:0,(anonymous_41)
FNDA:0,(anonymous_42)
FNDA:0,(anonymous_43)
FNDA:0,(anonymous_44)
FNDA:0,(anonymous_45)
FNDA:0,(anonymous_46)
FNDA:0,(anonymous_47)
FNDA:0,(anonymous_48)
FNDA:0,(anonymous_49)
FNDA:0,(anonymous_50)
FNDA:0,(anonymous_51)
FNDA:0,(anonymous_52)
FNDA:0,(anonymous_53)
FNDA:0,(anonymous_54)
FNDA:0,(anonymous_55)
FNDA:1,(anonymous_56)
FNDA:5,(anonymous_57)
FNDA:0,(anonymous_58)
FNDA:0,(anonymous_59)
FNDA:0,(anonymous_60)
FNDA:0,(anonymous_61)
FNDA:0,(anonymous_62)
FNDA:0,(anonymous_63)
FNDA:0,(anonymous_64)
FNDA:0,(anonymous_65)
FNDA:0,(anonymous_66)
FNDA:0,(anonymous_67)
FNDA:0,(anonymous_68)
FNDA:0,(anonymous_69)
FNDA:0,(anonymous_70)
FNDA:0,(anonymous_71)
FNDA:0,(anonymous_72)
FNDA:0,(anonymous_73)
FNDA:0,(anonymous_74)
FNDA:0,(anonymous_75)
FNDA:1,(anonymous_76)
FNDA:1,(anonymous_77)
FNDA:5,(anonymous_78)
FNDA:1,(anonymous_79)
FNDA:0,(anonymous_80)
FNDA:0,(anonymous_81)
FNDA:0,(anonymous_82)
FNDA:0,(anonymous_83)
FNDA:0,(anonymous_84)
FNDA:0,(anonymous_85)
FNDA:0,(anonymous_86)
FNDA:0,(anonymous_87)
FNDA:0,(anonymous_88)
FNDA:0,(anonymous_89)
FNDA:0,(anonymous_90)
FNDA:0,(anonymous_91)
FNDA:0,(anonymous_92)
FNDA:0,(anonymous_93)
FNDA:0,(anonymous_94)
FNDA:0,(anonymous_95)
FNDA:0,(anonymous_96)
FNDA:0,(anonymous_97)
FNDA:0,(anonymous_98)
FNDA:0,(anonymous_101)
FNDA:0,(anonymous_104)
FNDA:0,(anonymous_105)
FNDA:0,(anonymous_106)
FNDA:0,(anonymous_107)
FNDA:0,(anonymous_108)
FNDA:0,(anonymous_109)
FNDA:0,(anonymous_110)
FNDA:0,(anonymous_111)
FNDA:0,(anonymous_112)
FNDA:0,(anonymous_113)
FNDA:0,(anonymous_114)
FNDA:0,(anonymous_115)
FNDA:0,(anonymous_116)
FNDA:0,(anonymous_117)
FNDA:0,(anonymous_118)
FNDA:0,(anonymous_119)
FNDA:0,(anonymous_120)
FNDA:0,(anonymous_121)
FNDA:0,(anonymous_122)
FNDA:0,(anonymous_123)
FNDA:0,(anonymous_124)
FNDA:0,(anonymous_125)
FNDA:0,(anonymous_126)
FNDA:0,(anonymous_127)
FNDA:0,(anonymous_128)
FNDA:0,(anonymous_129)
FNDA:0,(anonymous_130)
FNDA:0,(anonymous_131)
FNDA:0,(anonymous_132)
FNDA:0,(anonymous_133)
FNDA:0,(anonymous_134)
FNDA:0,(anonymous_135)
FNDA:0,(anonymous_136)
FNDA:0,(anonymous_137)
FNDA:0,(anonymous_138)
FNDA:0,(anonymous_139)
FNDA:0,(anonymous_140)
FNDA:0,(anonymous_141)
FNDA:0,(anonymous_142)
FNDA:0,(anonymous_143)
FNDA:0,(anonymous_144)
FNDA:0,(anonymous_145)
FNDA:0,(anonymous_146)
FNDA:0,(anonymous_147)
DA:57,18
DA:58,18
DA:60,18
DA:61,18
DA:63,1
DA:70,1
DA:71,1
DA:74,1
DA:78,1
DA:91,1
DA:92,1
DA:93,1
DA:94,1
DA:159,1
DA:178,1
DA:182,1
DA:186,1
DA:190,1
DA:194,1
DA:195,1
DA:196,1
DA:203,18
DA:207,18
DA:208,0
DA:210,18
DA:211,0
DA:213,18
DA:214,0
DA:216,18
DA:217,0
DA:219,18
DA:220,0
DA:222,18
DA:223,0
DA:227,1
DA:228,1
DA:229,1
DA:230,1
DA:231,1
DA:232,1
DA:233,1
DA:234,1
DA:235,1
DA:236,1
DA:237,1
DA:238,1
DA:239,1
DA:240,1
DA:241,1
DA:242,1
DA:243,1
DA:245,1
DA:246,1
DA:247,1
DA:248,1
DA:249,1
DA:250,1
DA:251,1
DA:252,1
DA:253,1
DA:254,1
DA:255,1
DA:256,1
DA:257,1
DA:258,1
DA:259,1
DA:262,18
DA:263,1
DA:265,1
DA:267,0
DA:268,0
DA:269,0
DA:270,0
DA:272,0
DA:274,0
DA:275,0
DA:276,0
DA:277,0
DA:278,0
DA:283,18
DA:284,1
DA:285,1
DA:288,1
DA:289,1
DA:290,1
DA:291,1
DA:298,0
DA:299,0
DA:302,0
DA:306,0
DA:311,18
DA:312,0
DA:313,0
DA:314,0
DA:316,0
DA:317,0
DA:319,0
DA:322,18
DA:323,0
DA:325,0
DA:326,0
DA:330,0
DA:334,18
DA:335,0
DA:339,0
DA:342,0
DA:345,18
DA:346,0
DA:347,0
DA:348,0
DA:351,18
DA:352,0
DA:353,0
DA:356,18
DA:357,0
DA:358,0
DA:365,18
DA:366,0
DA:367,0
DA:370,18
DA:371,0
DA:373,0
DA:375,0
DA:377,0
DA:379,0
DA:380,0
DA:381,0
DA:384,0
DA:385,0
DA:386,0
DA:387,0
DA:388,0
DA:389,0
DA:390,0
DA:393,0
DA:394,0
DA:395,0
DA:400,18
DA:401,0
DA:403,0
DA:405,0
DA:407,0
DA:409,0
DA:410,0
DA:411,0
DA:413,0
DA:414,0
DA:415,0
DA:416,0
DA:417,0
DA:421,0
DA:422,0
DA:423,0
DA:428,18
DA:429,0
DA:435,18
DA:436,0
DA:437,0
DA:440,0
DA:441,0
DA:442,0
DA:447,18
DA:452,0
DA:453,0
DA:455,0
DA:456,0
DA:458,0
DA:459,0
DA:461,0
DA:462,0
DA:463,0
DA:465,0
DA:469,0
DA:470,0
DA:471,0
DA:475,0
DA:479,0
DA:480,0
DA:481,0
DA:484,0
DA:485,0
DA:487,0
DA:491,18
DA:492,0
DA:493,0
DA:494,0
DA:498,18
DA:499,0
DA:500,0
DA:502,0
DA:503,0
DA:504,0
DA:507,0
DA:508,0
DA:513,18
DA:514,0
DA:516,0
DA:517,0
DA:525,18
DA:526,0
DA:538,18
DA:539,1
DA:540,0
DA:543,1
DA:548,1
DA:549,5
DA:552,1
DA:555,0
DA:556,0
DA:559,0
DA:561,0
DA:563,0
DA:564,0
DA:566,0
DA:568,0
DA:570,0
DA:571,0
DA:574,0
DA:577,0
DA:581,18
DA:582,0
DA:585,18
DA:586,0
DA:592,18
DA:593,0
DA:594,0
DA:595,0
DA:599,0
DA:602,0
DA:603,0
DA:605,0
DA:607,0
DA:610,0
DA:611,0
DA:614,0
DA:619,18
DA:620,0
DA:622,0
DA:624,0
DA:625,0
DA:627,0
DA:629,0
DA:631,0
DA:636,18
DA:640,0
DA:642,0
DA:651,0
DA:652,0
DA:654,0
DA:656,0
DA:666,0
DA:667,0
DA:670,0
DA:671,0
DA:672,0
DA:673,0
DA:674,0
DA:675,0
DA:677,0
DA:681,18
DA:682,0
DA:683,0
DA:687,18
DA:688,0
DA:689,0
DA:693,18
DA:694,0
DA:695,0
DA:702,18
DA:703,1
DA:715,18
DA:716,1
DA:721,18
DA:722,5
DA:730,18
DA:731,1
DA:775,18
DA:776,0
DA:777,0
DA:779,0
DA:780,0
DA:783,0
DA:784,0
DA:788,0
DA:792,0
DA:797,18
DA:798,0
DA:799,0
DA:802,0
DA:805,18
DA:806,0
DA:807,0
DA:808,0
DA:809,0
DA:812,0
DA:815,18
DA:816,0
DA:818,0
DA:820,0
DA:822,0
DA:823,0
DA:826,0
DA:829,0
DA:830,0
DA:833,0
DA:836,0
DA:837,0
DA:840,0
DA:843,0
DA:844,0
DA:847,0
DA:850,0
DA:851,0
DA:854,0
DA:857,0
DA:858,0
DA:861,0
DA:865,18
DA:866,0
DA:871,0
DA:873,0
DA:874,0
DA:878,18
DA:879,0
DA:881,0
DA:889,18
DA:890,0
DA:892,0
DA:900,18
DA:901,0
DA:903,0
DA:911,18
DA:912,0
DA:914,0
DA:922,18
DA:923,0
DA:928,0
DA:933,0
DA:934,0
DA:940,0
DA:941,0
DA:942,0
DA:943,0
DA:946,0
DA:947,0
DA:948,0
DA:953,0
DA:954,0
DA:955,0
DA:956,0
DA:957,0
DA:958,0
DA:959,0
DA:960,0
DA:961,0
DA:962,0
DA:967,0
DA:968,0
DA:969,0
DA:970,0
DA:971,0
DA:972,0
DA:973,0
DA:974,0
DA:975,0
DA:976,0
DA:981,0
DA:982,0
DA:983,0
DA:984,0
DA:985,0
DA:986,0
DA:987,0
DA:988,0
DA:990,0
DA:994,18
DA:995,0
DA:996,0
DA:997,0
DA:1005,0
DA:1006,0
DA:1007,0
DA:1008,0
DA:1011,0
DA:1014,18
DA:1015,0
DA:1016,0
DA:1017,0
DA:1018,0
DA:1019,0
DA:1020,0
DA:1021,0
DA:1024,0
DA:1027,18
DA:1028,0
DA:1029,0
DA:1031,0
DA:1033,0
DA:1034,0
DA:1036,0
DA:1037,0
DA:1039,0
DA:1040,0
DA:1042,0
DA:1043,0
DA:1045,0
DA:1046,0
DA:1048,0
DA:1049,0
DA:1051,0
DA:1052,0
DA:1056,0
DA:1057,0
DA:1062,18
DA:1063,0
DA:1064,0
DA:1065,0
DA:1067,0
DA:1068,0
DA:1069,0
DA:1070,0
DA:1071,0
DA:1072,0
DA:1074,0
DA:1078,18
DA:1079,0
DA:1080,0
DA:1081,0
DA:1082,0
DA:1084,0
DA:1088,18
DA:1089,0
DA:1095,0
DA:1102,0
DA:1106,0
DA:1107,0
DA:1108,0
DA:1112,0
DA:1116,0
DA:1122,0
DA:1123,0
DA:1127,0
DA:1128,0
DA:1132,0
DA:1138,0
DA:1139,0
DA:1143,0
DA:1147,0
DA:1148,0
DA:1154,0
DA:1155,0
DA:1159,0
DA:1163,0
DA:1167,0
DA:1170,0
DA:1172,0
DA:1176,0
DA:1183,18
DA:1184,0
DA:1185,0
DA:1187,0
DA:1195,18
DA:1196,0
DA:1197,0
DA:1200,18
DA:1201,0
DA:1202,0
DA:1212,0
DA:1213,0
DA:1216,18
DA:1217,0
DA:1218,0
DA:1228,0
DA:1229,0
DA:1232,18
DA:1233,0
DA:1234,0
DA:1235,0
DA:1236,0
DA:1238,0
DA:1239,0
DA:1241,0
DA:1243,0
DA:1246,18
DA:1247,0
DA:1250,18
DA:1251,0
DA:1254,18
DA:1255,0
DA:1258,18
DA:1259,0
DA:1260,0
DA:1262,0
DA:1263,0
DA:1267,18
DA:1268,0
DA:1270,0
DA:1275,0
DA:1277,0
DA:1279,0
DA:1281,0
DA:1285,18
DA:1286,0
DA:1289,0
DA:1290,0
DA:1291,0
DA:1296,0
DA:1297,0
DA:1303,0
DA:1309,0
DA:1310,0
DA:1311,0
DA:1313,0
DA:1319,0
DA:1320,0
DA:1321,0
DA:1323,0
DA:1325,0
DA:1327,0
DA:1331,0
DA:1333,0
DA:1334,0
DA:1336,0
DA:1337,0
DA:1339,0
DA:1340,0
DA:1342,0
DA:1343,0
DA:1345,0
DA:1347,0
DA:1349,0
DA:1351,0
DA:1357,0
DA:1358,0
DA:1359,0
DA:1361,0
DA:1367,18
DA:1368,0
DA:1375,18
DA:1377,0
DA:1380,18
DA:1381,0
DA:1382,0
DA:1384,0
DA:1385,0
DA:1387,0
DA:1388,0
DA:1390,0
DA:1391,0
DA:1395,18
DA:1396,0
DA:1397,0
DA:1399,0
DA:1400,0
DA:1402,0
DA:1403,0
DA:1407,18
DA:1408,0
DA:1409,0
DA:1411,0
DA:1412,0
DA:1414,0
DA:1415,0
DA:1417,0
DA:1418,0
DA:1422,18
DA:1423,0
DA:1424,0
DA:1426,0
DA:1427,0
DA:1429,0
DA:1430,0
DA:1434,18
DA:1435,0
DA:1436,0
DA:1443,18
DA:1444,0
DA:1449,0
DA:1450,0
DA:1451,0
DA:1452,0
DA:1455,18
DA:1457,0
DA:1460,0
DA:1461,0
DA:1464,18
DA:1465,0
DA:1466,0
DA:1469,18
DA:1471,0
DA:1472,0
DA:1474,0
DA:1478,18
DA:1479,0
DA:1480,0
DA:1483,0
DA:1486,18
LF:597
LH:148
BRDA:312,0,0,0
BRDA:312,0,1,0
BRDA:316,1,0,0
BRDA:316,1,1,0
BRDA:335,2,0,0
BRDA:335,2,1,0
BRDA:336,3,0,0
BRDA:336,3,1,0
BRDA:336,3,2,0
BRDA:356,4,0,0
BRDA:356,4,1,0
BRDA:380,5,0,0
BRDA:380,5,1,0
BRDA:410,6,0,0
BRDA:410,6,1,0
BRDA:436,7,0,0
BRDA:436,7,1,0
BRDA:441,8,0,0
BRDA:441,8,1,0
BRDA:452,9,0,0
BRDA:452,9,1,0
BRDA:462,10,0,0
BRDA:462,10,1,0
BRDA:470,11,0,0
BRDA:470,11,1,0
BRDA:480,12,0,0
BRDA:480,12,1,0
BRDA:484,13,0,0
BRDA:484,13,1,0
BRDA:493,14,0,0
BRDA:493,14,1,0
BRDA:538,15,0,1
BRDA:538,15,1,0
BRDA:538,16,0,1
BRDA:538,16,1,0
BRDA:539,17,0,0
BRDA:539,17,1,1
BRDA:556,18,0,0
BRDA:556,18,1,0
BRDA:563,19,0,0
BRDA:563,19,1,0
BRDA:593,20,0,0
BRDA:593,20,1,0
BRDA:594,21,0,0
BRDA:594,21,1,0
BRDA:595,22,0,0
BRDA:595,22,1,0
BRDA:605,23,0,0
BRDA:605,23,1,0
BRDA:610,24,0,0
BRDA:610,24,1,0
BRDA:627,25,0,0
BRDA:627,25,1,0
BRDA:682,26,0,0
BRDA:682,26,1,0
BRDA:688,27,0,0
BRDA:688,27,1,0
BRDA:694,28,0,0
BRDA:694,28,1,0
BRDA:717,29,0,0
BRDA:717,29,1,1
BRDA:716,30,0,1
BRDA:716,30,1,0
BRDA:723,31,0,0
BRDA:723,31,1,5
BRDA:776,32,0,0
BRDA:776,32,1,0
BRDA:776,33,0,0
BRDA:776,33,1,0
BRDA:779,34,0,0
BRDA:779,34,1,0
BRDA:783,35,0,0
BRDA:783,35,1,0
BRDA:820,36,0,0
BRDA:820,36,1,0
BRDA:822,37,0,0
BRDA:822,37,1,0
BRDA:866,38,0,0
BRDA:866,38,1,0
BRDA:867,39,0,0
BRDA:867,39,1,0
BRDA:867,39,2,0
BRDA:874,40,0,0
BRDA:874,40,1,0
BRDA:923,41,0,0
BRDA:923,41,1,0
BRDA:924,42,0,0
BRDA:924,42,1,0
BRDA:924,42,2,0
BRDA:937,43,0,0
BRDA:937,43,1,0
BRDA:944,44,0,0
BRDA:944,44,1,0
BRDA:947,45,0,0
BRDA:947,45,1,0
BRDA:961,46,0,0
BRDA:961,46,1,0
BRDA:975,47,0,0
BRDA:975,47,1,0
BRDA:1002,48,0,0
BRDA:1002,48,1,0
BRDA:1009,49,0,0
BRDA:1009,49,1,0
BRDA:1022,50,0,0
BRDA:1022,50,1,0
BRDA:1028,51,0,0
BRDA:1028,51,1,0
BRDA:1033,52,0,0
BRDA:1033,52,1,0
BRDA:1033,53,0,0
BRDA:1033,53,1,0
BRDA:1035,54,0,0
BRDA:1035,54,1,0
BRDA:1035,54,2,0
BRDA:1035,54,3,0
BRDA:1035,54,4,0
BRDA:1035,54,5,0
BRDA:1056,55,0,0
BRDA:1056,55,1,0
BRDA:1056,56,0,0
BRDA:1056,56,1,0
BRDA:1067,57,0,0
BRDA:1067,57,1,0
BRDA:1070,58,0,0
BRDA:1070,58,1,0
BRDA:1081,59,0,0
BRDA:1081,59,1,0
BRDA:1106,60,0,0
BRDA:1106,60,1,0
BRDA:1122,61,0,0
BRDA:1122,61,1,0
BRDA:1138,62,0,0
BRDA:1138,62,1,0
BRDA:1154,63,0,0
BRDA:1154,63,1,0
BRDA:1170,64,0,0
BRDA:1170,64,1,0
BRDA:1184,65,0,0
BRDA:1184,65,1,0
BRDA:1195,66,0,0
BRDA:1195,66,1,0
BRDA:1196,67,0,0
BRDA:1196,67,1,0
BRDA:1234,68,0,0
BRDA:1234,68,1,0
BRDA:1238,69,0,0
BRDA:1238,69,1,0
BRDA:1259,70,0,0
BRDA:1259,70,1,0
BRDA:1262,71,0,0
BRDA:1262,71,1,0
BRDA:1269,72,0,0
BRDA:1269,72,1,0
BRDA:1269,72,2,0
BRDA:1269,72,3,0
BRDA:1269,72,4,0
BRDA:1289,73,0,0
BRDA:1289,73,1,0
BRDA:1309,74,0,0
BRDA:1309,74,1,0
BRDA:1319,75,0,0
BRDA:1319,75,1,0
BRDA:1334,76,0,0
BRDA:1334,76,1,0
BRDA:1336,77,0,0
BRDA:1336,77,1,0
BRDA:1340,78,0,0
BRDA:1340,78,1,0
BRDA:1342,79,0,0
BRDA:1342,79,1,0
BRDA:1357,80,0,0
BRDA:1357,80,1,0
BRDA:1381,81,0,0
BRDA:1381,81,1,0
BRDA:1384,82,0,0
BRDA:1384,82,1,0
BRDA:1387,83,0,0
BRDA:1387,83,1,0
BRDA:1390,84,0,0
BRDA:1390,84,1,0
BRDA:1396,85,0,0
BRDA:1396,85,1,0
BRDA:1399,86,0,0
BRDA:1399,86,1,0
BRDA:1402,87,0,0
BRDA:1402,87,1,0
BRDA:1408,88,0,0
BRDA:1408,88,1,0
BRDA:1411,89,0,0
BRDA:1411,89,1,0
BRDA:1414,90,0,0
BRDA:1414,90,1,0
BRDA:1417,91,0,0
BRDA:1417,91,1,0
BRDA:1423,92,0,0
BRDA:1423,92,1,0
BRDA:1426,93,0,0
BRDA:1426,93,1,0
BRDA:1429,94,0,0
BRDA:1429,94,1,0
BRDA:1445,95,0,0
BRDA:1445,95,1,0
BRDA:1458,96,0,0
BRDA:1458,96,1,0
BRDA:1457,97,0,0
BRDA:1457,97,1,0
BRDA:1457,97,2,0
BRDA:1471,98,0,0
BRDA:1471,98,1,0
BRF:209
BRH:6
end_of_record
TN:
SF:src/app/business-processes/create-bp/create-business-processes-routing.module.ts
FN:93,(anonymous_1)
FNF:1
FNH:1
FNDA:158,(anonymous_1)
DA:14,79
DA:93,79
LF:2
LH:2
BRF:0
BRH:0
end_of_record
TN:
SF:src/app/business-processes/create-bp/create-business-processes.component.ts
FN:22,(anonymous_2)
FN:30,CreateBusinessProcessesComponent
FN:36,(anonymous_4)
FN:41,(anonymous_5)
FN:54,(anonymous_6)
FN:61,(anonymous_7)
FN:69,(anonymous_8)
FN:76,(anonymous_9)
FN:79,(anonymous_10)
FN:87,(anonymous_11)
FN:92,(anonymous_12)
FNF:11
FNH:7
FNDA:79,(anonymous_2)
FNDA:63,CreateBusinessProcessesComponent
FNDA:63,(anonymous_4)
FNDA:58,(anonymous_5)
FNDA:0,(anonymous_6)
FNDA:32,(anonymous_7)
FNDA:58,(anonymous_8)
FNDA:0,(anonymous_9)
FNDA:0,(anonymous_10)
FNDA:0,(anonymous_11)
FNDA:197268,(anonymous_12)
DA:22,79
DA:27,63
DA:28,63
DA:31,63
DA:32,63
DA:33,63
DA:36,79
DA:37,63
DA:40,63
DA:42,58
DA:43,58
DA:45,58
DA:48,58
DA:51,58
DA:52,58
DA:55,0
DA:56,0
DA:61,79
DA:62,32
DA:63,32
DA:69,79
DA:70,58
DA:71,58
DA:76,79
DA:77,0
DA:80,0
DA:83,0
DA:87,79
DA:88,0
DA:89,0
DA:92,79
DA:93,197268
DA:94,75924
DA:96,121344
DA:97,33608
DA:99,87736
DA:100,87736
DA:103,79
LF:38
LH:31
BRDA:62,0,0,32
BRDA:62,0,1,0
BRDA:93,1,0,75924
BRDA:93,1,1,121344
BRDA:96,2,0,33608
BRDA:96,2,1,87736
BRDA:99,3,0,87736
BRDA:99,3,1,0
BRF:8
BRH:6
end_of_record
TN:
SF:src/app/business-processes/create-bp/create-business-processes.model.ts
FN:8,(anonymous_0)
FN:11,(anonymous_1)
FN:21,(anonymous_2)
FN:38,(anonymous_3)
FN:80,(anonymous_4)
FNF:5
FNH:4
FNDA:0,(anonymous_0)
FNDA:96,(anonymous_1)
FNDA:96,(anonymous_2)
FNDA:116,(anonymous_3)
FNDA:42,(anonymous_4)
DA:8,96
DA:9,0
DA:11,96
DA:12,96
DA:13,96
DA:14,96
DA:15,96
DA:16,96
DA:17,96
DA:18,96
DA:21,96
DA:22,96
DA:23,96
DA:24,96
DA:25,96
DA:26,96
DA:27,96
DA:28,96
DA:38,96
DA:41,116
DA:80,116
DA:81,42
DA:84,116
LF:23
LH:22
BRDA:11,0,0,96
BRDA:11,0,1,96
BRDA:21,1,0,96
BRDA:21,1,1,96
BRDA:54,2,0,42
BRDA:54,2,1,74
BRDA:57,3,0,42
BRDA:57,3,1,74
BRDA:85,4,0,42
BRDA:85,4,1,74
BRF:10
BRH:10
end_of_record
TN:
SF:src/app/business-processes/create-bp/create-business-processes.module.ts
FN:130,(anonymous_1)
FNF:1
FNH:1
FNDA:158,(anonymous_1)
DA:130,79
LF:1
LH:1
BRF:0
BRH:0
end_of_record
TN:
SF:src/app/business-processes/create-bp/create-business-processes.service.ts
FN:50,(anonymous_4)
FN:51,CreateBusinessProcessesService
FN:81,(anonymous_6)
FN:89,(anonymous_7)
FN:96,(anonymous_8)
FN:97,(anonymous_9)
FN:111,(anonymous_10)
FN:115,(anonymous_11)
FN:119,(anonymous_12)
FN:127,(anonymous_13)
FN:154,(anonymous_14)
FN:176,(anonymous_15)
FN:180,(anonymous_16)
FN:194,(anonymous_17)
FN:204,(anonymous_18)
FN:210,(anonymous_19)
FN:216,(anonymous_20)
FN:231,(anonymous_21)
FN:249,(anonymous_22)
FN:271,(anonymous_23)
FN:275,(anonymous_24)
FN:279,(anonymous_25)
FN:281,(anonymous_26)
FN:283,(anonymous_27)
FN:290,(anonymous_28)
FN:296,(anonymous_29)
FN:302,(anonymous_30)
FN:308,(anonymous_31)
FN:314,(anonymous_32)
FN:343,(anonymous_33)
FN:347,(anonymous_34)
FN:352,(anonymous_35)
FN:382,(anonymous_36)
FN:385,(anonymous_37)
FN:395,(anonymous_38)
FN:399,(anonymous_39)
FN:416,(anonymous_40)
FN:427,(anonymous_41)
FN:459,(anonymous_42)
FN:472,(anonymous_43)
FN:481,(anonymous_44)
FN:485,(anonymous_45)
FN:488,(anonymous_46)
FN:494,(anonymous_47)
FN:498,(anonymous_48)
FN:502,(anonymous_49)
FN:508,(anonymous_50)
FN:530,(anonymous_51)
FN:541,(anonymous_52)
FN:559,(anonymous_53)
FN:574,(anonymous_54)
FN:606,(anonymous_55)
FN:608,(anonymous_56)
FNF:53
FNH:29
FNDA:96,(anonymous_4)
FNDA:62,CreateBusinessProcessesService
FNDA:0,(anonymous_6)
FNDA:5,(anonymous_7)
FNDA:90,(anonymous_8)
FNDA:516,(anonymous_9)
FNDA:5,(anonymous_10)
FNDA:0,(anonymous_11)
FNDA:0,(anonymous_12)
FNDA:101,(anonymous_13)
FNDA:707,(anonymous_14)
FNDA:58,(anonymous_15)
FNDA:0,(anonymous_16)
FNDA:38,(anonymous_17)
FNDA:38,(anonymous_18)
FNDA:60154,(anonymous_19)
FNDA:60154,(anonymous_20)
FNDA:60154,(anonymous_21)
FNDA:0,(anonymous_22)
FNDA:0,(anonymous_23)
FNDA:0,(anonymous_24)
FNDA:0,(anonymous_25)
FNDA:0,(anonymous_26)
FNDA:0,(anonymous_27)
FNDA:34,(anonymous_28)
FNDA:0,(anonymous_29)
FNDA:34,(anonymous_30)
FNDA:3638,(anonymous_31)
FNDA:24412,(anonymous_32)
FNDA:0,(anonymous_33)
FNDA:0,(anonymous_34)
FNDA:0,(anonymous_35)
FNDA:0,(anonymous_36)
FNDA:0,(anonymous_37)
FNDA:0,(anonymous_38)
FNDA:17,(anonymous_39)
FNDA:1476,(anonymous_40)
FNDA:0,(anonymous_41)
FNDA:1476,(anonymous_42)
FNDA:265122,(anonymous_43)
FNDA:1476,(anonymous_44)
FNDA:13,(anonymous_45)
FNDA:1476,(anonymous_46)
FNDA:265122,(anonymous_47)
FNDA:0,(anonymous_48)
FNDA:13,(anonymous_49)
FNDA:19,(anonymous_50)
FNDA:17,(anonymous_51)
FNDA:0,(anonymous_52)
FNDA:0,(anonymous_53)
FNDA:0,(anonymous_54)
FNDA:0,(anonymous_55)
FNDA:0,(anonymous_56)
[...]
DA:92,0
DA:93,0
DA:95,0
DA:96,0
DA:97,0
DA:101,96
DA:104,0
DA:111,96
DA:115,0
DA:122,96
DA:123,0
DA:128,96
DA:129,0
DA:130,0
DA:134,96
DA:135,0
DA:141,96
DA:144,0
DA:145,0
DA:149,96
LF:46
LH:13
BRDA:70,0,0,0
BRDA:70,0,1,0
BRDA:70,1,0,0
BRDA:70,1,1,0
BRDA:80,2,0,0
BRDA:80,2,1,0
BRDA:95,3,0,0
BRDA:95,3,1,0
BRF:8
BRH:0
end_of_record
TN:
SF:src/app/shared/services/data-subjects-recipients/data-subjects-recipients.service.ts
FN:17,(anonymous_2)
FN:24,DataSubjectsRecipientsService
FN:26,(anonymous_4)
FN:33,(anonymous_5)
FN:34,(anonymous_6)
FN:42,(anonymous_7)
FN:48,(anonymous_8)
FN:55,(anonymous_9)
FN:56,(anonymous_10)
FN:64,(anonymous_11)
FN:74,(anonymous_12)
FN:85,(anonymous_13)
FN:96,(anonymous_14)
FNF:13
FNH:12
FNDA:79,(anonymous_2)
FNDA:62,DataSubjectsRecipientsService
FNDA:26,(anonymous_4)
FNDA:23,(anonymous_5)
FNDA:23,(anonymous_6)
FNDA:2,(anonymous_7)
FNDA:26,(anonymous_8)
FNDA:23,(anonymous_9)
FNDA:23,(anonymous_10)
FNDA:18,(anonymous_11)
FNDA:23,(anonymous_12)
FNDA:23,(anonymous_13)
FNDA:0,(anonymous_14)
DA:17,79
DA:24,62
DA:26,79
DA:29,26
DA:30,25
DA:33,23
DA:34,23
DA:38,1
DA:42,79
DA:43,2
DA:44,2
DA:45,2
DA:48,79
DA:51,26
DA:52,25
DA:55,23
DA:56,23
DA:60,1
DA:64,79
DA:65,18
DA:66,18
DA:70,0
DA:74,79
DA:77,23
DA:82,23
DA:85,79
DA:88,23
DA:93,23
DA:96,79
DA:97,0
DA:99,79
LF:31
LH:29
BRDA:29,0,0,25
BRDA:29,0,1,1
BRDA:51,1,0,25
BRDA:51,1,1,1
BRDA:65,2,0,18
BRDA:65,2,1,0
BRF:6
BRH:5
end_of_record
TN:
SF:src/app/shared/services/export/export.service.ts
FN:11,(anonymous_2)
FN:14,ExportService
FN:16,(anonymous_4)
FN:24,(anonymous_5)
FN:27,(anonymous_6)
FNF:5
FNH:1
FNDA:96,(anonymous_2)
FNDA:0,ExportService
FNDA:0,(anonymous_4)
FNDA:0,(anonymous_5)
FNDA:0,(anonymous_6)
DA:11,96
DA:12,96
DA:14,0
DA:16,96
DA:17,0
DA:24,96
DA:27,0
DA:29,0
DA:30,0
DA:36,96
LF:10
LH:5
BRF:0
BRH:0
end_of_record
TN:
SF:src/app/shared/services/feature-flag/feature-flag.service.ts
FN:20,(anonymous_2)
FN:23,FeatureFlagService
FN:27,(anonymous_4)
FN:36,(anonymous_5)
FN:59,(anonymous_6)
FN:62,(anonymous_7)
FN:66,(anonymous_8)
FN:71,(anonymous_9)
FN:73,(anonymous_10)
FN:83,(anonymous_11)
FN:88,(anonymous_12)
FN:93,(anonymous_13)
FN:103,(anonymous_14)
FN:112,(anonymous_15)
FN:113,(anonymous_16)
FN:114,(anonymous_17)
FN:118,(anonymous_18)
FN:124,(anonymous_19)
FN:130,(anonymous_20)
FN:139,(anonymous_21)
FN:141,(anonymous_22)
FN:146,(anonymous_23)
FNF:22
FNH:3
FNDA:96,(anonymous_2)
FNDA:79,FeatureFlagService
FNDA:79,(anonymous_4)
FNDA:0,(anonymous_5)
FNDA:0,(anonymous_6)
FNDA:0,(anonymous_7)
FNDA:0,(anonymous_8)
FNDA:0,(anonymous_9)
FNDA:0,(anonymous_10)
FNDA:0,(anonymous_11)
FNDA:0,(anonymous_12)
FNDA:0,(anonymous_13)
FNDA:0,(anonymous_14)
FNDA:0,(anonymous_15)
FNDA:0,(anonymous_16)
FNDA:0,(anonymous_17)
FNDA:0,(anonymous_18)
FNDA:0,(anonymous_19)
FNDA:0,(anonymous_20)
FNDA:0,(anonymous_21)
FNDA:0,(anonymous_22)
FNDA:0,(anonymous_23)
DA:20,96
DA:23,79
DA:24,79
DA:25,79
DA:27,79
DA:28,79
DA:29,79
DA:30,0
DA:36,96
DA:37,0
DA:56,0
DA:59,96
DA:60,0
DA:61,0
DA:62,0
DA:66,96
DA:67,0
DA:68,0
DA:71,96
DA:72,0
DA:73,0
DA:75,0
DA:76,0
DA:79,0
DA:83,0
DA:84,0
DA:88,0
DA:93,96
DA:98,0
DA:100,0
DA:102,0
DA:103,0
DA:106,0
DA:108,0
DA:111,0
DA:112,0
DA:114,0
DA:115,0
DA:118,0
DA:120,0
DA:124,96
DA:125,0
DA:126,0
DA:129,0
DA:130,0
DA:133,0
DA:134,0
DA:137,0
DA:139,0
DA:141,0
DA:142,0
DA:145,0
DA:146,0
DA:149,96
LF:54
LH:14
BRDA:29,0,0,0
BRDA:29,0,1,79
BRDA:75,1,0,0
BRDA:75,1,1,0
BRDA:79,2,0,0
BRDA:79,2,1,0
BRDA:80,3,0,0
BRDA:80,3,1,0
BRDA:98,4,0,0
BRDA:98,4,1,0
BRDA:98,5,0,0
BRDA:98,5,1,0
BRDA:106,6,0,0
BRDA:106,6,1,0
BRDA:114,7,0,0
BRDA:114,7,1,0
BRDA:120,8,0,0
BRDA:120,8,1,0
BRDA:125,9,0,0
BRDA:125,9,1,0
BRDA:125,10,0,0
BRDA:125,10,1,0
BRDA:133,11,0,0
BRDA:133,11,1,0
BRDA:137,12,0,0
BRDA:137,12,1,0
BRDA:138,13,0,0
BRDA:138,13,1,0
BRF:28
BRH:1
end_of_record
TN:
SF:src/app/shared/services/import/import.service.ts
FN:9,(anonymous_2)
FN:10,ImportService
FN:12,(anonymous_4)
FN:19,(anonymous_5)
FNF:4
FNH:1
FNDA:18,(anonymous_2)
FNDA:0,ImportService
FNDA:0,(anonymous_4)
FNDA:0,(anonymous_5)
DA:9,18
DA:10,0
DA:12,18
DA:13,0
DA:19,18
DA:22,0
DA:30,18
LF:7
LH:4
BRF:0
BRH:0
end_of_record
TN:
SF:src/app/shared/services/it-system/it-system.service.ts
FN:11,(anonymous_2)
FN:12,ItSystemService
FN:17,(anonymous_4)
FN:20,(anonymous_5)
FN:24,(anonymous_6)
FNF:5
FNH:1
FNDA:18,(anonymous_2)
FNDA:0,ItSystemService
FNDA:0,(anonymous_4)
FNDA:0,(anonymous_5)
FNDA:0,(anonymous_6)
DA:11,18
DA:13,0
DA:14,0
DA:17,18
DA:18,0
DA:20,18
DA:21,0
DA:24,0
DA:28,18
LF:9
LH:4
BRF:0
BRH:0
end_of_record
TN:
SF:src/app/shared/services/loading/loading-event.service.ts
FN:7,(anonymous_1)
FN:4,LoadingEventService
FN:10,(anonymous_3)
FN:14,(anonymous_4)
FNF:4
FNH:3
FNDA:96,(anonymous_1)
FNDA:79,LoadingEventService
FNDA:0,(anonymous_3)
FNDA:79,(anonymous_4)
DA:7,96
DA:8,79
DA:10,96
DA:11,0
DA:14,96
DA:15,79
DA:17,96
LF:7
LH:6
BRF:0
BRH:0
end_of_record
TN:
SF:src/app/shared/services/location/location.service.ts
FN:16,(anonymous_4)
FN:22,LocationService
FN:28,(anonymous_6)
FN:32,(anonymous_7)
FN:36,(anonymous_8)
FN:38,(anonymous_9)
FN:39,(anonymous_10)
FN:61,(anonymous_11)
FN:95,(anonymous_12)
FN:99,(anonymous_13)
FN:103,(anonymous_14)
FN:111,(anonymous_15)
FN:113,(anonymous_16)
FN:126,(anonymous_17)
FN:128,(anonymous_18)
FN:136,(anonymous_19)
FN:138,(anonymous_20)
FN:139,(anonymous_21)
FN:149,(anonymous_22)
FN:158,(anonymous_23)
FN:166,(anonymous_24)
FN:167,(anonymous_25)
FN:168,(anonymous_26)
FN:181,(anonymous_27)
FN:187,(anonymous_28)
FN:190,(anonymous_29)
FN:191,(anonymous_30)
FN:194,(anonymous_31)
FN:206,(anonymous_32)
FN:215,(anonymous_33)
FN:220,(anonymous_34)
FNF:31
FNH:26
FNDA:96,(anonymous_4)
FNDA:50,LocationService
FNDA:93,(anonymous_6)
FNDA:7802,(anonymous_7)
FNDA:104,(anonymous_8)
FNDA:936,(anonymous_9)
FNDA:26000,(anonymous_10)
FNDA:138632,(anonymous_11)
FNDA:0,(anonymous_12)
FNDA:0,(anonymous_13)
FNDA:152,(anonymous_14)
FNDA:39,(anonymous_15)
FNDA:111,(anonymous_16)
FNDA:497,(anonymous_17)
FNDA:34057,(anonymous_18)
FNDA:150,(anonymous_19)
FNDA:37500,(anonymous_20)
FNDA:41700,(anonymous_21)
FNDA:37500,(anonymous_22)
FNDA:8400,(anonymous_23)
FNDA:150,(anonymous_24)
FNDA:1350,(anonymous_25)
FNDA:7050,(anonymous_26)
FNDA:11,(anonymous_27)
FNDA:12,(anonymous_28)
FNDA:108,(anonymous_29)
FNDA:3000,(anonymous_30)
FNDA:4749000,(anonymous_31)
FNDA:0,(anonymous_32)
FNDA:0,(anonymous_33)
FNDA:0,(anonymous_34)
DA:16,96
DA:17,50
DA:18,50
DA:19,50
DA:20,50
DA:22,50
DA:23,50
DA:24,50
DA:25,50
DA:28,96
DA:29,93
DA:32,96
DA:33,7802
DA:36,96
DA:37,104
DA:38,104
DA:39,936
DA:40,26000
DA:60,26000
DA:61,26000
DA:62,138632
DA:92,104
DA:95,96
DA:96,0
DA:99,96
DA:100,0
DA:103,152
DA:104,304
DA:105,304
DA:107,152
DA:111,39
DA:113,152
DA:114,111
DA:115,111
DA:119,152
DA:123,152
DA:126,96
DA:127,497
DA:128,34057
DA:130,497
DA:131,497
DA:133,0
DA:136,96
DA:137,150
DA:138,37500
DA:139,41700
DA:142,150
DA:149,96
DA:150,37500
DA:152,0
DA:155,33300
DA:158,8400
DA:161,0
DA:162,0
DA:166,96
DA:167,1350
DA:168,7050
DA:170,1350
DA:175,1350
DA:181,96
DA:183,11
DA:184,0
DA:186,11
DA:187,11
DA:188,12
DA:190,12
DA:191,108
DA:192,3000
DA:195,4749000
DA:196,4749000
DA:198,0
DA:201,3000
DA:202,3000
DA:204,3000
DA:205,0
DA:206,0
DA:212,11
DA:215,96
DA:216,0
DA:220,0
DA:224,0
DA:228,96
LF:82
LH:69
BRDA:60,0,0,26000
BRDA:60,0,1,0
BRDA:104,1,0,152
BRDA:104,1,1,0
BRDA:105,2,0,152
BRDA:105,2,1,0
BRDA:120,3,0,41
BRDA:120,3,1,111
BRDA:119,4,0,152
BRDA:119,4,1,111
BRDA:130,5,0,497
BRDA:130,5,1,0
BRDA:151,6,0,0
BRDA:151,6,1,33300
BRDA:151,6,2,4200
BRDA:151,6,3,0
BRDA:176,7,0,1350
BRDA:176,7,1,0
BRDA:181,8,0,0
BRDA:181,8,1,11
BRDA:183,9,0,0
BRDA:183,9,1,11
BRDA:188,10,0,12
BRDA:188,10,1,0
BRDA:188,11,0,12
BRDA:188,11,1,12
BRDA:195,12,0,4749000
BRDA:195,12,1,0
BRDA:195,13,0,4749000
BRDA:195,13,1,4749000
BRDA:198,14,0,0
BRDA:198,14,1,0
BRDA:204,15,0,0
BRDA:204,15,1,3000
BRDA:225,16,0,0
BRDA:225,16,1,0
BRF:36
BRH:20
end_of_record
TN:
SF:src/app/shared/services/navigation/navigation-event.service.ts
FN:7,(anonymous_1)
FN:4,NavigationEventService
FN:13,(anonymous_3)
FNF:3
FNH:3
FNDA:79,(anonymous_1)
FNDA:2,NavigationEventService
FNDA:2,(anonymous_3)
DA:7,79
DA:9,2
DA:11,2
DA:13,79
DA:14,2
DA:16,79
LF:6
LH:6
BRF:0
BRH:0
end_of_record
TN:
SF:src/app/shared/services/notification/notification.service.ts
FN:7,(anonymous_1)
FN:4,NotificationService
FN:10,(anonymous_3)
FN:14,(anonymous_4)
FNF:4
FNH:2
FNDA:18,(anonymous_1)
FNDA:1,NotificationService
FNDA:0,(anonymous_3)
FNDA:0,(anonymous_4)
DA:7,18
DA:8,1
DA:10,18
DA:11,0
DA:14,18
DA:15,0
DA:17,18
LF:7
LH:5
BRF:0
BRH:0
end_of_record
TN:
SF:src/app/shared/services/processing-purpose-categories/processing-purpose-categories.service.ts
FN:16,(anonymous_2)
FN:26,ProcessingPurposeCategoriesService
FN:28,(anonymous_4)
FN:40,(anonymous_5)
FN:49,(anonymous_6)
FN:87,(anonymous_7)
FN:93,(anonymous_8)
FN:98,(anonymous_9)
FN:140,(anonymous_10)
FN:156,(anonymous_11)
FN:160,(anonymous_12)
FN:172,(anonymous_13)
FNF:12
FNH:1
FNDA:96,(anonymous_2)
FNDA:0,ProcessingPurposeCategoriesService
FNDA:0,(anonymous_4)
FNDA:0,(anonymous_5)
FNDA:0,(anonymous_6)
FNDA:0,(anonymous_7)
FNDA:0,(anonymous_8)
FNDA:0,(anonymous_9)
FNDA:0,(anonymous_10)
FNDA:0,(anonymous_11)
FNDA:0,(anonymous_12)
FNDA:0,(anonymous_13)
DA:16,96
DA:17,96
DA:26,0
DA:28,96
DA:31,0
DA:34,0
DA:40,96
DA:43,0
DA:49,96
DA:54,0
DA:57,0
DA:60,0
DA:65,0
DA:67,0
DA:69,0
DA:71,0
DA:73,0
DA:82,0
DA:87,96
DA:90,0
DA:93,0
DA:98,96
DA:105,0
DA:106,0
DA:107,0
DA:108,0
DA:110,0
DA:119,0
DA:122,0
DA:123,0
DA:125,0
DA:128,0
DA:131,0
DA:133,0
DA:140,96
DA:142,0
DA:144,0
DA:148,0
DA:156,96
DA:159,0
DA:160,0
DA:163,0
DA:172,96
DA:175,0
DA:177,96
LF:45
LH:11
BRDA:54,0,0,0
BRDA:54,0,1,0
BRDA:57,1,0,0
BRDA:57,1,1,0
BRDA:61,2,0,0
BRDA:61,2,1,0
BRDA:60,3,0,0
BRDA:60,3,1,0
BRDA:65,4,0,0
BRDA:65,4,1,0
BRDA:65,5,0,0
BRDA:65,5,1,0
BRDA:67,6,0,0
BRDA:67,6,1,0
BRDA:67,7,0,0
BRDA:67,7,1,0
BRDA:69,8,0,0
BRDA:69,8,1,0
BRDA:69,9,0,0
BRDA:69,9,1,0
BRDA:71,10,0,0
BRDA:71,10,1,0
BRDA:71,11,0,0
BRDA:71,11,1,0
BRDA:105,12,0,0
BRDA:105,12,1,0
BRDA:106,13,0,0
BRDA:106,13,1,0
BRDA:107,14,0,0
BRDA:107,14,1,0
BRDA:108,15,0,0
BRDA:108,15,1,0
BRDA:122,16,0,0
BRDA:122,16,1,0
BRDA:123,17,0,0
BRDA:123,17,1,0
BRDA:126,18,0,0
BRDA:126,18,1,0
BRDA:142,19,0,0
BRDA:142,19,1,0
BRF:40
BRH:0
end_of_record
TN:
SF:src/app/shared/services/processing-purposes/processing-purposes.service.ts
FN:22,(anonymous_4)
FN:23,ProcessingPurposesService
FN:25,(anonymous_6)
FN:35,(anonymous_7)
FN:43,(anonymous_8)
FN:53,(anonymous_9)
FN:55,(anonymous_10)
FN:63,(anonymous_11)
FN:65,(anonymous_12)
FN:67,(anonymous_13)
FN:77,(anonymous_14)
FN:87,(anonymous_15)
FN:94,(anonymous_16)
FN:102,(anonymous_17)
FN:112,(anonymous_18)
FN:123,(anonymous_19)
FN:129,(anonymous_20)
FN:131,(anonymous_21)
FN:135,(anonymous_22)
FN:144,(anonymous_23)
FN:148,(anonymous_24)
FNF:21
FNH:11
FNDA:96,(anonymous_4)
FNDA:25,ProcessingPurposesService
FNDA:68,(anonymous_6)
FNDA:0,(anonymous_7)
FNDA:64,(anonymous_8)
FNDA:704,(anonymous_9)
FNDA:14784,(anonymous_10)
FNDA:704,(anonymous_11)
FNDA:14784,(anonymous_12)
FNDA:14784,(anonymous_13)
FNDA:0,(anonymous_14)
FNDA:49,(anonymous_15)
FNDA:539,(anonymous_16)
FNDA:0,(anonymous_17)
FNDA:0,(anonymous_18)
FNDA:0,(anonymous_19)
FNDA:0,(anonymous_20)
FNDA:0,(anonymous_21)
FNDA:0,(anonymous_22)
FNDA:0,(anonymous_23)
FNDA:0,(anonymous_24)
DA:22,96
DA:23,25
DA:25,96
DA:28,68
DA:35,96
DA:38,0
DA:43,96
DA:46,64
DA:48,64
DA:53,704
DA:55,14784
DA:62,64
DA:63,64
DA:64,704
DA:65,14784
DA:67,14784
DA:68,704
DA:69,704
DA:70,704
DA:74,64
DA:77,96
DA:78,0
DA:79,0
DA:81,0
DA:84,0
DA:87,96
DA:93,49
DA:94,539
DA:96,49
DA:97,0
DA:98,0
DA:102,96
DA:105,0
DA:112,96
DA:116,0
DA:123,96
DA:124,0
DA:129,96
DA:130,0
DA:131,0
DA:135,96
DA:138,0
DA:144,96
DA:147,0
DA:148,0
DA:151,96
LF:46
LH:31
BRDA:68,0,0,704
BRDA:68,0,1,0
BRDA:68,1,0,704
BRDA:68,1,1,704
BRDA:78,2,0,0
BRDA:78,2,1,0
BRDA:96,3,0,0
BRDA:96,3,1,49
BRF:8
BRH:4
end_of_record
TN:
SF:src/app/shared/services/record-datagrid-pagination/datagrid-pagination.service.ts
FN:12,(anonymous_2)
FN:28,DatagridPaginationService
FN:30,(anonymous_4)
FN:35,(anonymous_5)
FN:40,(anonymous_6)
FNF:5
FNH:1
FNDA:96,(anonymous_2)
FNDA:0,DatagridPaginationService
FNDA:0,(anonymous_4)
FNDA:0,(anonymous_5)
FNDA:0,(anonymous_6)
DA:12,96
DA:13,0
DA:19,0
DA:22,0
DA:26,0
DA:30,96
DA:31,0
DA:32,0
DA:35,96
DA:36,0
DA:37,0
DA:40,96
DA:41,0
DA:42,0
DA:44,96
LF:15
LH:5
BRF:0
BRH:0
end_of_record
TN:
SF:src/app/shared/services/record-listing/datagrid-header.service.ts
FN:17,(anonymous_2)
FN:26,DatagridHeaderService
FN:31,(anonymous_4)
FN:43,(anonymous_5)
FN:50,(anonymous_6)
FN:52,(anonymous_7)
FN:55,(anonymous_8)
FN:59,(anonymous_9)
FN:63,(anonymous_10)
FN:67,(anonymous_11)
FN:71,(anonymous_12)
FN:75,(anonymous_13)
FN:79,(anonymous_14)
FNF:13
FNH:1
FNDA:96,(anonymous_2)
FNDA:0,DatagridHeaderService
FNDA:0,(anonymous_4)
FNDA:0,(anonymous_5)
FNDA:0,(anonymous_6)
FNDA:0,(anonymous_7)
FNDA:0,(anonymous_8)
FNDA:0,(anonymous_9)
FNDA:0,(anonymous_10)
FNDA:0,(anonymous_11)
FNDA:0,(anonymous_12)
FNDA:0,(anonymous_13)
FNDA:0,(anonymous_14)
DA:17,96
DA:21,0
DA:26,0
DA:27,0
DA:28,0
DA:31,96
DA:32,0
DA:33,0
DA:37,0
DA:38,0
DA:40,0
DA:43,96
DA:44,0
DA:50,96
DA:51,0
DA:53,0
DA:55,0
DA:59,96
DA:60,0
DA:63,96
DA:64,0
DA:67,96
DA:68,0
DA:71,96
DA:72,0
DA:75,96
DA:76,0
DA:79,96
DA:80,0
DA:82,96
LF:30
LH:11
BRDA:32,0,0,0
BRDA:32,0,1,0
BRF:2
BRH:0
end_of_record
TN:
SF:src/app/shared/services/record-listing/datatable.service.ts
FN:16,(anonymous_2)
FN:29,DatatableService
FN:39,(anonymous_4)
FN:43,(anonymous_5)
FN:46,(anonymous_6)
FN:56,(anonymous_7)
FN:62,(anonymous_8)
FN:68,(anonymous_9)
FN:79,(anonymous_10)
FN:83,(anonymous_11)
FN:87,(anonymous_12)
FN:91,(anonymous_13)
FNF:12
FNH:1
FNDA:96,(anonymous_2)
FNDA:0,DatatableService
FNDA:0,(anonymous_4)
FNDA:0,(anonymous_5)
FNDA:0,(anonymous_6)
FNDA:0,(anonymous_7)
FNDA:0,(anonymous_8)
FNDA:0,(anonymous_9)
FNDA:0,(anonymous_10)
FNDA:0,(anonymous_11)
FNDA:0,(anonymous_12)
FNDA:0,(anonymous_13)
DA:16,96
DA:17,0
DA:19,0
DA:20,0
DA:23,0
DA:24,0
DA:30,0
DA:31,0
DA:33,0
DA:34,0
DA:35,0
DA:36,0
DA:39,96
DA:40,0
DA:43,96
DA:44,0
DA:47,0
DA:48,0
DA:56,96
DA:57,0
DA:58,0
DA:62,96
DA:63,0
DA:64,0
DA:68,96
DA:69,0
DA:70,0
DA:74,0
DA:75,0
DA:79,96
DA:80,0
DA:83,96
DA:84,0
DA:87,96
DA:88,0
DA:91,96
DA:92,0
DA:94,96
LF:38
LH:11
BRDA:57,0,0,0
BRDA:57,0,1,0
BRDA:63,1,0,0
BRDA:63,1,1,0
BRDA:69,2,0,0
BRDA:69,2,1,0
BRF:6
BRH:0
end_of_record
TN:
SF:src/app/shared/services/record-listing/record-listing.service.ts
FN:11,(anonymous_2)
FN:16,RecordListingService
FN:18,(anonymous_4)
FN:22,(anonymous_5)
FN:33,(anonymous_6)
FN:39,(anonymous_7)
FNF:6
FNH:1
FNDA:96,(anonymous_2)
FNDA:0,RecordListingService
FNDA:0,(anonymous_4)
FNDA:0,(anonymous_5)
FNDA:0,(anonymous_6)
FNDA:0,(anonymous_7)
DA:11,96
DA:12,0
DA:14,0
DA:16,0
DA:18,96
DA:19,0
DA:22,96
DA:23,0
DA:25,0
DA:33,96
DA:34,0
DA:39,96
DA:40,0
DA:42,96
LF:14
LH:6
BRDA:23,0,0,0
BRDA:23,0,1,0
BRF:2
BRH:0
end_of_record
TN:
SF:src/app/shared/services/report-download/report-download.service.ts
FN:7,(anonymous_2)
FN:11,ReportDownloadService
FN:13,(anonymous_4)
FN:18,(anonymous_5)
FN:23,(anonymous_6)
FN:32,(anonymous_7)
FN:33,(anonymous_8)
FNF:7
FNH:1
FNDA:96,(anonymous_2)
FNDA:0,ReportDownloadService
FNDA:0,(anonymous_4)
FNDA:0,(anonymous_5)
FNDA:0,(anonymous_6)
FNDA:0,(anonymous_7)
FNDA:0,(anonymous_8)
DA:7,96
DA:8,0
DA:9,0
DA:10,0
DA:11,0
DA:13,96
DA:14,0
DA:15,0
DA:18,96
DA:19,0
DA:20,0
DA:23,96
DA:24,0
DA:32,96
DA:33,0
DA:35,96
LF:16
LH:6
BRF:0
BRH:0
end_of_record
TN:
SF:src/app/shared/services/third-party/third-party.service.ts
FN:11,(anonymous_2)
FN:12,ThirdPartyService
FN:17,(anonymous_4)
FN:20,(anonymous_5)
FN:24,(anonymous_6)
FNF:5
FNH:1
FNDA:18,(anonymous_2)
FNDA:0,ThirdPartyService
FNDA:0,(anonymous_4)
FNDA:0,(anonymous_5)
FNDA:0,(anonymous_6)
DA:11,18
DA:13,0
DA:14,0
DA:17,18
DA:18,0
DA:20,18
DA:21,0
DA:24,0
DA:28,18
LF:9
LH:4
BRF:0
BRH:0
end_of_record
TN:
SF:src/app/shared/services/user/user.service.ts
FN:11,(anonymous_2)
FN:12,UserService
FN:18,(anonymous_4)
FN:36,(anonymous_5)
FN:39,(anonymous_6)
FNF:5
FNH:3
FNDA:96,(anonymous_2)
FNDA:5,UserService
FNDA:0,(anonymous_4)
FNDA:0,(anonymous_5)
FNDA:4,(anonymous_6)
DA:11,96
DA:12,5
DA:18,96
DA:20,0
DA:23,0
DA:24,0
DA:26,0
DA:28,0
DA:29,0
DA:30,0
DA:31,0
DA:34,0
DA:36,0
DA:39,96
DA:40,4
DA:43,4
DA:44,4
DA:46,4
DA:48,4
DA:49,0
DA:50,0
DA:51,0
DA:53,4
DA:55,96
LF:24
LH:11
BRDA:28,0,0,0
BRDA:28,0,1,0
BRDA:28,1,0,0
BRDA:28,1,1,0
BRDA:48,2,0,0
BRDA:48,2,1,4
BRDA:48,3,0,4
BRDA:48,3,1,0
BRF:8
BRH:2
end_of_record
TN:
SF:src/app/shared/services/user-role-controller/user-role-controller.service.ts
FN:9,(anonymous_2)
FN:20,UserRoleControllerService
FN:12,(anonymous_4)
FN:16,(anonymous_5)
FN:22,(anonymous_6)
FN:28,(anonymous_7)
FN:32,(anonymous_8)
FNF:7
FNH:6
FNDA:96,(anonymous_2)
FNDA:79,UserRoleControllerService
FNDA:114,(anonymous_4)
FNDA:79,(anonymous_5)
FNDA:79,(anonymous_6)
FNDA:79,(anonymous_7)
FNDA:0,(anonymous_8)
DA:9,96
DA:12,96
DA:13,114
DA:16,96
DA:17,79
DA:20,79
DA:22,96
DA:23,79
DA:28,96
DA:29,79
DA:32,96
DA:33,0
DA:35,96
LF:13
LH:12
BRF:0
BRH:0
end_of_record
TN:
SF:src/app/shared/utils/basic-utils.ts
FN:8,isNullOrUndefined
FN:12,exists
FN:16,defaultTo
FN:20,toCaptalizedCase
FN:24,danishToEnglishgetString
FN:31,sortDanishStringArray
FN:32,(anonymous_6)
FN:45,formatCategoryLabel
FN:50,highlightText
FN:64,(anonymous_9)
FN:76,isIdParameterInvalid
FN:81,(anonymous_11)
FN:91,downloadReturnedFile
FNF:13
FNH:7
FNDA:1287330,isNullOrUndefined
FNDA:1082143,exists
FNDA:204601,defaultTo
FNDA:0,toCaptalizedCase
FNDA:0,danishToEnglishgetString
FNDA:0,sortDanishStringArray
FNDA:0,(anonymous_6)
FNDA:980,formatCategoryLabel
FNDA:618970,highlightText
FNDA:27910,(anonymous_9)
FNDA:524,isIdParameterInvalid
FNDA:0,(anonymous_11)
FNDA:0,downloadReturnedFile
DA:6,96
DA:9,1287330
DA:13,1082143
DA:17,204601
DA:21,0
DA:25,0
DA:31,0
DA:32,0
DA:33,0
DA:36,0
DA:40,0
DA:42,0
DA:47,980
DA:52,618970
DA:53,519454
DA:56,99516
DA:58,99516
DA:59,71626
DA:62,27890
DA:64,27890
DA:65,27910
DA:67,27910
DA:73,27890
DA:77,524
DA:78,0
DA:81,524
DA:85,0
DA:88,524
DA:92,0
DA:93,0
DA:94,0
DA:95,0
DA:96,0
DA:99,0
DA:100,0
DA:102,0
DA:103,0
DA:104,0
DA:105,0
DA:106,0
DA:108,0
LF:41
LH:18
BRDA:9,0,0,1287330
BRDA:9,0,1,1167012
BRDA:17,1,0,138274
BRDA:17,1,1,66327
BRDA:31,2,0,0
BRDA:31,2,1,0
BRDA:34,3,0,0
BRDA:34,3,1,0
BRDA:37,4,0,0
BRDA:37,4,1,0
BRDA:52,5,0,519454
BRDA:52,5,1,99516
BRDA:52,6,0,618970
BRDA:52,6,1,131492
BRDA:58,7,0,71626
BRDA:58,7,1,27890
BRDA:58,8,0,99516
BRDA:58,8,1,27890
BRDA:77,9,0,0
BRDA:77,9,1,524
BRDA:77,10,0,524
BRDA:77,10,1,524
BRDA:99,11,0,0
BRDA:99,11,1,0
BRF:24
BRH:15
end_of_record
TN:
SF:src/app/shared/utils/datetime-utils.ts
FN:1,getDateFromProperties
FNF:1
FNH:0
FNDA:0,getDateFromProperties
DA:2,0
LF:1
LH:0
BRF:0
BRH:0
end_of_record
TN:
SF:src/app/shared/utils/error-utils.ts
FN:1,getErrorMessageNoPermissionsToViewRecord
FNF:1
FNH:0
FNDA:0,getErrorMessageNoPermissionsToViewRecord
DA:3,0
LF:1
LH:0
BRF:0
BRH:0
end_of_record
TN:
SF:src/app/shared/utils/form-utils.ts
FN:18,noWhitespaceValidator
FN:31,setFormArrayControls
FN:38,(anonymous_2)
FN:55,createFormGroup
FN:60,(anonymous_4)
FNF:5
FNH:2
FNDA:544,noWhitespaceValidator
FNDA:15,setFormArrayControls
FNDA:0,(anonymous_2)
FNDA:0,createFormGroup
FNDA:0,(anonymous_4)
DA:11,96
DA:19,544
DA:20,544
DA:21,544
DA:35,15
DA:36,0
DA:38,15
DA:59,0
DA:60,0
DA:61,0
DA:62,0
LF:11
LH:6
BRDA:19,0,0,544
BRDA:19,0,1,22
BRDA:21,1,0,522
BRDA:21,1,1,22
BRF:4
BRH:4
end_of_record
TN:
SF:src/app/shared/utils/route-utils.ts
FN:10,getRouteParamObservable
FN:15,(anonymous_1)
FNF:2
FNH:2
FNDA:125,getRouteParamObservable
FNDA:125,(anonymous_1)
DA:14,125
DA:16,125
LF:2
LH:2
BRF:0
BRH:0
end_of_record
TN:
SF:src/app/shared/utils/rxjs-utils.ts
FN:13,multicastInProgressState
FN:20,(anonymous_1)
FN:21,(anonymous_2)
FN:35,createPipeFromArray
FNF:4
FNH:3
FNDA:105,multicastInProgressState
FNDA:96,(anonymous_1)
FNDA:0,(anonymous_2)
FNDA:6,createPipeFromArray
DA:17,105
DA:19,105
DA:20,96
DA:22,0
DA:23,0
DA:38,6
LF:6
LH:4
BRF:0
BRH:0
end_of_record
TN:
SF:src/environments/environment.ts
FNF:0
FNH:0
DA:5,96
LF:1
LH:1
BRF:0
BRH:0
end_of_record
